[13:49:28] [INFO] [main] 토큰 발급 중...
[13:49:29] [INFO] [main] 기존 보유 종목 포지션 복원 중...
[13:49:30] [INFO] [monitor] [삼성전자(005930)] 포지션 등록 | 매입가: 216,000원 | 안전손절: 209,520원(-3.0%) | 익절가: 226,800원(+5.0%) | MA20 손절 활성화: True
[13:49:30] [INFO] [monitor] [삼성전자] 기존 보유 종목 포지션 복원
[13:49:30] [INFO] [monitor] [KODEX 레버리지(122630)] 포지션 등록 | 매입가: 108,918원 | 안전손절: 105,650원(-3.0%) | 익절가: 114,363원(+5.0%) | MA20 손절 활성화: True
[13:49:30] [INFO] [monitor] [KODEX 레버리지] 기존 보유 종목 포지션 복원
[13:49:30] [INFO] [monitor] [TIGER 반도체TOP10(396500)] 포지션 등록 | 매입가: 33,412원 | 안전손절: 32,409원(-3.0%) | 익절가: 35,082원(+5.0%) | MA20 손절 활성화: True
[13:49:30] [INFO] [monitor] [TIGER 반도체TOP10] 기존 보유 종목 포지션 복원
[13:49:31] [WARNING] [chart] [005930] 데이터 부족 (0개)
[13:49:33] [WARNING] [chart] [122630] 데이터 부족 (0개)
[13:49:34] [WARNING] [chart] [396500] 데이터 부족 (0개)
[13:49:34] [INFO] [strategy] 🔍 조건 검색 전략 시작
[13:49:34] [INFO] [monitor] 📡 포지션 모니터링 시작
[13:49:34] [INFO] [main] ✅ 자동매매 시작! (종료: Ctrl+C)
[13:49:34] [DEBUG] [monitor] [삼성전자] 현재가: 217,000원 | 수익률: +0.46% | 체결강도: 100.0%
[13:49:35] [WARNING] [chart] [005930] 데이터 부족 (0개)
[13:49:36] [DEBUG] [monitor] [KODEX 레버리지] 현재가: 112,050원 | 수익률: +2.88% | 체결강도: 100.0%
[13:49:36] [WARNING] [chart] [122630] 데이터 부족 (0개)
[13:49:37] [DEBUG] [monitor] [TIGER 반도체TOP10] 현재가: 35,675원 | 수익률: +6.77% | 체결강도: 100.0%
[13:49:37] [INFO] [monitor] [TIGER 반도체TOP10] 🟢 익절 발동! 35,675원 (+6.77%)
[13:49:38] [INFO] [order] [396500] ✅ 매도 성공 | 198주 시장가 | 주문번호: 0000019851
[13:49:38] [INFO] [monitor] [TIGER 반도체TOP10] ✅ 익절 매도 완료 | 주문번호: 0000019851
[13:49:38] [INFO] [monitor] [TIGER 반도체TOP10(396500)] 포지션 제거
[13:49:43] [DEBUG] [monitor] [삼성전자] 현재가: 217,250원 | 수익률: +0.58% | 체결강도: 100.0%
[13:49:44] [WARNING] [chart] [005930] 데이터 부족 (0개)
[13:49:44] [DEBUG] [monitor] [KODEX 레버리지] 현재가: 112,110원 | 수익률: +2.93% | 체결강도: 100.0%
[13:49:45] [WARNING] [chart] [122630] 데이터 부족 (0개)
[13:49:51] [DEBUG] [monitor] [삼성전자] 현재가: 217,000원 | 수익률: +0.46% | 체결강도: 100.0%
[13:49:51] [WARNING] [chart] [005930] 데이터 부족 (0개)
[13:49:52] [DEBUG] [monitor] [KODEX 레버리지] 현재가: 112,060원 | 수익률: +2.88% | 체결강도: 100.0%
[13:49:53] [WARNING] [chart] [122630] 데이터 부족 (0개)
[13:49:59] [DEBUG] [monitor] [삼성전자] 현재가: 217,000원 | 수익률: +0.46% | 체결강도: 100.0%
[13:50:00] [WARNING] [chart] [005930] 데이터 부족 (0개)
[13:50:00] [DEBUG] [monitor] [KODEX 레버리지] 현재가: 112,095원 | 수익률: +2.92% | 체결강도: 100.0%
[13:50:01] [WARNING] [chart] [122630] 데이터 부족 (0개)
[13:50:05] [INFO] [price] 거래량 순위 조회 완료: 9개 종목 (등락률 필터 후)
[13:50:06] [WARNING] [chart] [005930] 데이터 부족 (0개)
[13:50:07] [ERROR] [chart] [004060] 분봉 조회 오류: 500 Server Error: Internal Server Error for url: https://openapivts.koreainvestment.com:29443/uapi/domestic-stock/v1/quotations/inquire-time-itemchartprice?fid_etc_cls_code=&fid_cond_mrkt_div_code=J&fid_input_iscd=004060&fid_input_hour_1=1&fid_pw_data_incu_yn=N
[13:50:07] [DEBUG] [monitor] [삼성전자] 현재가: 217,000원 | 수익률: +0.46% | 체결강도: 100.0%
[13:50:08] [DEBUG] [strategy] [SG세계물산] 탈락: 전일거래대금부족(456억), 시가총액미달(1,379억), 매수세약(0.0%)
[13:50:09] [WARNING] [chart] [122630] 데이터 부족 (0개)
[13:50:09] [WARNING] [chart] [005930] 데이터 부족 (0개)
[13:50:09] [DEBUG] [monitor] [KODEX 레버리지] 현재가: 112,080원 | 수익률: +2.90% | 체결강도: 100.0%
[13:50:10] [WARNING] [chart] [122630] 데이터 부족 (0개)
[13:50:11] [DEBUG] [strategy] [KODEX 2차전지산업레버리지] 탈락: 매수세약(0.0%)
[13:50:14] [DEBUG] [strategy] [대원전선] 탈락: 매수세약(0.0%)
[13:50:16] [DEBUG] [monitor] [삼성전자] 현재가: 217,000원 | 수익률: +0.46% | 체결강도: 100.0%
[13:50:17] [DEBUG] [strategy] [신성이엔지] 탈락: 매수세약(0.0%)
[13:50:17] [WARNING] [chart] [005930] 데이터 부족 (0개)
[13:50:18] [DEBUG] [monitor] [KODEX 레버리지] 현재가: 112,120원 | 수익률: +2.94% | 체결강도: 100.0%
[13:50:19] [WARNING] [chart] [122630] 데이터 부족 (0개)
[13:50:20] [ERROR] [price] [900300] 호가 조회 오류: 500 Server Error: Internal Server Error for url: https://openapivts.koreainvestment.com:29443/uapi/domestic-stock/v1/quotations/inquire-asking-price-exp-ccn?fid_cond_mrkt_div_code=J&fid_input_iscd=900300
[13:50:20] [DEBUG] [strategy] [오가닉티코스메틱] 탈락: 전일거래대금부족(47억), 시가총액미달(319억)
[13:50:22] [DEBUG] [strategy] [현대ADM] 탈락: 매수세약(0.0%)
[13:50:24] [DEBUG] [strategy] [모베이스전자] 탈락: 매수세약(0.0%)
[13:50:24] [DEBUG] [monitor] [삼성전자] 현재가: 217,000원 | 수익률: +0.46% | 체결강도: 100.0%
[13:50:25] [WARNING] [chart] [005930] 데이터 부족 (0개)
[13:50:26] [DEBUG] [monitor] [KODEX 레버리지] 현재가: 112,075원 | 수익률: +2.90% | 체결강도: 100.0%
[13:50:27] [WARNING] [chart] [122630] 데이터 부족 (0개)
[13:50:27] [DEBUG] [strategy] [코데즈컴바인] 탈락: 시가총액미달(2,051억), 매수세약(0.0%)
[13:50:29] [DEBUG] [strategy] [대주산업] 탈락: 시가총액미달(1,462억), 매수세약(0.0%)
[13:50:29] [INFO] [strategy] 조건 검색: 9개 → 필터 후 0개 후보
[13:50:29] [INFO] [strategy] 매수 후보 없음
[13:50:32] [DEBUG] [monitor] [삼성전자] 현재가: 217,000원 | 수익률: +0.46% | 체결강도: 100.0%
[13:50:33] [WARNING] [chart] [005930] 데이터 부족 (0개)
[13:50:34] [DEBUG] [monitor] [KODEX 레버리지] 현재가: 112,150원 | 수익률: +2.97% | 체결강도: 100.0%
[13:50:34] [WARNING] [chart] [122630] 데이터 부족 (0개)
[13:50:40] [DEBUG] [monitor] [삼성전자] 현재가: 217,000원 | 수익률: +0.46% | 체결강도: 100.0%
[13:50:41] [WARNING] [chart] [005930] 데이터 부족 (0개)
[13:50:41] [DEBUG] [monitor] [KODEX 레버리지] 현재가: 112,150원 | 수익률: +2.97% | 체결강도: 100.0%
[13:50:42] [WARNING] [chart] [122630] 데이터 부족 (0개)
[13:50:48] [DEBUG] [monitor] [삼성전자] 현재가: 217,250원 | 수익률: +0.58% | 체결강도: 100.0%
[13:50:48] [WARNING] [chart] [005930] 데이터 부족 (0개)
[13:50:49] [DEBUG] [monitor] [KODEX 레버리지] 현재가: 112,160원 | 수익률: +2.98% | 체결강도: 100.0%
[13:50:50] [WARNING] [chart] [122630] 데이터 부족 (0개)
[13:50:55] [DEBUG] [monitor] [삼성전자] 현재가: 217,500원 | 수익률: +0.69% | 체결강도: 100.0%
[13:50:56] [WARNING] [chart] [005930] 데이터 부족 (0개)
[13:50:56] [DEBUG] [monitor] [KODEX 레버리지] 현재가: 112,170원 | 수익률: +2.99% | 체결강도: 100.0%
[13:50:57] [WARNING] [chart] [122630] 데이터 부족 (0개)
[13:51:00] [INFO] [price] 거래량 순위 조회 완료: 8개 종목 (등락률 필터 후)
[13:51:02] [DEBUG] [strategy] [SG세계물산] 탈락: 전일거래대금부족(456억), 시가총액미달(1,383억), 매수세약(0.0%)
[13:51:03] [DEBUG] [monitor] [삼성전자] 현재가: 217,000원 | 수익률: +0.46% | 체결강도: 100.0%
[13:51:04] [WARNING] [chart] [005930] 데이터 부족 (0개)
[13:51:04] [ERROR] [price] [122630] 현재가 조회 오류: 500 Server Error: Internal Server Error for url: https://openapivts.koreainvestment.com:29443/uapi/domestic-stock/v1/quotations/inquire-price?fid_cond_mrkt_div_code=J&fid_input_iscd=122630
[13:51:05] [ERROR] [price] [462330] 호가 조회 오류: 500 Server Error: Internal Server Error for url: https://openapivts.koreainvestment.com:29443/uapi/domestic-stock/v1/quotations/inquire-asking-price-exp-ccn?fid_cond_mrkt_div_code=J&fid_input_iscd=462330
[13:51:05] [INFO] [strategy] [KODEX 2차전지산업레버리지] ✅ 조건 통과: 등락률정상(4.5%), 전일거래대금(1,106억), 거래량급증(확인불가-통과), 52주신고가(확인불가-통과), 시가총액(9,087억), 호가비율(확인불가-통과)
[13:51:07] [DEBUG] [strategy] [대원전선] 탈락: 매수세약(0.0%)
[13:51:09] [DEBUG] [strategy] [신성이엔지] 탈락: 매수세약(0.0%)
[13:51:10] [DEBUG] [monitor] [삼성전자] 현재가: 217,000원 | 수익률: +0.46% | 체결강도: 100.0%
[13:51:11] [WARNING] [chart] [005930] 데이터 부족 (0개)
[13:51:12] [DEBUG] [strategy] [오가닉티코스메틱] 탈락: 전일거래대금부족(47억), 시가총액미달(319억), 매수세약(0.0%)
[13:51:12] [DEBUG] [monitor] [KODEX 레버리지] 현재가: 112,150원 | 수익률: +2.97% | 체결강도: 100.0%
[13:51:13] [ERROR] [chart] [122630] 분봉 조회 오류: 500 Server Error: Internal Server Error for url: https://openapivts.koreainvestment.com:29443/uapi/domestic-stock/v1/quotations/inquire-time-itemchartprice?fid_etc_cls_code=&fid_cond_mrkt_div_code=J&fid_input_iscd=122630&fid_input_hour_1=1&fid_pw_data_incu_yn=N
[13:51:13] [WARNING] [chart] [122630] 데이터 부족 (0개)
[13:51:14] [DEBUG] [strategy] [현대ADM] 탈락: 매수세약(0.0%)
[13:51:16] [DEBUG] [strategy] [코데즈컴바인] 탈락: 시가총액미달(2,059억), 매수세약(0.0%)
[13:51:18] [DEBUG] [monitor] [삼성전자] 현재가: 217,000원 | 수익률: +0.46% | 체결강도: 100.0%
[13:51:19] [DEBUG] [strategy] [대주산업] 탈락: 시가총액미달(1,458억), 매수세약(0.0%)
[13:51:19] [INFO] [strategy] 조건 검색: 8개 → 필터 후 1개 후보
[13:51:20] [WARNING] [chart] [005930] 데이터 부족 (0개)
[13:51:20] [INFO] [strategy] [KODEX 2차전지산업레버리지(462330)] 매수 시도 | 1354주 × 2,460원
[13:51:20] [DEBUG] [monitor] [KODEX 레버리지] 현재가: 112,090원 | 수익률: +2.91% | 체결강도: 100.0%
[13:51:21] [INFO] [order] [462330] ✅ 매수 성공 | 1354주 시장가 | 주문번호: 0000019918
[13:51:21] [INFO] [monitor] [KODEX 2차전지산업레버리지(462330)] 포지션 등록 | 매입가: 2,460원 | 안전손절: 2,386원(-3.0%) | 익절가: 2,583원(+5.0%) | MA20 손절 활성화: True
[13:51:21] [INFO] [strategy] [KODEX 2차전지산업레버리지] ✅ 매수 완료
[13:51:22] [WARNING] [chart] [122630] 데이터 부족 (0개)
[13:51:27] [DEBUG] [monitor] [삼성전자] 현재가: 217,500원 | 수익률: +0.69% | 체결강도: 100.0%
[13:51:28] [WARNING] [chart] [005930] 데이터 부족 (0개)
[13:51:28] [DEBUG] [monitor] [KODEX 레버리지] 현재가: 112,120원 | 수익률: +2.94% | 체결강도: 100.0%
[13:51:29] [WARNING] [chart] [122630] 데이터 부족 (0개)
[13:51:30] [DEBUG] [monitor] [KODEX 2차전지산업레버리지] 현재가: 2,452원 | 수익률: -0.33% | 체결강도: 100.0%
[13:51:30] [WARNING] [chart] [462330] 데이터 부족 (0개)
[13:51:36] [DEBUG] [monitor] [삼성전자] 현재가: 217,000원 | 수익률: +0.46% | 체결강도: 100.0%
[13:51:37] [WARNING] [chart] [005930] 데이터 부족 (0개)
[13:51:38] [DEBUG] [monitor] [KODEX 레버리지] 현재가: 112,070원 | 수익률: +2.89% | 체결강도: 100.0%
[13:51:38] [WARNING] [chart] [122630] 데이터 부족 (0개)
[13:51:39] [DEBUG] [monitor] [KODEX 2차전지산업레버리지] 현재가: 2,450원 | 수익률: -0.41% | 체결강도: 100.0%
[13:51:39] [WARNING] [chart] [462330] 데이터 부족 (0개)
[13:51:45] [DEBUG] [monitor] [삼성전자] 현재가: 217,000원 | 수익률: +0.46% | 체결강도: 100.0%
[13:51:46] [WARNING] [chart] [005930] 데이터 부족 (0개)
[13:51:46] [DEBUG] [monitor] [KODEX 레버리지] 현재가: 112,145원 | 수익률: +2.96% | 체결강도: 100.0%
[13:51:47] [WARNING] [chart] [122630] 데이터 부족 (0개)
[13:51:48] [DEBUG] [monitor] [KODEX 2차전지산업레버리지] 현재가: 2,455원 | 수익률: -0.20% | 체결강도: 100.0%
[13:51:48] [WARNING] [chart] [462330] 데이터 부족 (0개)
[13:51:54] [DEBUG] [monitor] [삼성전자] 현재가: 217,500원 | 수익률: +0.69% | 체결강도: 100.0%
[13:51:55] [WARNING] [chart] [005930] 데이터 부족 (0개)
[13:51:55] [DEBUG] [monitor] [KODEX 레버리지] 현재가: 112,150원 | 수익률: +2.97% | 체결강도: 100.0%
[13:51:56] [WARNING] [chart] [122630] 데이터 부족 (0개)
[13:51:57] [DEBUG] [monitor] [KODEX 2차전지산업레버리지] 현재가: 2,450원 | 수익률: -0.41% | 체결강도: 100.0%
[13:51:57] [WARNING] [chart] [462330] 데이터 부족 (0개)
[13:52:03] [DEBUG] [monitor] [삼성전자] 현재가: 217,500원 | 수익률: +0.69% | 체결강도: 100.0%
[13:52:04] [WARNING] [chart] [005930] 데이터 부족 (0개)
[13:52:05] [DEBUG] [monitor] [KODEX 레버리지] 현재가: 112,275원 | 수익률: +3.08% | 체결강도: 100.0%
[13:52:05] [WARNING] [chart] [122630] 데이터 부족 (0개)
[13:52:06] [DEBUG] [monitor] [KODEX 2차전지산업레버리지] 현재가: 2,452원 | 수익률: -0.33% | 체결강도: 100.0%
[13:52:07] [WARNING] [chart] [462330] 데이터 부족 (0개)
[13:52:12] [DEBUG] [monitor] [삼성전자] 현재가: 217,500원 | 수익률: +0.69% | 체결강도: 100.0%
[13:52:13] [WARNING] [chart] [005930] 데이터 부족 (0개)
[13:52:14] [DEBUG] [monitor] [KODEX 레버리지] 현재가: 112,280원 | 수익률: +3.09% | 체결강도: 100.0%
[13:52:14] [WARNING] [chart] [122630] 데이터 부족 (0개)
[13:52:15] [DEBUG] [monitor] [KODEX 2차전지산업레버리지] 현재가: 2,455원 | 수익률: -0.20% | 체결강도: 100.0%
[13:52:16] [WARNING] [chart] [462330] 데이터 부족 (0개)
[13:52:21] [DEBUG] [monitor] [삼성전자] 현재가: 217,000원 | 수익률: +0.46% | 체결강도: 100.0%
[13:52:22] [WARNING] [chart] [005930] 데이터 부족 (0개)
[13:52:22] [DEBUG] [monitor] [KODEX 레버리지] 현재가: 112,200원 | 수익률: +3.01% | 체결강도: 100.0%
[13:52:23] [WARNING] [chart] [122630] 데이터 부족 (0개)
[13:52:24] [DEBUG] [monitor] [KODEX 2차전지산업레버리지] 현재가: 2,455원 | 수익률: -0.20% | 체결강도: 100.0%
[13:52:25] [WARNING] [chart] [462330] 데이터 부족 (0개)
[13:52:30] [DEBUG] [monitor] [삼성전자] 현재가: 217,500원 | 수익률: +0.69% | 체결강도: 100.0%
[13:52:31] [WARNING] [chart] [005930] 데이터 부족 (0개)
[13:52:32] [DEBUG] [monitor] [KODEX 레버리지] 현재가: 112,140원 | 수익률: +2.96% | 체결강도: 100.0%
[13:52:32] [WARNING] [chart] [122630] 데이터 부족 (0개)
[13:52:33] [DEBUG] [monitor] [KODEX 2차전지산업레버리지] 현재가: 2,450원 | 수익률: -0.41% | 체결강도: 100.0%
[13:52:34] [WARNING] [chart] [462330] 데이터 부족 (0개)
[13:52:39] [DEBUG] [monitor] [삼성전자] 현재가: 217,000원 | 수익률: +0.46% | 체결강도: 100.0%
[13:52:40] [WARNING] [chart] [005930] 데이터 부족 (0개)
[13:52:40] [DEBUG] [monitor] [KODEX 레버리지] 현재가: 112,055원 | 수익률: +2.88% | 체결강도: 100.0%
[13:52:41] [WARNING] [chart] [122630] 데이터 부족 (0개)
[13:52:41] [DEBUG] [monitor] [KODEX 2차전지산업레버리지] 현재가: 2,455원 | 수익률: -0.20% | 체결강도: 100.0%
[13:52:42] [WARNING] [chart] [462330] 데이터 부족 (0개)
[13:52:48] [DEBUG] [monitor] [삼성전자] 현재가: 217,500원 | 수익률: +0.69% | 체결강도: 100.0%
[13:52:48] [WARNING] [chart] [005930] 데이터 부족 (0개)
[13:52:49] [DEBUG] [monitor] [KODEX 레버리지] 현재가: 112,075원 | 수익률: +2.90% | 체결강도: 100.0%
[13:52:50] [WARNING] [chart] [122630] 데이터 부족 (0개)
[13:52:50] [DEBUG] [monitor] [KODEX 2차전지산업레버리지] 현재가: 2,455원 | 수익률: -0.20% | 체결강도: 100.0%
[13:52:51] [WARNING] [chart] [462330] 데이터 부족 (0개)
[14:23:11] [INFO] [main] 토큰 발급 중...
[14:23:12] [INFO] [main] 기존 보유 종목 포지션 복원 중...
[14:23:13] [INFO] [monitor] [삼성전자(005930)] 포지션 등록 | 매입가: 216,000원 | 안전손절: 209,520원(-3.0%) | 익절가: 226,800원(+5.0%) | MA20 손절 활성화: True
[14:23:13] [INFO] [monitor] [삼성전자] 기존 보유 종목 포지션 복원
[14:23:13] [INFO] [monitor] [KODEX 레버리지(122630)] 포지션 등록 | 매입가: 108,918원 | 안전손절: 105,650원(-3.0%) | 익절가: 114,363원(+5.0%) | MA20 손절 활성화: True
[14:23:13] [INFO] [monitor] [KODEX 레버리지] 기존 보유 종목 포지션 복원
[14:23:13] [INFO] [monitor] [KODEX 2차전지산업레버리지(462330)] 포지션 등록 | 매입가: 2,455원 | 안전손절: 2,381원(-3.0%) | 익절가: 2,577원(+5.0%) | MA20 손절 활성화: True
[14:23:13] [INFO] [monitor] [KODEX 2차전지산업레버리지] 기존 보유 종목 포지션 복원
[14:23:14] [WARNING] [chart] [005930] 데이터 부족 (0개)
[14:23:16] [WARNING] [chart] [122630] 데이터 부족 (0개)
[14:23:17] [WARNING] [chart] [462330] 데이터 부족 (0개)
[14:23:17] [INFO] [strategy] 🔍 조건 검색 전략 시작
[14:23:17] [INFO] [main] ✅ 자동매매 시작! (종료: Ctrl+C)
[14:23:17] [DEBUG] [monitor] [삼성전자] 현재가: 220,500원 | 수익률: +2.08% | 체결강도: 100.0%
[14:23:18] [WARNING] [chart] [005930] 데이터 부족 (0개)
[14:23:18] [DEBUG] [monitor] [KODEX 레버리지] 현재가: 114,075원 | 수익률: +4.73% | 체결강도: 100.0%
[14:23:19] [WARNING] [chart] [122630] 데이터 부족 (0개)
[14:23:20] [DEBUG] [monitor] [KODEX 2차전지산업레버리지] 현재가: 2,450원 | 수익률: -0.20% | 체결강도: 100.0%
[14:23:20] [WARNING] [chart] [462330] 데이터 부족 (0개)
[14:23:26] [DEBUG] [monitor] [삼성전자] 현재가: 221,000원 | 수익률: +2.31% | 체결강도: 100.0%
[14:23:27] [WARNING] [chart] [005930] 데이터 부족 (0개)
[14:23:28] [DEBUG] [monitor] [KODEX 레버리지] 현재가: 114,095원 | 수익률: +4.75% | 체결강도: 100.0%
[14:23:29] [WARNING] [chart] [122630] 데이터 부족 (0개)
[14:23:29] [DEBUG] [monitor] [KODEX 2차전지산업레버리지] 현재가: 2,450원 | 수익률: -0.20% | 체결강도: 100.0%
[14:23:30] [WARNING] [chart] [462330] 데이터 부족 (0개)
[14:23:36] [DEBUG] [monitor] [삼성전자] 현재가: 220,500원 | 수익률: +2.08% | 체결강도: 100.0%
[14:23:36] [WARNING] [chart] [005930] 데이터 부족 (0개)
[14:23:37] [DEBUG] [monitor] [KODEX 레버리지] 현재가: 114,025원 | 수익률: +4.69% | 체결강도: 100.0%
[14:23:37] [WARNING] [chart] [122630] 데이터 부족 (0개)
[14:23:38] [DEBUG] [monitor] [KODEX 2차전지산업레버리지] 현재가: 2,450원 | 수익률: -0.20% | 체결강도: 100.0%
[14:23:39] [WARNING] [chart] [462330] 데이터 부족 (0개)
[14:23:45] [DEBUG] [monitor] [삼성전자] 현재가: 220,500원 | 수익률: +2.08% | 체결강도: 100.0%
[14:23:46] [WARNING] [chart] [005930] 데이터 부족 (0개)
[14:23:46] [DEBUG] [monitor] [KODEX 레버리지] 현재가: 113,990원 | 수익률: +4.66% | 체결강도: 100.0%
[14:23:47] [WARNING] [chart] [122630] 데이터 부족 (0개)
[14:23:48] [DEBUG] [monitor] [KODEX 2차전지산업레버리지] 현재가: 2,450원 | 수익률: -0.20% | 체결강도: 100.0%
[14:23:48] [WARNING] [chart] [462330] 데이터 부족 (0개)
[14:23:54] [DEBUG] [monitor] [삼성전자] 현재가: 221,000원 | 수익률: +2.31% | 체결강도: 100.0%
[14:23:55] [WARNING] [chart] [005930] 데이터 부족 (0개)
[14:23:55] [DEBUG] [monitor] [KODEX 레버리지] 현재가: 113,900원 | 수익률: +4.57% | 체결강도: 100.0%
[14:23:56] [WARNING] [chart] [122630] 데이터 부족 (0개)
[14:23:57] [DEBUG] [monitor] [KODEX 2차전지산업레버리지] 현재가: 2,445원 | 수익률: -0.41% | 체결강도: 100.0%
[14:23:57] [WARNING] [chart] [462330] 데이터 부족 (0개)
[14:24:03] [DEBUG] [monitor] [삼성전자] 현재가: 221,000원 | 수익률: +2.31% | 체결강도: 100.0%
[14:24:03] [WARNING] [chart] [005930] 데이터 부족 (0개)
[14:24:04] [DEBUG] [monitor] [KODEX 레버리지] 현재가: 113,850원 | 수익률: +4.53% | 체결강도: 100.0%
[14:24:05] [WARNING] [chart] [122630] 데이터 부족 (0개)
[14:24:05] [DEBUG] [monitor] [KODEX 2차전지산업레버리지] 현재가: 2,445원 | 수익률: -0.41% | 체결강도: 100.0%
[14:24:06] [WARNING] [chart] [462330] 데이터 부족 (0개)
[14:24:12] [DEBUG] [monitor] [삼성전자] 현재가: 220,500원 | 수익률: +2.08% | 체결강도: 100.0%
[14:24:12] [WARNING] [chart] [005930] 데이터 부족 (0개)
[14:24:13] [DEBUG] [monitor] [KODEX 레버리지] 현재가: 113,835원 | 수익률: +4.51% | 체결강도: 100.0%
[14:24:13] [WARNING] [chart] [122630] 데이터 부족 (0개)
[14:24:14] [DEBUG] [monitor] [KODEX 2차전지산업레버리지] 현재가: 2,450원 | 수익률: -0.20% | 체결강도: 100.0%
[14:24:15] [WARNING] [chart] [462330] 데이터 부족 (0개)
[14:24:20] [DEBUG] [monitor] [삼성전자] 현재가: 220,500원 | 수익률: +2.08% | 체결강도: 100.0%
[14:24:21] [WARNING] [chart] [005930] 데이터 부족 (0개)
[14:24:22] [DEBUG] [monitor] [KODEX 레버리지] 현재가: 113,915원 | 수익률: +4.59% | 체결강도: 100.0%
[14:24:23] [WARNING] [chart] [122630] 데이터 부족 (0개)
[14:24:23] [DEBUG] [monitor] [KODEX 2차전지산업레버리지] 현재가: 2,440원 | 수익률: -0.61% | 체결강도: 100.0%
[14:24:24] [WARNING] [chart] [462330] 데이터 부족 (0개)
[14:24:30] [DEBUG] [monitor] [삼성전자] 현재가: 221,000원 | 수익률: +2.31% | 체결강도: 100.0%
[14:24:31] [WARNING] [chart] [005930] 데이터 부족 (0개)
[14:24:31] [DEBUG] [monitor] [KODEX 레버리지] 현재가: 113,980원 | 수익률: +4.65% | 체결강도: 100.0%
[14:24:32] [WARNING] [chart] [122630] 데이터 부족 (0개)
[14:24:32] [DEBUG] [monitor] [KODEX 2차전지산업레버리지] 현재가: 2,440원 | 수익률: -0.61% | 체결강도: 100.0%
[14:24:33] [WARNING] [chart] [462330] 데이터 부족 (0개)
[14:24:38] [DEBUG] [monitor] [삼성전자] 현재가: 220,500원 | 수익률: +2.08% | 체결강도: 100.0%
[14:24:39] [WARNING] [chart] [005930] 데이터 부족 (0개)
[14:24:40] [DEBUG] [monitor] [KODEX 레버리지] 현재가: 113,975원 | 수익률: +4.64% | 체결강도: 100.0%
[14:24:40] [WARNING] [chart] [122630] 데이터 부족 (0개)
[14:24:41] [DEBUG] [monitor] [KODEX 2차전지산업레버리지] 현재가: 2,445원 | 수익률: -0.41% | 체결강도: 100.0%
[14:24:42] [WARNING] [chart] [462330] 데이터 부족 (0개)
[14:24:47] [DEBUG] [monitor] [삼성전자] 현재가: 220,500원 | 수익률: +2.08% | 체결강도: 100.0%
[14:24:48] [WARNING] [chart] [005930] 데이터 부족 (0개)
[14:24:49] [DEBUG] [monitor] [KODEX 레버리지] 현재가: 113,985원 | 수익률: +4.65% | 체결강도: 100.0%
[14:24:49] [WARNING] [chart] [122630] 데이터 부족 (0개)
[14:24:50] [DEBUG] [monitor] [KODEX 2차전지산업레버리지] 현재가: 2,440원 | 수익률: -0.61% | 체결강도: 100.0%
[14:24:51] [WARNING] [chart] [462330] 데이터 부족 (0개)
[14:24:57] [DEBUG] [monitor] [삼성전자] 현재가: 220,500원 | 수익률: +2.08% | 체결강도: 100.0%
[14:24:58] [WARNING] [chart] [005930] 데이터 부족 (0개)
[14:24:59] [DEBUG] [monitor] [KODEX 레버리지] 현재가: 113,900원 | 수익률: +4.57% | 체결강도: 100.0%
[14:25:01] [WARNING] [chart] [122630] 데이터 부족 (0개)
[14:25:01] [DEBUG] [monitor] [KODEX 2차전지산업레버리지] 현재가: 2,440원 | 수익률: -0.61% | 체결강도: 100.0%
[14:25:02] [WARNING] [chart] [462330] 데이터 부족 (0개)
[14:25:04] [WARNING] [chart] [005930] 데이터 부족 (0개)
[14:25:05] [WARNING] [chart] [122630] 데이터 부족 (0개)
[14:25:07] [WARNING] [chart] [462330] 데이터 부족 (0개)
[14:25:08] [DEBUG] [monitor] [삼성전자] 현재가: 220,750원 | 수익률: +2.20% | 체결강도: 100.0%
[14:25:09] [WARNING] [chart] [005930] 데이터 부족 (0개)
[14:25:10] [DEBUG] [monitor] [KODEX 레버리지] 현재가: 114,010원 | 수익률: +4.68% | 체결강도: 100.0%
[14:25:11] [WARNING] [chart] [122630] 데이터 부족 (0개)
[14:25:12] [DEBUG] [monitor] [KODEX 2차전지산업레버리지] 현재가: 2,450원 | 수익률: -0.20% | 체결강도: 100.0%
[14:25:13] [WARNING] [chart] [462330] 데이터 부족 (0개)
[14:25:19] [DEBUG] [monitor] [삼성전자] 현재가: 220,500원 | 수익률: +2.08% | 체결강도: 100.0%
[14:25:19] [WARNING] [chart] [005930] 데이터 부족 (0개)
[14:25:20] [DEBUG] [monitor] [KODEX 레버리지] 현재가: 113,985원 | 수익률: +4.65% | 체결강도: 100.0%
[14:25:21] [WARNING] [chart] [122630] 데이터 부족 (0개)
[14:25:21] [DEBUG] [monitor] [KODEX 2차전지산업레버리지] 현재가: 2,450원 | 수익률: -0.20% | 체결강도: 100.0%
[14:25:22] [WARNING] [chart] [462330] 데이터 부족 (0개)
[14:25:28] [DEBUG] [monitor] [삼성전자] 현재가: 221,000원 | 수익률: +2.31% | 체결강도: 100.0%
[14:25:29] [WARNING] [chart] [005930] 데이터 부족 (0개)
[14:25:29] [DEBUG] [monitor] [KODEX 레버리지] 현재가: 114,025원 | 수익률: +4.69% | 체결강도: 100.0%
[14:25:30] [WARNING] [chart] [122630] 데이터 부족 (0개)
[14:25:31] [DEBUG] [monitor] [KODEX 2차전지산업레버리지] 현재가: 2,445원 | 수익률: -0.41% | 체결강도: 100.0%
[14:25:31] [WARNING] [chart] [462330] 데이터 부족 (0개)
[14:25:37] [DEBUG] [monitor] [삼성전자] 현재가: 220,500원 | 수익률: +2.08% | 체결강도: 100.0%
[14:25:38] [WARNING] [chart] [005930] 데이터 부족 (0개)
[14:25:38] [DEBUG] [monitor] [KODEX 레버리지] 현재가: 114,050원 | 수익률: +4.71% | 체결강도: 100.0%
[14:25:39] [WARNING] [chart] [122630] 데이터 부족 (0개)
[14:25:40] [DEBUG] [monitor] [KODEX 2차전지산업레버리지] 현재가: 2,450원 | 수익률: -0.20% | 체결강도: 100.0%
[14:25:40] [WARNING] [chart] [462330] 데이터 부족 (0개)
[14:25:46] [DEBUG] [monitor] [삼성전자] 현재가: 221,250원 | 수익률: +2.43% | 체결강도: 100.0%
[14:25:47] [WARNING] [chart] [005930] 데이터 부족 (0개)
[14:25:47] [DEBUG] [monitor] [KODEX 레버리지] 현재가: 114,130원 | 수익률: +4.79% | 체결강도: 100.0%
[14:25:48] [WARNING] [chart] [122630] 데이터 부족 (0개)
[14:25:48] [DEBUG] [monitor] [KODEX 2차전지산업레버리지] 현재가: 2,455원 | 수익률: +0.00% | 체결강도: 100.0%
[14:25:49] [WARNING] [chart] [462330] 데이터 부족 (0개)
[14:25:55] [DEBUG] [monitor] [삼성전자] 현재가: 221,500원 | 수익률: +2.55% | 체결강도: 100.0%
[14:25:55] [WARNING] [chart] [005930] 데이터 부족 (0개)
[14:25:56] [DEBUG] [monitor] [KODEX 레버리지] 현재가: 114,150원 | 수익률: +4.80% | 체결강도: 100.0%
[14:25:56] [WARNING] [chart] [122630] 데이터 부족 (0개)
[14:25:57] [DEBUG] [monitor] [KODEX 2차전지산업레버리지] 현재가: 2,450원 | 수익률: -0.20% | 체결강도: 100.0%
[14:25:58] [WARNING] [chart] [462330] 데이터 부족 (0개)
[14:26:04] [DEBUG] [monitor] [삼성전자] 현재가: 221,000원 | 수익률: +2.31% | 체결강도: 100.0%
[14:26:05] [WARNING] [chart] [005930] 데이터 부족 (0개)
[14:26:06] [DEBUG] [monitor] [KODEX 레버리지] 현재가: 114,115원 | 수익률: +4.77% | 체결강도: 100.0%
[14:26:07] [WARNING] [chart] [122630] 데이터 부족 (0개)
[14:26:08] [DEBUG] [monitor] [KODEX 2차전지산업레버리지] 현재가: 2,450원 | 수익률: -0.20% | 체결강도: 100.0%
[14:26:09] [WARNING] [chart] [462330] 데이터 부족 (0개)
[14:26:16] [DEBUG] [monitor] [삼성전자] 현재가: 221,250원 | 수익률: +2.43% | 체결강도: 100.0%
[14:26:16] [WARNING] [chart] [005930] 데이터 부족 (0개)
[14:26:17] [DEBUG] [monitor] [KODEX 레버리지] 현재가: 114,155원 | 수익률: +4.81% | 체결강도: 100.0%
[14:26:18] [WARNING] [chart] [122630] 데이터 부족 (0개)
[14:26:18] [DEBUG] [monitor] [KODEX 2차전지산업레버리지] 현재가: 2,445원 | 수익률: -0.41% | 체결강도: 100.0%
[14:26:19] [WARNING] [chart] [462330] 데이터 부족 (0개)
[14:26:25] [DEBUG] [monitor] [삼성전자] 현재가: 221,250원 | 수익률: +2.43% | 체결강도: 100.0%
[14:26:25] [WARNING] [chart] [005930] 데이터 부족 (0개)
[14:26:26] [DEBUG] [monitor] [KODEX 레버리지] 현재가: 114,165원 | 수익률: +4.82% | 체결강도: 100.0%
[14:26:27] [WARNING] [chart] [122630] 데이터 부족 (0개)
[14:26:27] [DEBUG] [monitor] [KODEX 2차전지산업레버리지] 현재가: 2,455원 | 수익률: +0.00% | 체결강도: 100.0%
[14:26:28] [WARNING] [chart] [462330] 데이터 부족 (0개)
[14:26:33] [DEBUG] [monitor] [삼성전자] 현재가: 221,000원 | 수익률: +2.31% | 체결강도: 100.0%
[14:26:34] [WARNING] [chart] [005930] 데이터 부족 (0개)
[14:26:35] [DEBUG] [monitor] [KODEX 레버리지] 현재가: 114,135원 | 수익률: +4.79% | 체결강도: 100.0%
[14:26:35] [WARNING] [chart] [122630] 데이터 부족 (0개)
[14:26:36] [DEBUG] [monitor] [KODEX 2차전지산업레버리지] 현재가: 2,445원 | 수익률: -0.41% | 체결강도: 100.0%
[14:26:36] [WARNING] [chart] [462330] 데이터 부족 (0개)
[14:26:42] [DEBUG] [monitor] [삼성전자] 현재가: 221,500원 | 수익률: +2.55% | 체결강도: 100.0%
[14:26:43] [WARNING] [chart] [005930] 데이터 부족 (0개)
[14:26:43] [DEBUG] [monitor] [KODEX 레버리지] 현재가: 114,070원 | 수익률: +4.73% | 체결강도: 100.0%
[14:26:44] [WARNING] [chart] [122630] 데이터 부족 (0개)
[14:26:45] [DEBUG] [monitor] [KODEX 2차전지산업레버리지] 현재가: 2,445원 | 수익률: -0.41% | 체결강도: 100.0%
[14:26:45] [WARNING] [chart] [462330] 데이터 부족 (0개)
[14:26:51] [DEBUG] [monitor] [삼성전자] 현재가: 221,000원 | 수익률: +2.31% | 체결강도: 100.0%
[14:26:51] [WARNING] [chart] [005930] 데이터 부족 (0개)
[14:26:52] [DEBUG] [monitor] [KODEX 레버리지] 현재가: 114,200원 | 수익률: +4.85% | 체결강도: 100.0%
[14:26:52] [WARNING] [chart] [122630] 데이터 부족 (0개)
[14:26:53] [DEBUG] [monitor] [KODEX 2차전지산업레버리지] 현재가: 2,450원 | 수익률: -0.20% | 체결강도: 100.0%
[14:26:53] [WARNING] [chart] [462330] 데이터 부족 (0개)
[14:26:59] [DEBUG] [monitor] [삼성전자] 현재가: 221,500원 | 수익률: +2.55% | 체결강도: 100.0%
[14:27:00] [WARNING] [chart] [005930] 데이터 부족 (0개)
[14:27:00] [DEBUG] [monitor] [KODEX 레버리지] 현재가: 114,225원 | 수익률: +4.87% | 체결강도: 100.0%
[14:27:01] [WARNING] [chart] [122630] 데이터 부족 (0개)
[14:27:01] [DEBUG] [monitor] [KODEX 2차전지산업레버리지] 현재가: 2,450원 | 수익률: -0.20% | 체결강도: 100.0%
[14:27:02] [WARNING] [chart] [462330] 데이터 부족 (0개)
[14:27:07] [DEBUG] [monitor] [삼성전자] 현재가: 221,000원 | 수익률: +2.31% | 체결강도: 100.0%
[14:27:08] [WARNING] [chart] [005930] 데이터 부족 (0개)
[14:27:08] [DEBUG] [monitor] [KODEX 레버리지] 현재가: 114,150원 | 수익률: +4.80% | 체결강도: 100.0%
[14:27:09] [WARNING] [chart] [122630] 데이터 부족 (0개)
[14:27:10] [DEBUG] [monitor] [KODEX 2차전지산업레버리지] 현재가: 2,450원 | 수익률: -0.20% | 체결강도: 100.0%
[14:27:10] [WARNING] [chart] [462330] 데이터 부족 (0개)
[14:27:16] [DEBUG] [monitor] [삼성전자] 현재가: 221,500원 | 수익률: +2.55% | 체결강도: 100.0%
[14:27:17] [WARNING] [chart] [005930] 데이터 부족 (0개)
[14:27:17] [DEBUG] [monitor] [KODEX 레버리지] 현재가: 114,165원 | 수익률: +4.82% | 체결강도: 100.0%
[14:27:18] [WARNING] [chart] [122630] 데이터 부족 (0개)
[14:27:18] [DEBUG] [monitor] [KODEX 2차전지산업레버리지] 현재가: 2,455원 | 수익률: +0.00% | 체결강도: 100.0%
[14:27:19] [WARNING] [chart] [462330] 데이터 부족 (0개)
[14:27:25] [DEBUG] [monitor] [삼성전자] 현재가: 221,500원 | 수익률: +2.55% | 체결강도: 100.0%
[14:27:25] [WARNING] [chart] [005930] 데이터 부족 (0개)
[14:27:26] [DEBUG] [monitor] [KODEX 레버리지] 현재가: 114,250원 | 수익률: +4.90% | 체결강도: 100.0%
[14:27:27] [WARNING] [chart] [122630] 데이터 부족 (0개)
[14:27:27] [DEBUG] [monitor] [KODEX 2차전지산업레버리지] 현재가: 2,450원 | 수익률: -0.20% | 체결강도: 100.0%
[14:27:28] [WARNING] [chart] [462330] 데이터 부족 (0개)
[14:27:34] [DEBUG] [monitor] [삼성전자] 현재가: 221,500원 | 수익률: +2.55% | 체결강도: 100.0%
[14:27:34] [WARNING] [chart] [005930] 데이터 부족 (0개)
[14:27:35] [DEBUG] [monitor] [KODEX 레버리지] 현재가: 114,260원 | 수익률: +4.90% | 체결강도: 100.0%
[14:27:35] [WARNING] [chart] [122630] 데이터 부족 (0개)
[14:27:36] [DEBUG] [monitor] [KODEX 2차전지산업레버리지] 현재가: 2,450원 | 수익률: -0.20% | 체결강도: 100.0%
[14:27:37] [WARNING] [chart] [462330] 데이터 부족 (0개)
[14:27:42] [DEBUG] [monitor] [삼성전자] 현재가: 221,500원 | 수익률: +2.55% | 체결강도: 100.0%
[14:27:43] [WARNING] [chart] [005930] 데이터 부족 (0개)
[14:27:43] [DEBUG] [monitor] [KODEX 레버리지] 현재가: 114,290원 | 수익률: +4.93% | 체결강도: 100.0%
[14:27:44] [WARNING] [chart] [122630] 데이터 부족 (0개)
[14:27:45] [DEBUG] [monitor] [KODEX 2차전지산업레버리지] 현재가: 2,455원 | 수익률: +0.00% | 체결강도: 100.0%
[14:27:45] [WARNING] [chart] [462330] 데이터 부족 (0개)
[14:27:51] [DEBUG] [monitor] [삼성전자] 현재가: 221,000원 | 수익률: +2.31% | 체결강도: 100.0%
[14:27:51] [WARNING] [chart] [005930] 데이터 부족 (0개)
[14:27:52] [DEBUG] [monitor] [KODEX 레버리지] 현재가: 114,330원 | 수익률: +4.97% | 체결강도: 100.0%
[14:27:53] [WARNING] [chart] [122630] 데이터 부족 (0개)
[14:27:53] [DEBUG] [monitor] [KODEX 2차전지산업레버리지] 현재가: 2,455원 | 수익률: +0.00% | 체결강도: 100.0%
[14:27:54] [WARNING] [chart] [462330] 데이터 부족 (0개)
[14:27:59] [DEBUG] [monitor] [삼성전자] 현재가: 221,500원 | 수익률: +2.55% | 체결강도: 100.0%
[14:28:00] [WARNING] [chart] [005930] 데이터 부족 (0개)
[14:28:01] [DEBUG] [monitor] [KODEX 레버리지] 현재가: 114,350원 | 수익률: +4.99% | 체결강도: 100.0%
[14:28:01] [WARNING] [chart] [122630] 데이터 부족 (0개)
[14:28:02] [DEBUG] [monitor] [KODEX 2차전지산업레버리지] 현재가: 2,455원 | 수익률: +0.00% | 체결강도: 100.0%
[14:28:03] [WARNING] [chart] [462330] 데이터 부족 (0개)
[14:28:08] [DEBUG] [monitor] [삼성전자] 현재가: 222,000원 | 수익률: +2.78% | 체결강도: 100.0%
[14:28:09] [WARNING] [chart] [005930] 데이터 부족 (0개)
[14:28:09] [DEBUG] [monitor] [KODEX 레버리지] 현재가: 114,400원 | 수익률: +5.03% | 체결강도: 100.0%
[14:28:09] [INFO] [monitor] [KODEX 레버리지] 🟢 익절 발동! 114,400원 (+5.03%)
[14:28:10] [INFO] [order] [122630] ✅ 매도 성공 | 30주 시장가 | 주문번호: 0000021191
[14:28:10] [INFO] [monitor] [KODEX 레버리지] ✅ 익절 매도 완료 | 주문번호: 0000021191
[14:28:10] [INFO] [monitor] [KODEX 레버리지(122630)] 포지션 제거
[14:28:11] [DEBUG] [monitor] [KODEX 2차전지산업레버리지] 현재가: 2,450원 | 수익률: -0.20% | 체결강도: 100.0%
[14:28:11] [WARNING] [chart] [462330] 데이터 부족 (0개)
[14:28:17] [DEBUG] [monitor] [삼성전자] 현재가: 221,750원 | 수익률: +2.66% | 체결강도: 100.0%
[14:28:17] [INFO] [price] 거래량 순위 조회 완료: 9개 종목 (등락률 필터 후)
[14:28:18] [WARNING] [chart] [005930] 데이터 부족 (0개)
[14:28:19] [ERROR] [price] [462330] 현재가 조회 오류: 500 Server Error: Internal Server Error for url: https://openapivts.koreainvestment.com:29443/uapi/domestic-stock/v1/quotations/inquire-price?fid_cond_mrkt_div_code=J&fid_input_iscd=462330
[14:28:20] [DEBUG] [strategy] [KODEX 코스닥150레버리지] 탈락: 매수세약(0.0%)
[14:28:22] [DEBUG] [strategy] [대원전선] 탈락: 매수세약(0.0%)
[14:28:24] [DEBUG] [strategy] [신성이엔지] 탈락: 매수세약(0.0%)
[14:28:24] [DEBUG] [monitor] [삼성전자] 현재가: 222,000원 | 수익률: +2.78% | 체결강도: 100.0%
[14:28:25] [WARNING] [chart] [005930] 데이터 부족 (0개)
[14:28:26] [DEBUG] [monitor] [KODEX 2차전지산업레버리지] 현재가: 2,455원 | 수익률: +0.00% | 체결강도: 100.0%
[14:28:27] [DEBUG] [strategy] [TIGER 반도체TOP10] 탈락: 매수세약(0.0%)
[14:28:27] [WARNING] [chart] [462330] 데이터 부족 (0개)
[14:28:28] [ERROR] [price] [187660] 현재가 조회 오류: 500 Server Error: Internal Server Error for url: https://openapivts.koreainvestment.com:29443/uapi/domestic-stock/v1/quotations/inquire-price?fid_cond_mrkt_div_code=J&fid_input_iscd=187660
[14:28:30] [DEBUG] [strategy] [계양전기] 탈락: 시가총액미달(2,453억), 매수세약(0.0%)
[14:28:32] [DEBUG] [strategy] [코데즈컴바인] 탈락: 시가총액미달(2,055억), 매수세약(0.0%)
[14:28:33] [DEBUG] [monitor] [삼성전자] 현재가: 222,000원 | 수익률: +2.78% | 체결강도: 100.0%
[14:28:34] [ERROR] [chart] [005930] 분봉 조회 오류: 500 Server Error: Internal Server Error for url: https://openapivts.koreainvestment.com:29443/uapi/domestic-stock/v1/quotations/inquire-time-itemchartprice?fid_etc_cls_code=&fid_cond_mrkt_div_code=J&fid_input_iscd=005930&fid_input_hour_1=1&fid_pw_data_incu_yn=N
[14:28:34] [WARNING] [chart] [005930] 데이터 부족 (0개)
[14:28:34] [DEBUG] [monitor] [KODEX 2차전지산업레버리지] 현재가: 2,455원 | 수익률: +0.00% | 체결강도: 100.0%
[14:28:35] [DEBUG] [strategy] [대주산업] 탈락: 시가총액미달(1,455억), 매수세약(0.0%)
[14:28:35] [WARNING] [chart] [462330] 데이터 부족 (0개)
[14:28:35] [INFO] [strategy] 조건 검색: 9개 → 필터 후 0개 후보
[14:28:35] [INFO] [strategy] 매수 후보 없음
[14:28:41] [DEBUG] [monitor] [삼성전자] 현재가: 222,000원 | 수익률: +2.78% | 체결강도: 100.0%
[14:28:42] [WARNING] [chart] [005930] 데이터 부족 (0개)
[14:28:42] [DEBUG] [monitor] [KODEX 2차전지산업레버리지] 현재가: 2,455원 | 수익률: +0.00% | 체결강도: 100.0%
[14:28:43] [WARNING] [chart] [462330] 데이터 부족 (0개)
[14:28:48] [DEBUG] [monitor] [삼성전자] 현재가: 222,000원 | 수익률: +2.78% | 체결강도: 100.0%
[14:28:49] [WARNING] [chart] [005930] 데이터 부족 (0개)
[14:28:50] [DEBUG] [monitor] [KODEX 2차전지산업레버리지] 현재가: 2,455원 | 수익률: +0.00% | 체결강도: 100.0%
[14:28:50] [WARNING] [chart] [462330] 데이터 부족 (0개)
[14:28:56] [DEBUG] [monitor] [삼성전자] 현재가: 222,000원 | 수익률: +2.78% | 체결강도: 100.0%
[14:28:56] [WARNING] [chart] [005930] 데이터 부족 (0개)
[14:28:57] [DEBUG] [monitor] [KODEX 2차전지산업레버리지] 현재가: 2,455원 | 수익률: +0.00% | 체결강도: 100.0%
[14:28:58] [WARNING] [chart] [462330] 데이터 부족 (0개)
[14:29:04] [DEBUG] [monitor] [삼성전자] 현재가: 222,000원 | 수익률: +2.78% | 체결강도: 100.0%
[14:29:04] [WARNING] [chart] [005930] 데이터 부족 (0개)
[14:29:05] [DEBUG] [monitor] [KODEX 2차전지산업레버리지] 현재가: 2,455원 | 수익률: +0.00% | 체결강도: 100.0%
[14:29:06] [INFO] [price] 거래량 순위 조회 완료: 10개 종목 (등락률 필터 후)
[14:29:06] [WARNING] [chart] [462330] 데이터 부족 (0개)
[14:29:06] [ERROR] [price] [004060] 현재가 조회 오류: 500 Server Error: Internal Server Error for url: https://openapivts.koreainvestment.com:29443/uapi/domestic-stock/v1/quotations/inquire-price?fid_cond_mrkt_div_code=J&fid_input_iscd=004060
[14:29:09] [DEBUG] [strategy] [KODEX 코스닥150레버리지] 탈락: 매수세약(0.0%)
[14:29:12] [DEBUG] [monitor] [삼성전자] 현재가: 222,000원 | 수익률: +2.78% | 체결강도: 100.0%
[14:29:12] [DEBUG] [strategy] [대원전선] 탈락: 매수세약(0.0%)
[14:29:12] [WARNING] [chart] [005930] 데이터 부족 (0개)
[14:29:14] [DEBUG] [monitor] [KODEX 2차전지산업레버리지] 현재가: 2,455원 | 수익률: +0.00% | 체결강도: 100.0%
[14:29:15] [WARNING] [chart] [462330] 데이터 부족 (0개)
[14:29:15] [ERROR] [price] [011930] 호가 조회 오류: 500 Server Error: Internal Server Error for url: https://openapivts.koreainvestment.com:29443/uapi/domestic-stock/v1/quotations/inquire-asking-price-exp-ccn?fid_cond_mrkt_div_code=J&fid_input_iscd=011930
[14:29:15] [INFO] [strategy] [신성이엔지] ✅ 조건 통과: 등락률정상(7.0%), 전일거래대금(1,005억), 거래량급증(확인불가-통과), 52주신고가(확인불가-통과), 시가총액(4,714억), 호가비율(확인불가-통과)
[14:29:18] [DEBUG] [strategy] [TIGER 반도체TOP10] 탈락: 매수세약(0.0%)
[14:29:20] [DEBUG] [strategy] [현대ADM] 탈락: 매수세약(0.0%)
[14:29:20] [DEBUG] [monitor] [삼성전자] 현재가: 222,000원 | 수익률: +2.78% | 체결강도: 100.0%
[14:29:21] [WARNING] [chart] [005930] 데이터 부족 (0개)
[14:29:22] [DEBUG] [monitor] [KODEX 2차전지산업레버리지] 현재가: 2,455원 | 수익률: +0.00% | 체결강도: 100.0%
[14:29:23] [ERROR] [price] [012200] 호가 조회 오류: 500 Server Error: Internal Server Error for url: https://openapivts.koreainvestment.com:29443/uapi/domestic-stock/v1/quotations/inquire-asking-price-exp-ccn?fid_cond_mrkt_div_code=J&fid_input_iscd=012200
[14:29:23] [DEBUG] [strategy] [계양전기] 탈락: 시가총액미달(2,442억)
[14:29:23] [WARNING] [chart] [462330] 데이터 부족 (0개)
[14:29:25] [DEBUG] [strategy] [코데즈컴바인] 탈락: 시가총액미달(2,066억), 매수세약(0.0%)
[14:29:27] [DEBUG] [strategy] [대주산업] 탈락: 시가총액미달(1,455억), 매수세약(0.0%)
[14:29:28] [INFO] [strategy] 조건 검색: 10개 → 필터 후 1개 후보
[14:29:29] [DEBUG] [monitor] [삼성전자] 현재가: 222,000원 | 수익률: +2.78% | 체결강도: 100.0%
[14:29:29] [INFO] [strategy] [신성이엔지(011930)] 매수 시도 | 1458주 × 2,285원
[14:29:30] [WARNING] [chart] [005930] 데이터 부족 (0개)
[14:29:31] [INFO] [order] [011930] ✅ 매수 성공 | 1458주 시장가 | 주문번호: 0000021222
[14:29:31] [INFO] [monitor] [신성이엔지(011930)] 포지션 등록 | 매입가: 2,285원 | 안전손절: 2,216원(-3.0%) | 익절가: 2,399원(+5.0%) | MA20 손절 활성화: True
[14:29:31] [INFO] [strategy] [신성이엔지] ✅ 매수 완료
[14:29:31] [DEBUG] [monitor] [KODEX 2차전지산업레버리지] 현재가: 2,455원 | 수익률: +0.00% | 체결강도: 100.0%
[14:29:32] [WARNING] [chart] [462330] 데이터 부족 (0개)
[14:29:37] [DEBUG] [monitor] [삼성전자] 현재가: 222,000원 | 수익률: +2.78% | 체결강도: 100.0%
[14:29:38] [WARNING] [chart] [005930] 데이터 부족 (0개)
[14:29:39] [DEBUG] [monitor] [KODEX 2차전지산업레버리지] 현재가: 2,455원 | 수익률: +0.00% | 체결강도: 100.0%
[14:29:40] [WARNING] [chart] [462330] 데이터 부족 (0개)
[14:29:40] [DEBUG] [monitor] [신성이엔지] 현재가: 2,285원 | 수익률: +0.00% | 체결강도: 100.0%
[14:29:41] [WARNING] [chart] [011930] 데이터 부족 (0개)
[14:29:47] [DEBUG] [monitor] [삼성전자] 현재가: 222,000원 | 수익률: +2.78% | 체결강도: 100.0%
[14:29:48] [WARNING] [chart] [005930] 데이터 부족 (0개)
[14:29:48] [DEBUG] [monitor] [KODEX 2차전지산업레버리지] 현재가: 2,455원 | 수익률: +0.00% | 체결강도: 100.0%
[14:29:49] [WARNING] [chart] [462330] 데이터 부족 (0개)
[14:29:50] [DEBUG] [monitor] [신성이엔지] 현재가: 2,290원 | 수익률: +0.22% | 체결강도: 100.0%
[14:29:51] [WARNING] [chart] [011930] 데이터 부족 (0개)
[14:29:56] [DEBUG] [monitor] [삼성전자] 현재가: 221,500원 | 수익률: +2.55% | 체결강도: 100.0%
[14:29:57] [WARNING] [chart] [005930] 데이터 부족 (0개)
[14:29:58] [DEBUG] [monitor] [KODEX 2차전지산업레버리지] 현재가: 2,460원 | 수익률: +0.20% | 체결강도: 100.0%
[14:29:59] [WARNING] [chart] [462330] 데이터 부족 (0개)
[14:30:00] [DEBUG] [monitor] [신성이엔지] 현재가: 2,290원 | 수익률: +0.22% | 체결강도: 100.0%
[14:30:00] [WARNING] [chart] [011930] 데이터 부족 (0개)
[14:30:03] [WARNING] [chart] [005930] 데이터 부족 (0개)
[14:30:04] [WARNING] [chart] [462330] 데이터 부족 (0개)
[14:30:05] [WARNING] [chart] [011930] 데이터 부족 (0개)
[14:30:06] [DEBUG] [monitor] [삼성전자] 현재가: 222,250원 | 수익률: +2.89% | 체결강도: 100.0%
[14:30:06] [WARNING] [chart] [005930] 데이터 부족 (0개)
[14:30:07] [DEBUG] [monitor] [KODEX 2차전지산업레버리지] 현재가: 2,455원 | 수익률: +0.00% | 체결강도: 100.0%
[14:30:08] [WARNING] [chart] [462330] 데이터 부족 (0개)
[14:30:08] [DEBUG] [monitor] [신성이엔지] 현재가: 2,285원 | 수익률: +0.00% | 체결강도: 100.0%
[14:30:09] [WARNING] [chart] [011930] 데이터 부족 (0개)
[14:30:15] [DEBUG] [monitor] [삼성전자] 현재가: 222,250원 | 수익률: +2.89% | 체결강도: 100.0%
[14:30:15] [WARNING] [chart] [005930] 데이터 부족 (0개)
[14:30:16] [DEBUG] [monitor] [KODEX 2차전지산업레버리지] 현재가: 2,460원 | 수익률: +0.20% | 체결강도: 100.0%
[14:30:16] [WARNING] [chart] [462330] 데이터 부족 (0개)
[14:30:17] [DEBUG] [monitor] [신성이엔지] 현재가: 2,290원 | 수익률: +0.22% | 체결강도: 100.0%
[14:30:18] [WARNING] [chart] [011930] 데이터 부족 (0개)
[14:30:23] [DEBUG] [monitor] [삼성전자] 현재가: 222,000원 | 수익률: +2.78% | 체결강도: 100.0%
[14:30:24] [WARNING] [chart] [005930] 데이터 부족 (0개)
[14:30:24] [DEBUG] [monitor] [KODEX 2차전지산업레버리지] 현재가: 2,460원 | 수익률: +0.20% | 체결강도: 100.0%
[14:30:25] [WARNING] [chart] [462330] 데이터 부족 (0개)
[14:30:26] [DEBUG] [monitor] [신성이엔지] 현재가: 2,290원 | 수익률: +0.22% | 체결강도: 100.0%
[14:30:26] [WARNING] [chart] [011930] 데이터 부족 (0개)
[14:30:32] [DEBUG] [monitor] [삼성전자] 현재가: 222,500원 | 수익률: +3.01% | 체결강도: 100.0%
[14:30:33] [WARNING] [chart] [005930] 데이터 부족 (0개)
[14:30:33] [DEBUG] [monitor] [KODEX 2차전지산업레버리지] 현재가: 2,455원 | 수익률: +0.00% | 체결강도: 100.0%
[14:30:34] [WARNING] [chart] [462330] 데이터 부족 (0개)
[14:30:35] [DEBUG] [monitor] [신성이엔지] 현재가: 2,290원 | 수익률: +0.22% | 체결강도: 100.0%
[14:30:35] [WARNING] [chart] [011930] 데이터 부족 (0개)
[14:30:41] [DEBUG] [monitor] [삼성전자] 현재가: 222,500원 | 수익률: +3.01% | 체결강도: 100.0%
[14:30:42] [WARNING] [chart] [005930] 데이터 부족 (0개)
[14:30:42] [DEBUG] [monitor] [KODEX 2차전지산업레버리지] 현재가: 2,460원 | 수익률: +0.20% | 체결강도: 100.0%
[14:30:43] [WARNING] [chart] [462330] 데이터 부족 (0개)
[14:30:43] [DEBUG] [monitor] [신성이엔지] 현재가: 2,290원 | 수익률: +0.22% | 체결강도: 100.0%
[14:30:44] [WARNING] [chart] [011930] 데이터 부족 (0개)
[14:30:50] [DEBUG] [monitor] [삼성전자] 현재가: 222,500원 | 수익률: +3.01% | 체결강도: 100.0%
[14:30:50] [WARNING] [chart] [005930] 데이터 부족 (0개)
[14:30:51] [DEBUG] [monitor] [KODEX 2차전지산업레버리지] 현재가: 2,455원 | 수익률: +0.00% | 체결강도: 100.0%
[14:30:52] [WARNING] [chart] [462330] 데이터 부족 (0개)
[14:30:52] [DEBUG] [monitor] [신성이엔지] 현재가: 2,285원 | 수익률: +0.00% | 체결강도: 100.0%
[14:30:53] [WARNING] [chart] [011930] 데이터 부족 (0개)
[14:30:58] [DEBUG] [monitor] [삼성전자] 현재가: 222,250원 | 수익률: +2.89% | 체결강도: 100.0%
[14:30:59] [WARNING] [chart] [005930] 데이터 부족 (0개)
[14:31:00] [DEBUG] [monitor] [KODEX 2차전지산업레버리지] 현재가: 2,460원 | 수익률: +0.20% | 체결강도: 100.0%
[14:31:00] [WARNING] [chart] [462330] 데이터 부족 (0개)
[14:31:01] [DEBUG] [monitor] [신성이엔지] 현재가: 2,290원 | 수익률: +0.22% | 체결강도: 100.0%
[14:31:02] [WARNING] [chart] [011930] 데이터 부족 (0개)
[14:31:07] [DEBUG] [monitor] [삼성전자] 현재가: 222,500원 | 수익률: +3.01% | 체결강도: 100.0%
[14:31:08] [WARNING] [chart] [005930] 데이터 부족 (0개)
[14:31:09] [DEBUG] [monitor] [KODEX 2차전지산업레버리지] 현재가: 2,465원 | 수익률: +0.41% | 체결강도: 100.0%
[14:31:10] [WARNING] [chart] [462330] 데이터 부족 (0개)
[14:31:10] [DEBUG] [monitor] [신성이엔지] 현재가: 2,285원 | 수익률: +0.00% | 체결강도: 100.0%
[14:31:11] [WARNING] [chart] [011930] 데이터 부족 (0개)
[14:31:17] [DEBUG] [monitor] [삼성전자] 현재가: 222,500원 | 수익률: +3.01% | 체결강도: 100.0%
[14:31:17] [WARNING] [chart] [005930] 데이터 부족 (0개)
[14:31:18] [DEBUG] [monitor] [KODEX 2차전지산업레버리지] 현재가: 2,465원 | 수익률: +0.41% | 체결강도: 100.0%
[14:31:19] [WARNING] [chart] [462330] 데이터 부족 (0개)
[14:31:19] [DEBUG] [monitor] [신성이엔지] 현재가: 2,285원 | 수익률: +0.00% | 체결강도: 100.0%
[14:31:20] [WARNING] [chart] [011930] 데이터 부족 (0개)
[14:31:26] [DEBUG] [monitor] [삼성전자] 현재가: 223,000원 | 수익률: +3.24% | 체결강도: 100.0%
[14:31:27] [WARNING] [chart] [005930] 데이터 부족 (0개)
[14:31:28] [DEBUG] [monitor] [KODEX 2차전지산업레버리지] 현재가: 2,460원 | 수익률: +0.20% | 체결강도: 100.0%
[14:31:28] [WARNING] [chart] [462330] 데이터 부족 (0개)
[14:31:29] [DEBUG] [monitor] [신성이엔지] 현재가: 2,285원 | 수익률: +0.00% | 체결강도: 100.0%
[14:31:30] [WARNING] [chart] [011930] 데이터 부족 (0개)
[14:31:35] [DEBUG] [monitor] [삼성전자] 현재가: 222,500원 | 수익률: +3.01% | 체결강도: 100.0%
[14:31:36] [WARNING] [chart] [005930] 데이터 부족 (0개)
[14:31:37] [DEBUG] [monitor] [KODEX 2차전지산업레버리지] 현재가: 2,465원 | 수익률: +0.41% | 체결강도: 100.0%
[14:31:37] [WARNING] [chart] [462330] 데이터 부족 (0개)
[14:31:38] [DEBUG] [monitor] [신성이엔지] 현재가: 2,285원 | 수익률: +0.00% | 체결강도: 100.0%
[14:31:39] [WARNING] [chart] [011930] 데이터 부족 (0개)
