[14:33:40] [INFO] [main] 토큰 발급 중...
[14:33:44] [INFO] [main] 기존 보유 종목 포지션 복원 중...
[14:33:46] [INFO] [strategy] 🔍 조건 검색 전략 시작 (1분봉 MA120 개별 종목 손절 필터 활성)
[14:33:46] [INFO] [strategy.position] 📡 포지션 모니터링 시작
[14:33:46] [INFO] [main] ✅ 자동매매 시작! (종료: Ctrl+C)
[14:33:46] [DEBUG] [strategy.position] 보유 포지션 없음 - 대기 중...
[14:33:51] [DEBUG] [strategy.position] 보유 포지션 없음 - 대기 중...
[14:33:56] [DEBUG] [strategy.position] 보유 포지션 없음 - 대기 중...
[14:34:01] [DEBUG] [strategy.position] 보유 포지션 없음 - 대기 중...
[14:34:06] [DEBUG] [strategy.position] 보유 포지션 없음 - 대기 중...
[14:34:11] [DEBUG] [strategy.position] 보유 포지션 없음 - 대기 중...
[14:34:16] [DEBUG] [strategy.position] 보유 포지션 없음 - 대기 중...
[14:34:21] [DEBUG] [strategy.position] 보유 포지션 없음 - 대기 중...
[14:34:26] [DEBUG] [strategy.position] 보유 포지션 없음 - 대기 중...
[14:34:31] [DEBUG] [strategy.position] 보유 포지션 없음 - 대기 중...
[14:34:36] [DEBUG] [strategy.position] 보유 포지션 없음 - 대기 중...
[14:34:41] [DEBUG] [strategy.position] 보유 포지션 없음 - 대기 중...
[14:34:46] [DEBUG] [strategy.position] 보유 포지션 없음 - 대기 중...
[14:34:51] [DEBUG] [strategy.position] 보유 포지션 없음 - 대기 중...
[14:34:56] [DEBUG] [strategy.position] 보유 포지션 없음 - 대기 중...
[14:35:01] [DEBUG] [strategy.position] 보유 포지션 없음 - 대기 중...
[14:35:06] [DEBUG] [strategy.position] 보유 포지션 없음 - 대기 중...
[14:35:11] [DEBUG] [strategy.position] 보유 포지션 없음 - 대기 중...
[14:35:16] [DEBUG] [strategy.position] 보유 포지션 없음 - 대기 중...
[14:35:21] [DEBUG] [strategy.position] 보유 포지션 없음 - 대기 중...
[14:35:26] [DEBUG] [strategy.position] 보유 포지션 없음 - 대기 중...
[14:35:31] [DEBUG] [strategy.position] 보유 포지션 없음 - 대기 중...
[14:35:36] [DEBUG] [strategy.position] 보유 포지션 없음 - 대기 중...
[14:35:41] [DEBUG] [strategy.position] 보유 포지션 없음 - 대기 중...
[14:35:46] [DEBUG] [strategy.position] 보유 포지션 없음 - 대기 중...
[14:35:51] [DEBUG] [strategy.position] 보유 포지션 없음 - 대기 중...
[14:35:56] [DEBUG] [strategy.position] 보유 포지션 없음 - 대기 중...
[14:36:01] [DEBUG] [strategy.position] 보유 포지션 없음 - 대기 중...
[14:36:06] [DEBUG] [strategy.position] 보유 포지션 없음 - 대기 중...
[14:36:11] [DEBUG] [strategy.position] 보유 포지션 없음 - 대기 중...
[14:36:16] [DEBUG] [strategy.position] 보유 포지션 없음 - 대기 중...
[14:36:21] [DEBUG] [strategy.position] 보유 포지션 없음 - 대기 중...
[14:36:26] [DEBUG] [strategy.position] 보유 포지션 없음 - 대기 중...
[14:36:31] [DEBUG] [strategy.position] 보유 포지션 없음 - 대기 중...
[14:36:36] [DEBUG] [strategy.position] 보유 포지션 없음 - 대기 중...
[14:36:41] [DEBUG] [strategy.position] 보유 포지션 없음 - 대기 중...
[14:36:46] [DEBUG] [strategy.position] 보유 포지션 없음 - 대기 중...
[14:36:51] [DEBUG] [strategy.position] 보유 포지션 없음 - 대기 중...
[14:36:56] [DEBUG] [strategy.position] 보유 포지션 없음 - 대기 중...
[14:37:01] [DEBUG] [strategy.position] 보유 포지션 없음 - 대기 중...
[14:37:06] [DEBUG] [strategy.position] 보유 포지션 없음 - 대기 중...
[14:37:11] [DEBUG] [strategy.position] 보유 포지션 없음 - 대기 중...
[14:37:16] [DEBUG] [strategy.position] 보유 포지션 없음 - 대기 중...
[14:37:21] [DEBUG] [strategy.position] 보유 포지션 없음 - 대기 중...
[14:37:26] [DEBUG] [strategy.position] 보유 포지션 없음 - 대기 중...
[14:37:31] [DEBUG] [strategy.position] 보유 포지션 없음 - 대기 중...
[14:37:36] [DEBUG] [strategy.position] 보유 포지션 없음 - 대기 중...
[14:37:41] [DEBUG] [strategy.position] 보유 포지션 없음 - 대기 중...
[14:37:46] [DEBUG] [strategy.position] 보유 포지션 없음 - 대기 중...
[14:37:51] [DEBUG] [strategy.position] 보유 포지션 없음 - 대기 중...
[14:37:56] [DEBUG] [strategy.position] 보유 포지션 없음 - 대기 중...
[14:38:01] [DEBUG] [strategy.position] 보유 포지션 없음 - 대기 중...
[14:38:06] [DEBUG] [strategy.position] 보유 포지션 없음 - 대기 중...
[14:38:11] [DEBUG] [strategy.position] 보유 포지션 없음 - 대기 중...
[14:38:16] [DEBUG] [strategy.position] 보유 포지션 없음 - 대기 중...
[14:38:21] [DEBUG] [strategy.position] 보유 포지션 없음 - 대기 중...
[14:38:26] [DEBUG] [strategy.position] 보유 포지션 없음 - 대기 중...
[14:38:31] [DEBUG] [strategy.position] 보유 포지션 없음 - 대기 중...
[14:38:36] [DEBUG] [strategy.position] 보유 포지션 없음 - 대기 중...
[14:38:41] [DEBUG] [strategy.position] 보유 포지션 없음 - 대기 중...
[14:38:46] [DEBUG] [strategy.position] 보유 포지션 없음 - 대기 중...
[14:38:51] [DEBUG] [strategy.position] 보유 포지션 없음 - 대기 중...
[14:38:56] [DEBUG] [strategy.position] 보유 포지션 없음 - 대기 중...
[14:39:01] [DEBUG] [strategy.position] 보유 포지션 없음 - 대기 중...
[14:39:06] [DEBUG] [strategy.position] 보유 포지션 없음 - 대기 중...
[14:39:11] [DEBUG] [strategy.position] 보유 포지션 없음 - 대기 중...
[14:39:16] [DEBUG] [strategy.position] 보유 포지션 없음 - 대기 중...
[14:39:21] [DEBUG] [strategy.position] 보유 포지션 없음 - 대기 중...
[14:39:26] [DEBUG] [strategy.position] 보유 포지션 없음 - 대기 중...
[14:39:31] [DEBUG] [strategy.position] 보유 포지션 없음 - 대기 중...
[14:39:36] [DEBUG] [strategy.position] 보유 포지션 없음 - 대기 중...
[14:39:41] [DEBUG] [strategy.position] 보유 포지션 없음 - 대기 중...
[14:39:46] [DEBUG] [strategy.position] 보유 포지션 없음 - 대기 중...
[14:39:51] [DEBUG] [strategy.position] 보유 포지션 없음 - 대기 중...
[14:39:56] [DEBUG] [strategy.position] 보유 포지션 없음 - 대기 중...
[14:40:01] [DEBUG] [strategy.position] 보유 포지션 없음 - 대기 중...
[14:40:06] [DEBUG] [strategy.position] 보유 포지션 없음 - 대기 중...
[14:40:11] [DEBUG] [strategy.position] 보유 포지션 없음 - 대기 중...
[14:40:16] [DEBUG] [strategy.position] 보유 포지션 없음 - 대기 중...
[14:40:21] [DEBUG] [strategy.position] 보유 포지션 없음 - 대기 중...
[14:40:26] [DEBUG] [strategy.position] 보유 포지션 없음 - 대기 중...
[14:40:31] [DEBUG] [strategy.position] 보유 포지션 없음 - 대기 중...
[14:40:36] [DEBUG] [strategy.position] 보유 포지션 없음 - 대기 중...
[14:40:41] [DEBUG] [strategy.position] 보유 포지션 없음 - 대기 중...
[14:40:46] [DEBUG] [strategy.position] 보유 포지션 없음 - 대기 중...
[14:40:51] [DEBUG] [strategy.position] 보유 포지션 없음 - 대기 중...
[14:40:56] [DEBUG] [strategy.position] 보유 포지션 없음 - 대기 중...
[14:41:01] [DEBUG] [strategy.position] 보유 포지션 없음 - 대기 중...
[14:41:06] [DEBUG] [strategy.position] 보유 포지션 없음 - 대기 중...
[14:41:11] [DEBUG] [strategy.position] 보유 포지션 없음 - 대기 중...
[14:41:16] [DEBUG] [strategy.position] 보유 포지션 없음 - 대기 중...
[14:41:21] [DEBUG] [strategy.position] 보유 포지션 없음 - 대기 중...
[14:41:26] [DEBUG] [strategy.position] 보유 포지션 없음 - 대기 중...
[14:41:31] [DEBUG] [strategy.position] 보유 포지션 없음 - 대기 중...
[14:41:36] [DEBUG] [strategy.position] 보유 포지션 없음 - 대기 중...
[14:41:41] [DEBUG] [strategy.position] 보유 포지션 없음 - 대기 중...
[14:41:46] [DEBUG] [strategy.position] 보유 포지션 없음 - 대기 중...
[14:41:51] [DEBUG] [strategy.position] 보유 포지션 없음 - 대기 중...
[14:41:56] [DEBUG] [strategy.position] 보유 포지션 없음 - 대기 중...
[14:42:01] [DEBUG] [strategy.position] 보유 포지션 없음 - 대기 중...
[14:42:06] [DEBUG] [strategy.position] 보유 포지션 없음 - 대기 중...
[14:42:11] [DEBUG] [strategy.position] 보유 포지션 없음 - 대기 중...
[14:42:16] [DEBUG] [strategy.position] 보유 포지션 없음 - 대기 중...
[14:42:21] [DEBUG] [strategy.position] 보유 포지션 없음 - 대기 중...
[14:42:26] [DEBUG] [strategy.position] 보유 포지션 없음 - 대기 중...
[14:42:31] [DEBUG] [strategy.position] 보유 포지션 없음 - 대기 중...
[14:42:36] [DEBUG] [strategy.position] 보유 포지션 없음 - 대기 중...
[14:42:41] [DEBUG] [strategy.position] 보유 포지션 없음 - 대기 중...
[14:42:46] [DEBUG] [strategy.position] 보유 포지션 없음 - 대기 중...
[14:42:51] [DEBUG] [strategy.position] 보유 포지션 없음 - 대기 중...
[14:42:56] [DEBUG] [strategy.position] 보유 포지션 없음 - 대기 중...
[14:43:01] [DEBUG] [strategy.position] 보유 포지션 없음 - 대기 중...
[14:43:06] [DEBUG] [strategy.position] 보유 포지션 없음 - 대기 중...
[14:43:11] [DEBUG] [strategy.position] 보유 포지션 없음 - 대기 중...
[14:43:16] [DEBUG] [strategy.position] 보유 포지션 없음 - 대기 중...
[14:43:21] [DEBUG] [strategy.position] 보유 포지션 없음 - 대기 중...
[14:43:26] [DEBUG] [strategy.position] 보유 포지션 없음 - 대기 중...
[14:43:31] [DEBUG] [strategy.position] 보유 포지션 없음 - 대기 중...
[14:43:36] [DEBUG] [strategy.position] 보유 포지션 없음 - 대기 중...
[14:43:41] [DEBUG] [strategy.position] 보유 포지션 없음 - 대기 중...
[14:43:46] [DEBUG] [strategy.position] 보유 포지션 없음 - 대기 중...
[14:43:51] [DEBUG] [strategy.position] 보유 포지션 없음 - 대기 중...
[14:43:56] [DEBUG] [strategy.position] 보유 포지션 없음 - 대기 중...
[14:44:01] [DEBUG] [strategy.position] 보유 포지션 없음 - 대기 중...
[14:44:06] [DEBUG] [strategy.position] 보유 포지션 없음 - 대기 중...
[14:44:11] [DEBUG] [strategy.position] 보유 포지션 없음 - 대기 중...
[14:44:16] [DEBUG] [strategy.position] 보유 포지션 없음 - 대기 중...
[14:44:21] [DEBUG] [strategy.position] 보유 포지션 없음 - 대기 중...
[14:44:26] [DEBUG] [strategy.position] 보유 포지션 없음 - 대기 중...
[14:44:31] [DEBUG] [strategy.position] 보유 포지션 없음 - 대기 중...
[14:44:36] [DEBUG] [strategy.position] 보유 포지션 없음 - 대기 중...
[14:44:41] [DEBUG] [strategy.position] 보유 포지션 없음 - 대기 중...
[14:44:46] [DEBUG] [strategy.position] 보유 포지션 없음 - 대기 중...
[14:44:51] [DEBUG] [strategy.position] 보유 포지션 없음 - 대기 중...
[14:44:56] [DEBUG] [strategy.position] 보유 포지션 없음 - 대기 중...
[14:45:01] [DEBUG] [strategy.position] 보유 포지션 없음 - 대기 중...
[14:45:06] [DEBUG] [strategy.position] 보유 포지션 없음 - 대기 중...
[14:45:11] [DEBUG] [strategy.position] 보유 포지션 없음 - 대기 중...
[14:45:16] [DEBUG] [strategy.position] 보유 포지션 없음 - 대기 중...
[14:45:21] [DEBUG] [strategy.position] 보유 포지션 없음 - 대기 중...
[14:45:26] [DEBUG] [strategy.position] 보유 포지션 없음 - 대기 중...
[14:45:31] [DEBUG] [strategy.position] 보유 포지션 없음 - 대기 중...
[14:45:36] [DEBUG] [strategy.position] 보유 포지션 없음 - 대기 중...
[14:45:41] [DEBUG] [strategy.position] 보유 포지션 없음 - 대기 중...
[14:45:46] [DEBUG] [strategy.position] 보유 포지션 없음 - 대기 중...
[14:45:51] [DEBUG] [strategy.position] 보유 포지션 없음 - 대기 중...
[14:45:56] [DEBUG] [strategy.position] 보유 포지션 없음 - 대기 중...
[14:46:01] [DEBUG] [strategy.position] 보유 포지션 없음 - 대기 중...
[14:46:06] [DEBUG] [strategy.position] 보유 포지션 없음 - 대기 중...
[14:46:11] [DEBUG] [strategy.position] 보유 포지션 없음 - 대기 중...
[14:46:16] [DEBUG] [strategy.position] 보유 포지션 없음 - 대기 중...
[14:46:21] [DEBUG] [strategy.position] 보유 포지션 없음 - 대기 중...
[14:46:26] [DEBUG] [strategy.position] 보유 포지션 없음 - 대기 중...
[14:46:31] [DEBUG] [strategy.position] 보유 포지션 없음 - 대기 중...
[14:46:36] [DEBUG] [strategy.position] 보유 포지션 없음 - 대기 중...
[14:46:41] [DEBUG] [strategy.position] 보유 포지션 없음 - 대기 중...
[14:46:46] [DEBUG] [strategy.position] 보유 포지션 없음 - 대기 중...
[14:46:51] [DEBUG] [strategy.position] 보유 포지션 없음 - 대기 중...
[14:46:56] [DEBUG] [strategy.position] 보유 포지션 없음 - 대기 중...
[14:47:01] [DEBUG] [strategy.position] 보유 포지션 없음 - 대기 중...
[14:47:06] [DEBUG] [strategy.position] 보유 포지션 없음 - 대기 중...
[14:47:11] [DEBUG] [strategy.position] 보유 포지션 없음 - 대기 중...
[14:47:16] [DEBUG] [strategy.position] 보유 포지션 없음 - 대기 중...
[14:47:21] [DEBUG] [strategy.position] 보유 포지션 없음 - 대기 중...
[14:47:26] [DEBUG] [strategy.position] 보유 포지션 없음 - 대기 중...
[14:47:31] [DEBUG] [strategy.position] 보유 포지션 없음 - 대기 중...
[14:47:36] [DEBUG] [strategy.position] 보유 포지션 없음 - 대기 중...
[14:47:41] [DEBUG] [strategy.position] 보유 포지션 없음 - 대기 중...
[14:47:46] [DEBUG] [strategy.position] 보유 포지션 없음 - 대기 중...
[14:47:51] [DEBUG] [strategy.position] 보유 포지션 없음 - 대기 중...
[14:47:56] [DEBUG] [strategy.position] 보유 포지션 없음 - 대기 중...
[14:48:01] [DEBUG] [strategy.position] 보유 포지션 없음 - 대기 중...
[14:48:06] [DEBUG] [strategy.position] 보유 포지션 없음 - 대기 중...
[14:48:11] [DEBUG] [strategy.position] 보유 포지션 없음 - 대기 중...
[14:48:16] [DEBUG] [strategy.position] 보유 포지션 없음 - 대기 중...
[14:48:21] [DEBUG] [strategy.position] 보유 포지션 없음 - 대기 중...
[14:48:26] [DEBUG] [strategy.position] 보유 포지션 없음 - 대기 중...
[14:48:32] [DEBUG] [strategy.position] 보유 포지션 없음 - 대기 중...
[14:48:37] [DEBUG] [strategy.position] 보유 포지션 없음 - 대기 중...
[14:48:42] [DEBUG] [strategy.position] 보유 포지션 없음 - 대기 중...
[14:48:47] [DEBUG] [strategy.position] 보유 포지션 없음 - 대기 중...
[14:48:52] [DEBUG] [strategy.position] 보유 포지션 없음 - 대기 중...
[14:48:57] [DEBUG] [strategy.position] 보유 포지션 없음 - 대기 중...
[14:49:02] [DEBUG] [strategy.position] 보유 포지션 없음 - 대기 중...
[14:49:07] [DEBUG] [strategy.position] 보유 포지션 없음 - 대기 중...
[14:49:12] [DEBUG] [strategy.position] 보유 포지션 없음 - 대기 중...
[14:49:17] [DEBUG] [strategy.position] 보유 포지션 없음 - 대기 중...
[14:49:22] [DEBUG] [strategy.position] 보유 포지션 없음 - 대기 중...
[14:49:27] [DEBUG] [strategy.position] 보유 포지션 없음 - 대기 중...
[14:49:32] [DEBUG] [strategy.position] 보유 포지션 없음 - 대기 중...
[14:49:37] [DEBUG] [strategy.position] 보유 포지션 없음 - 대기 중...
[14:49:42] [DEBUG] [strategy.position] 보유 포지션 없음 - 대기 중...
[14:49:47] [DEBUG] [strategy.position] 보유 포지션 없음 - 대기 중...
[14:49:52] [DEBUG] [strategy.position] 보유 포지션 없음 - 대기 중...
[14:49:57] [DEBUG] [strategy.position] 보유 포지션 없음 - 대기 중...
[14:50:02] [DEBUG] [strategy.position] 보유 포지션 없음 - 대기 중...
[14:50:07] [DEBUG] [strategy.position] 보유 포지션 없음 - 대기 중...
[14:50:12] [DEBUG] [strategy.position] 보유 포지션 없음 - 대기 중...
[14:50:17] [DEBUG] [strategy.position] 보유 포지션 없음 - 대기 중...
[14:50:22] [DEBUG] [strategy.position] 보유 포지션 없음 - 대기 중...
[14:50:27] [DEBUG] [strategy.position] 보유 포지션 없음 - 대기 중...
[14:50:32] [DEBUG] [strategy.position] 보유 포지션 없음 - 대기 중...
[14:50:37] [DEBUG] [strategy.position] 보유 포지션 없음 - 대기 중...
[14:50:42] [DEBUG] [strategy.position] 보유 포지션 없음 - 대기 중...
[14:50:47] [DEBUG] [strategy.position] 보유 포지션 없음 - 대기 중...
[14:50:52] [DEBUG] [strategy.position] 보유 포지션 없음 - 대기 중...
[14:50:57] [DEBUG] [strategy.position] 보유 포지션 없음 - 대기 중...
[14:51:02] [DEBUG] [strategy.position] 보유 포지션 없음 - 대기 중...
[14:51:07] [DEBUG] [strategy.position] 보유 포지션 없음 - 대기 중...
[14:51:12] [DEBUG] [strategy.position] 보유 포지션 없음 - 대기 중...
[14:51:17] [DEBUG] [strategy.position] 보유 포지션 없음 - 대기 중...
[14:51:22] [DEBUG] [strategy.position] 보유 포지션 없음 - 대기 중...
[14:51:27] [DEBUG] [strategy.position] 보유 포지션 없음 - 대기 중...
[14:51:32] [DEBUG] [strategy.position] 보유 포지션 없음 - 대기 중...
[14:51:37] [DEBUG] [strategy.position] 보유 포지션 없음 - 대기 중...
[14:51:42] [DEBUG] [strategy.position] 보유 포지션 없음 - 대기 중...
[14:51:47] [DEBUG] [strategy.position] 보유 포지션 없음 - 대기 중...
[14:51:52] [DEBUG] [strategy.position] 보유 포지션 없음 - 대기 중...
[14:51:57] [DEBUG] [strategy.position] 보유 포지션 없음 - 대기 중...
[14:52:02] [DEBUG] [strategy.position] 보유 포지션 없음 - 대기 중...
[14:52:07] [DEBUG] [strategy.position] 보유 포지션 없음 - 대기 중...
[14:52:12] [DEBUG] [strategy.position] 보유 포지션 없음 - 대기 중...
[14:52:17] [DEBUG] [strategy.position] 보유 포지션 없음 - 대기 중...
[14:52:22] [DEBUG] [strategy.position] 보유 포지션 없음 - 대기 중...
[14:52:27] [DEBUG] [strategy.position] 보유 포지션 없음 - 대기 중...
[14:52:32] [DEBUG] [strategy.position] 보유 포지션 없음 - 대기 중...
[14:52:37] [DEBUG] [strategy.position] 보유 포지션 없음 - 대기 중...
[14:52:42] [DEBUG] [strategy.position] 보유 포지션 없음 - 대기 중...
[14:52:47] [DEBUG] [strategy.position] 보유 포지션 없음 - 대기 중...
[14:52:52] [DEBUG] [strategy.position] 보유 포지션 없음 - 대기 중...
[14:52:57] [DEBUG] [strategy.position] 보유 포지션 없음 - 대기 중...
[14:53:02] [DEBUG] [strategy.position] 보유 포지션 없음 - 대기 중...
[14:53:07] [DEBUG] [strategy.position] 보유 포지션 없음 - 대기 중...
[14:53:12] [DEBUG] [strategy.position] 보유 포지션 없음 - 대기 중...
[14:53:17] [DEBUG] [strategy.position] 보유 포지션 없음 - 대기 중...
[14:53:22] [DEBUG] [strategy.position] 보유 포지션 없음 - 대기 중...
[14:53:27] [DEBUG] [strategy.position] 보유 포지션 없음 - 대기 중...
[14:53:32] [DEBUG] [strategy.position] 보유 포지션 없음 - 대기 중...
[14:53:37] [DEBUG] [strategy.position] 보유 포지션 없음 - 대기 중...
[14:53:42] [DEBUG] [strategy.position] 보유 포지션 없음 - 대기 중...
[14:53:47] [DEBUG] [strategy.position] 보유 포지션 없음 - 대기 중...
[14:53:52] [DEBUG] [strategy.position] 보유 포지션 없음 - 대기 중...
[14:53:57] [DEBUG] [strategy.position] 보유 포지션 없음 - 대기 중...
[14:54:02] [DEBUG] [strategy.position] 보유 포지션 없음 - 대기 중...
[14:54:07] [DEBUG] [strategy.position] 보유 포지션 없음 - 대기 중...
[14:54:12] [DEBUG] [strategy.position] 보유 포지션 없음 - 대기 중...
[14:54:17] [DEBUG] [strategy.position] 보유 포지션 없음 - 대기 중...
[14:54:22] [DEBUG] [strategy.position] 보유 포지션 없음 - 대기 중...
[14:54:27] [DEBUG] [strategy.position] 보유 포지션 없음 - 대기 중...
[14:54:32] [DEBUG] [strategy.position] 보유 포지션 없음 - 대기 중...
[14:54:37] [DEBUG] [strategy.position] 보유 포지션 없음 - 대기 중...
[14:54:42] [DEBUG] [strategy.position] 보유 포지션 없음 - 대기 중...
[14:54:47] [DEBUG] [strategy.position] 보유 포지션 없음 - 대기 중...
[14:54:52] [DEBUG] [strategy.position] 보유 포지션 없음 - 대기 중...
[14:54:57] [DEBUG] [strategy.position] 보유 포지션 없음 - 대기 중...
[14:55:02] [DEBUG] [strategy.position] 보유 포지션 없음 - 대기 중...
[14:55:07] [DEBUG] [strategy.position] 보유 포지션 없음 - 대기 중...
[14:55:12] [DEBUG] [strategy.position] 보유 포지션 없음 - 대기 중...
[14:55:17] [DEBUG] [strategy.position] 보유 포지션 없음 - 대기 중...
[14:55:22] [DEBUG] [strategy.position] 보유 포지션 없음 - 대기 중...
[14:55:27] [DEBUG] [strategy.position] 보유 포지션 없음 - 대기 중...
[14:55:32] [DEBUG] [strategy.position] 보유 포지션 없음 - 대기 중...
[14:55:37] [DEBUG] [strategy.position] 보유 포지션 없음 - 대기 중...
[14:55:42] [DEBUG] [strategy.position] 보유 포지션 없음 - 대기 중...
[14:55:47] [DEBUG] [strategy.position] 보유 포지션 없음 - 대기 중...
[14:55:52] [DEBUG] [strategy.position] 보유 포지션 없음 - 대기 중...
[14:55:57] [DEBUG] [strategy.position] 보유 포지션 없음 - 대기 중...
[14:56:02] [DEBUG] [strategy.position] 보유 포지션 없음 - 대기 중...
[14:56:07] [DEBUG] [strategy.position] 보유 포지션 없음 - 대기 중...
[14:56:12] [DEBUG] [strategy.position] 보유 포지션 없음 - 대기 중...
[14:56:17] [DEBUG] [strategy.position] 보유 포지션 없음 - 대기 중...
[14:56:22] [DEBUG] [strategy.position] 보유 포지션 없음 - 대기 중...
[14:56:27] [DEBUG] [strategy.position] 보유 포지션 없음 - 대기 중...
[14:56:32] [DEBUG] [strategy.position] 보유 포지션 없음 - 대기 중...
[14:56:37] [DEBUG] [strategy.position] 보유 포지션 없음 - 대기 중...
[14:56:42] [DEBUG] [strategy.position] 보유 포지션 없음 - 대기 중...
[14:56:47] [DEBUG] [strategy.position] 보유 포지션 없음 - 대기 중...
[14:56:52] [DEBUG] [strategy.position] 보유 포지션 없음 - 대기 중...
[14:56:57] [DEBUG] [strategy.position] 보유 포지션 없음 - 대기 중...
[14:57:02] [DEBUG] [strategy.position] 보유 포지션 없음 - 대기 중...
[14:57:07] [DEBUG] [strategy.position] 보유 포지션 없음 - 대기 중...
[14:57:12] [DEBUG] [strategy.position] 보유 포지션 없음 - 대기 중...
[14:57:17] [DEBUG] [strategy.position] 보유 포지션 없음 - 대기 중...
[14:57:22] [DEBUG] [strategy.position] 보유 포지션 없음 - 대기 중...
[14:57:27] [DEBUG] [strategy.position] 보유 포지션 없음 - 대기 중...
[14:57:32] [DEBUG] [strategy.position] 보유 포지션 없음 - 대기 중...
[14:57:37] [DEBUG] [strategy.position] 보유 포지션 없음 - 대기 중...
[14:57:42] [DEBUG] [strategy.position] 보유 포지션 없음 - 대기 중...
[14:57:47] [DEBUG] [strategy.position] 보유 포지션 없음 - 대기 중...
[14:57:52] [DEBUG] [strategy.position] 보유 포지션 없음 - 대기 중...
[14:57:57] [DEBUG] [strategy.position] 보유 포지션 없음 - 대기 중...
[14:58:02] [DEBUG] [strategy.position] 보유 포지션 없음 - 대기 중...
[14:58:07] [DEBUG] [strategy.position] 보유 포지션 없음 - 대기 중...
[14:58:12] [DEBUG] [strategy.position] 보유 포지션 없음 - 대기 중...
[14:58:17] [DEBUG] [strategy.position] 보유 포지션 없음 - 대기 중...
[14:58:22] [DEBUG] [strategy.position] 보유 포지션 없음 - 대기 중...
[14:58:27] [DEBUG] [strategy.position] 보유 포지션 없음 - 대기 중...
[14:58:32] [DEBUG] [strategy.position] 보유 포지션 없음 - 대기 중...
[14:58:37] [DEBUG] [strategy.position] 보유 포지션 없음 - 대기 중...
[14:58:42] [DEBUG] [strategy.position] 보유 포지션 없음 - 대기 중...
[14:58:47] [DEBUG] [strategy.position] 보유 포지션 없음 - 대기 중...
[14:58:52] [DEBUG] [strategy.position] 보유 포지션 없음 - 대기 중...
[14:58:57] [DEBUG] [strategy.position] 보유 포지션 없음 - 대기 중...
[14:59:02] [DEBUG] [strategy.position] 보유 포지션 없음 - 대기 중...
[14:59:07] [DEBUG] [strategy.position] 보유 포지션 없음 - 대기 중...
[14:59:12] [DEBUG] [strategy.position] 보유 포지션 없음 - 대기 중...
[14:59:17] [DEBUG] [strategy.position] 보유 포지션 없음 - 대기 중...
[14:59:22] [DEBUG] [strategy.position] 보유 포지션 없음 - 대기 중...
[14:59:27] [DEBUG] [strategy.position] 보유 포지션 없음 - 대기 중...
[14:59:32] [DEBUG] [strategy.position] 보유 포지션 없음 - 대기 중...
[14:59:37] [DEBUG] [strategy.position] 보유 포지션 없음 - 대기 중...
[14:59:42] [DEBUG] [strategy.position] 보유 포지션 없음 - 대기 중...
[14:59:47] [DEBUG] [strategy.position] 보유 포지션 없음 - 대기 중...
[14:59:52] [DEBUG] [strategy.position] 보유 포지션 없음 - 대기 중...
[14:59:57] [DEBUG] [strategy.position] 보유 포지션 없음 - 대기 중...
[15:00:02] [DEBUG] [strategy.position] 보유 포지션 없음 - 대기 중...
[15:00:07] [DEBUG] [strategy.position] 보유 포지션 없음 - 대기 중...
[15:00:12] [DEBUG] [strategy.position] 보유 포지션 없음 - 대기 중...
[15:00:17] [DEBUG] [strategy.position] 보유 포지션 없음 - 대기 중...
[15:00:22] [DEBUG] [strategy.position] 보유 포지션 없음 - 대기 중...
[15:00:27] [DEBUG] [strategy.position] 보유 포지션 없음 - 대기 중...
[15:00:32] [DEBUG] [strategy.position] 보유 포지션 없음 - 대기 중...
[15:00:37] [DEBUG] [strategy.position] 보유 포지션 없음 - 대기 중...
[15:00:42] [DEBUG] [strategy.position] 보유 포지션 없음 - 대기 중...
[15:00:47] [DEBUG] [strategy.position] 보유 포지션 없음 - 대기 중...
[15:00:52] [DEBUG] [strategy.position] 보유 포지션 없음 - 대기 중...
[15:00:57] [DEBUG] [strategy.position] 보유 포지션 없음 - 대기 중...
[15:01:02] [DEBUG] [strategy.position] 보유 포지션 없음 - 대기 중...
[15:01:07] [DEBUG] [strategy.position] 보유 포지션 없음 - 대기 중...
[15:01:12] [DEBUG] [strategy.position] 보유 포지션 없음 - 대기 중...
[15:01:17] [DEBUG] [strategy.position] 보유 포지션 없음 - 대기 중...
[15:01:22] [DEBUG] [strategy.position] 보유 포지션 없음 - 대기 중...
[15:01:27] [DEBUG] [strategy.position] 보유 포지션 없음 - 대기 중...
[15:01:32] [DEBUG] [strategy.position] 보유 포지션 없음 - 대기 중...
[15:01:37] [DEBUG] [strategy.position] 보유 포지션 없음 - 대기 중...
[15:01:42] [DEBUG] [strategy.position] 보유 포지션 없음 - 대기 중...
[15:01:47] [DEBUG] [strategy.position] 보유 포지션 없음 - 대기 중...
[15:01:52] [DEBUG] [strategy.position] 보유 포지션 없음 - 대기 중...
[15:01:57] [DEBUG] [strategy.position] 보유 포지션 없음 - 대기 중...
[15:02:02] [DEBUG] [strategy.position] 보유 포지션 없음 - 대기 중...
[15:02:07] [DEBUG] [strategy.position] 보유 포지션 없음 - 대기 중...
[15:02:12] [DEBUG] [strategy.position] 보유 포지션 없음 - 대기 중...
[15:02:17] [DEBUG] [strategy.position] 보유 포지션 없음 - 대기 중...
[15:02:22] [DEBUG] [strategy.position] 보유 포지션 없음 - 대기 중...
[15:02:27] [DEBUG] [strategy.position] 보유 포지션 없음 - 대기 중...
[15:02:32] [DEBUG] [strategy.position] 보유 포지션 없음 - 대기 중...
[15:02:37] [DEBUG] [strategy.position] 보유 포지션 없음 - 대기 중...
[15:02:42] [DEBUG] [strategy.position] 보유 포지션 없음 - 대기 중...
[15:02:47] [DEBUG] [strategy.position] 보유 포지션 없음 - 대기 중...
[15:02:52] [DEBUG] [strategy.position] 보유 포지션 없음 - 대기 중...
[15:02:57] [DEBUG] [strategy.position] 보유 포지션 없음 - 대기 중...
[15:03:02] [DEBUG] [strategy.position] 보유 포지션 없음 - 대기 중...
[15:03:07] [DEBUG] [strategy.position] 보유 포지션 없음 - 대기 중...
[15:03:12] [DEBUG] [strategy.position] 보유 포지션 없음 - 대기 중...
[15:03:17] [DEBUG] [strategy.position] 보유 포지션 없음 - 대기 중...
[15:03:22] [DEBUG] [strategy.position] 보유 포지션 없음 - 대기 중...
[15:03:27] [DEBUG] [strategy.position] 보유 포지션 없음 - 대기 중...
[15:03:32] [DEBUG] [strategy.position] 보유 포지션 없음 - 대기 중...
[15:03:37] [DEBUG] [strategy.position] 보유 포지션 없음 - 대기 중...
[15:03:42] [DEBUG] [strategy.position] 보유 포지션 없음 - 대기 중...
[15:03:47] [DEBUG] [strategy.position] 보유 포지션 없음 - 대기 중...
[15:03:52] [DEBUG] [strategy.position] 보유 포지션 없음 - 대기 중...
[15:03:57] [DEBUG] [strategy.position] 보유 포지션 없음 - 대기 중...
[15:04:02] [DEBUG] [strategy.position] 보유 포지션 없음 - 대기 중...
[15:04:07] [DEBUG] [strategy.position] 보유 포지션 없음 - 대기 중...
[15:04:12] [DEBUG] [strategy.position] 보유 포지션 없음 - 대기 중...
[15:04:17] [DEBUG] [strategy.position] 보유 포지션 없음 - 대기 중...
[15:04:22] [DEBUG] [strategy.position] 보유 포지션 없음 - 대기 중...
[15:04:27] [DEBUG] [strategy.position] 보유 포지션 없음 - 대기 중...
[15:04:32] [DEBUG] [strategy.position] 보유 포지션 없음 - 대기 중...
[15:04:37] [DEBUG] [strategy.position] 보유 포지션 없음 - 대기 중...
[15:04:42] [DEBUG] [strategy.position] 보유 포지션 없음 - 대기 중...
[15:04:47] [DEBUG] [strategy.position] 보유 포지션 없음 - 대기 중...
[15:04:52] [DEBUG] [strategy.position] 보유 포지션 없음 - 대기 중...
[15:04:57] [DEBUG] [strategy.position] 보유 포지션 없음 - 대기 중...
[15:05:02] [DEBUG] [strategy.position] 보유 포지션 없음 - 대기 중...
[15:05:07] [DEBUG] [strategy.position] 보유 포지션 없음 - 대기 중...
[15:05:12] [DEBUG] [strategy.position] 보유 포지션 없음 - 대기 중...
[15:05:17] [DEBUG] [strategy.position] 보유 포지션 없음 - 대기 중...
[15:05:22] [DEBUG] [strategy.position] 보유 포지션 없음 - 대기 중...
[15:05:27] [DEBUG] [strategy.position] 보유 포지션 없음 - 대기 중...
[15:05:32] [DEBUG] [strategy.position] 보유 포지션 없음 - 대기 중...
[15:05:37] [DEBUG] [strategy.position] 보유 포지션 없음 - 대기 중...
[15:05:42] [DEBUG] [strategy.position] 보유 포지션 없음 - 대기 중...
[15:05:47] [DEBUG] [strategy.position] 보유 포지션 없음 - 대기 중...
[15:05:52] [DEBUG] [strategy.position] 보유 포지션 없음 - 대기 중...
[15:05:57] [DEBUG] [strategy.position] 보유 포지션 없음 - 대기 중...
[15:06:02] [DEBUG] [strategy.position] 보유 포지션 없음 - 대기 중...
[15:06:07] [DEBUG] [strategy.position] 보유 포지션 없음 - 대기 중...
[15:06:12] [DEBUG] [strategy.position] 보유 포지션 없음 - 대기 중...
[15:06:17] [DEBUG] [strategy.position] 보유 포지션 없음 - 대기 중...
[15:06:22] [DEBUG] [strategy.position] 보유 포지션 없음 - 대기 중...
[15:06:27] [DEBUG] [strategy.position] 보유 포지션 없음 - 대기 중...
[15:06:32] [DEBUG] [strategy.position] 보유 포지션 없음 - 대기 중...
[15:06:37] [DEBUG] [strategy.position] 보유 포지션 없음 - 대기 중...
[15:06:42] [DEBUG] [strategy.position] 보유 포지션 없음 - 대기 중...
[15:06:47] [DEBUG] [strategy.position] 보유 포지션 없음 - 대기 중...
[15:06:52] [DEBUG] [strategy.position] 보유 포지션 없음 - 대기 중...
[15:06:57] [DEBUG] [strategy.position] 보유 포지션 없음 - 대기 중...
[15:07:02] [DEBUG] [strategy.position] 보유 포지션 없음 - 대기 중...
[15:07:07] [DEBUG] [strategy.position] 보유 포지션 없음 - 대기 중...
[15:07:12] [DEBUG] [strategy.position] 보유 포지션 없음 - 대기 중...
[15:07:17] [DEBUG] [strategy.position] 보유 포지션 없음 - 대기 중...
[15:07:22] [DEBUG] [strategy.position] 보유 포지션 없음 - 대기 중...
[15:07:27] [DEBUG] [strategy.position] 보유 포지션 없음 - 대기 중...
[15:07:32] [DEBUG] [strategy.position] 보유 포지션 없음 - 대기 중...
[15:07:37] [DEBUG] [strategy.position] 보유 포지션 없음 - 대기 중...
[15:07:42] [DEBUG] [strategy.position] 보유 포지션 없음 - 대기 중...
[15:07:47] [DEBUG] [strategy.position] 보유 포지션 없음 - 대기 중...
[15:07:52] [DEBUG] [strategy.position] 보유 포지션 없음 - 대기 중...
[15:07:57] [DEBUG] [strategy.position] 보유 포지션 없음 - 대기 중...
[15:08:02] [DEBUG] [strategy.position] 보유 포지션 없음 - 대기 중...
[15:08:07] [DEBUG] [strategy.position] 보유 포지션 없음 - 대기 중...
[15:08:12] [DEBUG] [strategy.position] 보유 포지션 없음 - 대기 중...
[15:08:17] [DEBUG] [strategy.position] 보유 포지션 없음 - 대기 중...
[15:08:22] [DEBUG] [strategy.position] 보유 포지션 없음 - 대기 중...
[15:08:27] [DEBUG] [strategy.position] 보유 포지션 없음 - 대기 중...
[15:08:32] [DEBUG] [strategy.position] 보유 포지션 없음 - 대기 중...
[15:08:37] [DEBUG] [strategy.position] 보유 포지션 없음 - 대기 중...
[15:08:42] [DEBUG] [strategy.position] 보유 포지션 없음 - 대기 중...
[15:08:47] [DEBUG] [strategy.position] 보유 포지션 없음 - 대기 중...
[15:08:52] [DEBUG] [strategy.position] 보유 포지션 없음 - 대기 중...
[15:08:57] [DEBUG] [strategy.position] 보유 포지션 없음 - 대기 중...
[15:09:02] [DEBUG] [strategy.position] 보유 포지션 없음 - 대기 중...
[15:09:07] [DEBUG] [strategy.position] 보유 포지션 없음 - 대기 중...
[15:09:12] [DEBUG] [strategy.position] 보유 포지션 없음 - 대기 중...
[15:09:17] [DEBUG] [strategy.position] 보유 포지션 없음 - 대기 중...
[15:09:22] [DEBUG] [strategy.position] 보유 포지션 없음 - 대기 중...
[15:09:27] [DEBUG] [strategy.position] 보유 포지션 없음 - 대기 중...
[15:09:32] [DEBUG] [strategy.position] 보유 포지션 없음 - 대기 중...
[15:09:37] [DEBUG] [strategy.position] 보유 포지션 없음 - 대기 중...
[15:09:42] [DEBUG] [strategy.position] 보유 포지션 없음 - 대기 중...
[15:09:47] [DEBUG] [strategy.position] 보유 포지션 없음 - 대기 중...
[15:09:52] [DEBUG] [strategy.position] 보유 포지션 없음 - 대기 중...
[15:09:57] [DEBUG] [strategy.position] 보유 포지션 없음 - 대기 중...
[15:10:02] [DEBUG] [strategy.position] 보유 포지션 없음 - 대기 중...
[15:10:07] [DEBUG] [strategy.position] 보유 포지션 없음 - 대기 중...
[15:10:12] [DEBUG] [strategy.position] 보유 포지션 없음 - 대기 중...
[15:10:17] [DEBUG] [strategy.position] 보유 포지션 없음 - 대기 중...
[15:10:22] [DEBUG] [strategy.position] 보유 포지션 없음 - 대기 중...
[15:10:27] [DEBUG] [strategy.position] 보유 포지션 없음 - 대기 중...
[15:10:32] [DEBUG] [strategy.position] 보유 포지션 없음 - 대기 중...
[15:10:37] [DEBUG] [strategy.position] 보유 포지션 없음 - 대기 중...
[15:10:42] [DEBUG] [strategy.position] 보유 포지션 없음 - 대기 중...
[15:10:47] [DEBUG] [strategy.position] 보유 포지션 없음 - 대기 중...
[15:10:52] [DEBUG] [strategy.position] 보유 포지션 없음 - 대기 중...
[15:10:57] [DEBUG] [strategy.position] 보유 포지션 없음 - 대기 중...
[15:11:02] [DEBUG] [strategy.position] 보유 포지션 없음 - 대기 중...
[15:11:07] [DEBUG] [strategy.position] 보유 포지션 없음 - 대기 중...
[15:11:12] [DEBUG] [strategy.position] 보유 포지션 없음 - 대기 중...
[15:11:17] [DEBUG] [strategy.position] 보유 포지션 없음 - 대기 중...
[15:11:22] [DEBUG] [strategy.position] 보유 포지션 없음 - 대기 중...
[15:11:27] [DEBUG] [strategy.position] 보유 포지션 없음 - 대기 중...
[15:11:32] [DEBUG] [strategy.position] 보유 포지션 없음 - 대기 중...
[15:11:37] [DEBUG] [strategy.position] 보유 포지션 없음 - 대기 중...
[15:11:42] [DEBUG] [strategy.position] 보유 포지션 없음 - 대기 중...
[15:11:47] [DEBUG] [strategy.position] 보유 포지션 없음 - 대기 중...
[15:11:52] [DEBUG] [strategy.position] 보유 포지션 없음 - 대기 중...
[15:11:57] [DEBUG] [strategy.position] 보유 포지션 없음 - 대기 중...
[15:12:02] [DEBUG] [strategy.position] 보유 포지션 없음 - 대기 중...
[15:12:07] [DEBUG] [strategy.position] 보유 포지션 없음 - 대기 중...
[15:12:12] [DEBUG] [strategy.position] 보유 포지션 없음 - 대기 중...
[15:12:17] [DEBUG] [strategy.position] 보유 포지션 없음 - 대기 중...
[15:12:22] [DEBUG] [strategy.position] 보유 포지션 없음 - 대기 중...
[15:12:27] [DEBUG] [strategy.position] 보유 포지션 없음 - 대기 중...
[15:12:32] [DEBUG] [strategy.position] 보유 포지션 없음 - 대기 중...
[15:12:37] [DEBUG] [strategy.position] 보유 포지션 없음 - 대기 중...
[15:12:42] [DEBUG] [strategy.position] 보유 포지션 없음 - 대기 중...
[15:12:47] [DEBUG] [strategy.position] 보유 포지션 없음 - 대기 중...
[15:12:52] [DEBUG] [strategy.position] 보유 포지션 없음 - 대기 중...
[15:12:57] [DEBUG] [strategy.position] 보유 포지션 없음 - 대기 중...
[15:13:02] [DEBUG] [strategy.position] 보유 포지션 없음 - 대기 중...
[15:13:07] [DEBUG] [strategy.position] 보유 포지션 없음 - 대기 중...
[15:13:12] [DEBUG] [strategy.position] 보유 포지션 없음 - 대기 중...
[15:13:17] [DEBUG] [strategy.position] 보유 포지션 없음 - 대기 중...
[15:13:22] [DEBUG] [strategy.position] 보유 포지션 없음 - 대기 중...
[15:13:27] [DEBUG] [strategy.position] 보유 포지션 없음 - 대기 중...
[15:13:32] [DEBUG] [strategy.position] 보유 포지션 없음 - 대기 중...
[15:13:37] [DEBUG] [strategy.position] 보유 포지션 없음 - 대기 중...
[15:13:42] [DEBUG] [strategy.position] 보유 포지션 없음 - 대기 중...
[15:13:47] [DEBUG] [strategy.position] 보유 포지션 없음 - 대기 중...
[15:13:52] [DEBUG] [strategy.position] 보유 포지션 없음 - 대기 중...
[15:13:57] [DEBUG] [strategy.position] 보유 포지션 없음 - 대기 중...
[15:14:02] [DEBUG] [strategy.position] 보유 포지션 없음 - 대기 중...
[15:14:07] [DEBUG] [strategy.position] 보유 포지션 없음 - 대기 중...
[15:14:12] [DEBUG] [strategy.position] 보유 포지션 없음 - 대기 중...
[15:14:17] [DEBUG] [strategy.position] 보유 포지션 없음 - 대기 중...
[15:14:22] [DEBUG] [strategy.position] 보유 포지션 없음 - 대기 중...
[15:14:27] [DEBUG] [strategy.position] 보유 포지션 없음 - 대기 중...
[15:14:32] [DEBUG] [strategy.position] 보유 포지션 없음 - 대기 중...
[15:14:37] [DEBUG] [strategy.position] 보유 포지션 없음 - 대기 중...
[15:14:42] [DEBUG] [strategy.position] 보유 포지션 없음 - 대기 중...
[15:14:47] [DEBUG] [strategy.position] 보유 포지션 없음 - 대기 중...
[15:14:52] [DEBUG] [strategy.position] 보유 포지션 없음 - 대기 중...
[15:14:57] [DEBUG] [strategy.position] 보유 포지션 없음 - 대기 중...
[15:15:02] [DEBUG] [strategy.position] 보유 포지션 없음 - 대기 중...
[15:15:07] [DEBUG] [strategy.position] 보유 포지션 없음 - 대기 중...
[15:15:12] [DEBUG] [strategy.position] 보유 포지션 없음 - 대기 중...
[15:15:17] [DEBUG] [strategy.position] 보유 포지션 없음 - 대기 중...
[15:15:22] [DEBUG] [strategy.position] 보유 포지션 없음 - 대기 중...
[15:15:27] [DEBUG] [strategy.position] 보유 포지션 없음 - 대기 중...
[15:15:32] [DEBUG] [strategy.position] 보유 포지션 없음 - 대기 중...
[15:15:37] [DEBUG] [strategy.position] 보유 포지션 없음 - 대기 중...
[15:15:42] [DEBUG] [strategy.position] 보유 포지션 없음 - 대기 중...
[15:15:47] [DEBUG] [strategy.position] 보유 포지션 없음 - 대기 중...
[15:15:52] [DEBUG] [strategy.position] 보유 포지션 없음 - 대기 중...
[15:15:57] [DEBUG] [strategy.position] 보유 포지션 없음 - 대기 중...
[15:16:02] [DEBUG] [strategy.position] 보유 포지션 없음 - 대기 중...
[15:16:07] [DEBUG] [strategy.position] 보유 포지션 없음 - 대기 중...
[15:16:12] [DEBUG] [strategy.position] 보유 포지션 없음 - 대기 중...
[15:16:17] [DEBUG] [strategy.position] 보유 포지션 없음 - 대기 중...
[15:16:22] [DEBUG] [strategy.position] 보유 포지션 없음 - 대기 중...
[15:16:27] [DEBUG] [strategy.position] 보유 포지션 없음 - 대기 중...
[15:16:32] [DEBUG] [strategy.position] 보유 포지션 없음 - 대기 중...
[15:16:37] [DEBUG] [strategy.position] 보유 포지션 없음 - 대기 중...
[15:16:42] [DEBUG] [strategy.position] 보유 포지션 없음 - 대기 중...
[15:16:47] [DEBUG] [strategy.position] 보유 포지션 없음 - 대기 중...
[15:16:52] [DEBUG] [strategy.position] 보유 포지션 없음 - 대기 중...
[15:16:57] [DEBUG] [strategy.position] 보유 포지션 없음 - 대기 중...
[15:17:02] [DEBUG] [strategy.position] 보유 포지션 없음 - 대기 중...
[15:17:07] [DEBUG] [strategy.position] 보유 포지션 없음 - 대기 중...
[15:17:12] [DEBUG] [strategy.position] 보유 포지션 없음 - 대기 중...
[15:17:17] [DEBUG] [strategy.position] 보유 포지션 없음 - 대기 중...
[15:17:22] [DEBUG] [strategy.position] 보유 포지션 없음 - 대기 중...
[15:17:27] [DEBUG] [strategy.position] 보유 포지션 없음 - 대기 중...
[15:17:32] [DEBUG] [strategy.position] 보유 포지션 없음 - 대기 중...
[15:17:37] [DEBUG] [strategy.position] 보유 포지션 없음 - 대기 중...
[15:17:42] [DEBUG] [strategy.position] 보유 포지션 없음 - 대기 중...
[15:17:47] [DEBUG] [strategy.position] 보유 포지션 없음 - 대기 중...
[15:17:52] [DEBUG] [strategy.position] 보유 포지션 없음 - 대기 중...
[15:17:57] [DEBUG] [strategy.position] 보유 포지션 없음 - 대기 중...
[15:18:02] [DEBUG] [strategy.position] 보유 포지션 없음 - 대기 중...
[15:18:07] [DEBUG] [strategy.position] 보유 포지션 없음 - 대기 중...
[15:18:12] [DEBUG] [strategy.position] 보유 포지션 없음 - 대기 중...
[15:18:17] [DEBUG] [strategy.position] 보유 포지션 없음 - 대기 중...
[15:18:22] [DEBUG] [strategy.position] 보유 포지션 없음 - 대기 중...
[15:18:27] [DEBUG] [strategy.position] 보유 포지션 없음 - 대기 중...
[15:18:32] [DEBUG] [strategy.position] 보유 포지션 없음 - 대기 중...
[15:18:37] [DEBUG] [strategy.position] 보유 포지션 없음 - 대기 중...
[15:18:42] [DEBUG] [strategy.position] 보유 포지션 없음 - 대기 중...
[15:18:47] [DEBUG] [strategy.position] 보유 포지션 없음 - 대기 중...
[15:18:52] [DEBUG] [strategy.position] 보유 포지션 없음 - 대기 중...
[15:18:57] [DEBUG] [strategy.position] 보유 포지션 없음 - 대기 중...
[15:19:02] [DEBUG] [strategy.position] 보유 포지션 없음 - 대기 중...
[15:19:07] [DEBUG] [strategy.position] 보유 포지션 없음 - 대기 중...
[15:19:12] [DEBUG] [strategy.position] 보유 포지션 없음 - 대기 중...
[15:19:17] [DEBUG] [strategy.position] 보유 포지션 없음 - 대기 중...
[15:19:22] [DEBUG] [strategy.position] 보유 포지션 없음 - 대기 중...
[15:19:27] [DEBUG] [strategy.position] 보유 포지션 없음 - 대기 중...
[15:19:32] [DEBUG] [strategy.position] 보유 포지션 없음 - 대기 중...
[15:19:37] [DEBUG] [strategy.position] 보유 포지션 없음 - 대기 중...
[15:19:42] [DEBUG] [strategy.position] 보유 포지션 없음 - 대기 중...
[15:19:47] [DEBUG] [strategy.position] 보유 포지션 없음 - 대기 중...
[15:19:52] [DEBUG] [strategy.position] 보유 포지션 없음 - 대기 중...
[15:19:57] [DEBUG] [strategy.position] 보유 포지션 없음 - 대기 중...
[15:20:02] [INFO] [main] ⏰ 장 마감 (15:20) - 보유 포지션 전량 청산 중...
[15:20:02] [INFO] [strategy.position] 포지션 모니터링 종료
[15:20:17] [INFO] [main] 👋 자동매매 프로그램 종료
