[18:09:48] [INFO] [simulate] [18:09] 🔍 조건 검색 중...
[18:09:48] [INFO] [price] 거래량 순위 조회 완료: 9개 종목 (등락률 필터 후)
[18:09:49] [WARNING] [chart] [004410] 분봉 데이터 부족
[18:09:50] [DEBUG] [strategy] [서울식품] 탈락: 시가총액미달(905억), 매수세약(0.0%)
[18:09:51] [WARNING] [chart] [462330] 분봉 데이터 부족
[18:09:52] [DEBUG] [strategy] [KODEX 2차전지산업레버리지] 탈락: 매수세약(0.0%)
[18:09:53] [WARNING] [chart] [003060] 분봉 데이터 부족
[18:09:53] [DEBUG] [strategy] [에이프로젠바이오로직스] 탈락: 거래대금부족(197억), 시가총액미달(810억), 매수세약(0.0%)
[18:09:55] [WARNING] [chart] [452260] 분봉 데이터 부족
[18:09:55] [DEBUG] [strategy] [한화갤러리아] 탈락: 매수세약(0.0%)
[18:09:57] [WARNING] [chart] [001510] 분봉 데이터 부족
[18:09:57] [DEBUG] [strategy] [SK증권] 탈락: 매수세약(0.0%)
[18:09:58] [WARNING] [chart] [024840] 분봉 데이터 부족
[18:09:59] [DEBUG] [strategy] [KBI메탈] 탈락: 시가총액미달(876억), 매수세약(0.0%)
[18:10:00] [WARNING] [chart] [005930] 분봉 데이터 부족
[18:10:01] [DEBUG] [strategy] [삼성전자] 탈락: 매수세약(0.0%)
[18:10:02] [WARNING] [chart] [047040] 분봉 데이터 부족
[18:10:02] [DEBUG] [strategy] [대우건설] 탈락: 매수세약(0.0%)
[18:10:04] [WARNING] [chart] [122630] 분봉 데이터 부족
[18:10:04] [DEBUG] [strategy] [KODEX 레버리지] 탈락: 매수세약(0.0%)
[18:10:05] [INFO] [strategy] 조건 검색: 9개 → 필터 후 0개 후보
[18:10:05] [INFO] [simulate] 매수 후보 없음
[18:10:20] [INFO] [simulate] [18:10] 🔍 조건 검색 중...
[18:10:20] [INFO] [price] 거래량 순위 조회 완료: 9개 종목 (등락률 필터 후)
[18:10:21] [WARNING] [chart] [004410] 분봉 데이터 부족
[18:10:22] [DEBUG] [strategy] [서울식품] 탈락: 시가총액미달(905억), 매수세약(0.0%)
[18:10:23] [WARNING] [chart] [462330] 분봉 데이터 부족
[18:10:23] [DEBUG] [strategy] [KODEX 2차전지산업레버리지] 탈락: 매수세약(0.0%)
[18:10:25] [WARNING] [chart] [003060] 분봉 데이터 부족
[18:10:25] [DEBUG] [strategy] [에이프로젠바이오로직스] 탈락: 거래대금부족(197억), 시가총액미달(810억), 매수세약(0.0%)
[18:10:26] [WARNING] [chart] [452260] 분봉 데이터 부족
[18:10:27] [DEBUG] [strategy] [한화갤러리아] 탈락: 매수세약(0.0%)
[18:10:28] [WARNING] [chart] [001510] 분봉 데이터 부족
[18:10:29] [DEBUG] [strategy] [SK증권] 탈락: 매수세약(0.0%)
[18:10:30] [WARNING] [chart] [024840] 분봉 데이터 부족
[18:10:31] [DEBUG] [strategy] [KBI메탈] 탈락: 시가총액미달(876억), 매수세약(0.0%)
[18:10:32] [WARNING] [chart] [005930] 분봉 데이터 부족
[18:10:32] [DEBUG] [strategy] [삼성전자] 탈락: 매수세약(0.0%)
[18:10:34] [WARNING] [chart] [047040] 분봉 데이터 부족
[18:10:34] [DEBUG] [strategy] [대우건설] 탈락: 매수세약(0.0%)
[18:10:36] [WARNING] [chart] [122630] 분봉 데이터 부족
[18:10:36] [DEBUG] [strategy] [KODEX 레버리지] 탈락: 매수세약(0.0%)
[18:10:37] [INFO] [strategy] 조건 검색: 9개 → 필터 후 0개 후보
[18:10:37] [INFO] [simulate] 매수 후보 없음
[18:10:52] [INFO] [simulate] [18:10] 🔍 조건 검색 중...
[18:10:52] [INFO] [price] 거래량 순위 조회 완료: 9개 종목 (등락률 필터 후)
[18:10:53] [WARNING] [chart] [004410] 분봉 데이터 부족
[18:10:54] [DEBUG] [strategy] [서울식품] 탈락: 시가총액미달(905억), 매수세약(0.0%)
[18:10:55] [WARNING] [chart] [462330] 분봉 데이터 부족
[18:10:55] [DEBUG] [strategy] [KODEX 2차전지산업레버리지] 탈락: 매수세약(0.0%)
[18:10:57] [WARNING] [chart] [003060] 분봉 데이터 부족
[18:10:58] [DEBUG] [strategy] [에이프로젠바이오로직스] 탈락: 거래대금부족(197억), 시가총액미달(810억), 매수세약(0.0%)
[18:11:00] [WARNING] [chart] [452260] 분봉 데이터 부족
[18:11:01] [DEBUG] [strategy] [한화갤러리아] 탈락: 매수세약(0.0%)
[18:11:02] [WARNING] [chart] [001510] 분봉 데이터 부족
[18:11:03] [DEBUG] [strategy] [SK증권] 탈락: 매수세약(0.0%)
[18:11:04] [WARNING] [chart] [024840] 분봉 데이터 부족
[18:11:05] [DEBUG] [strategy] [KBI메탈] 탈락: 시가총액미달(876억), 매수세약(0.0%)
[18:11:07] [WARNING] [chart] [005930] 분봉 데이터 부족
[18:11:08] [DEBUG] [strategy] [삼성전자] 탈락: 매수세약(0.0%)
[18:11:09] [WARNING] [chart] [047040] 분봉 데이터 부족
[18:11:10] [DEBUG] [strategy] [대우건설] 탈락: 매수세약(0.0%)
[18:11:12] [WARNING] [chart] [122630] 분봉 데이터 부족
[18:11:12] [DEBUG] [strategy] [KODEX 레버리지] 탈락: 매수세약(0.0%)
[18:11:13] [INFO] [strategy] 조건 검색: 9개 → 필터 후 0개 후보
[18:11:13] [INFO] [simulate] 매수 후보 없음
[18:11:23] [INFO] [simulate] [18:11] 🔍 조건 검색 중...
[18:11:23] [INFO] [price] 거래량 순위 조회 완료: 9개 종목 (등락률 필터 후)
[18:11:25] [WARNING] [chart] [004410] 분봉 데이터 부족
[18:11:25] [DEBUG] [strategy] [서울식품] 탈락: 시가총액미달(905억), 매수세약(0.0%)
[18:11:27] [WARNING] [chart] [462330] 분봉 데이터 부족
[18:11:28] [DEBUG] [strategy] [KODEX 2차전지산업레버리지] 탈락: 매수세약(0.0%)
[18:11:29] [WARNING] [chart] [003060] 분봉 데이터 부족
[18:11:30] [DEBUG] [strategy] [에이프로젠바이오로직스] 탈락: 거래대금부족(197억), 시가총액미달(810억), 매수세약(0.0%)
[18:11:32] [WARNING] [chart] [452260] 분봉 데이터 부족
[18:11:32] [DEBUG] [strategy] [한화갤러리아] 탈락: 매수세약(0.0%)
[18:11:34] [WARNING] [chart] [001510] 분봉 데이터 부족
[18:11:35] [DEBUG] [strategy] [SK증권] 탈락: 매수세약(0.0%)
[18:11:36] [WARNING] [chart] [024840] 분봉 데이터 부족
[18:11:37] [DEBUG] [strategy] [KBI메탈] 탈락: 시가총액미달(876억), 매수세약(0.0%)
[18:11:39] [WARNING] [chart] [005930] 분봉 데이터 부족
[18:11:40] [DEBUG] [strategy] [삼성전자] 탈락: 매수세약(0.0%)
[18:11:41] [WARNING] [chart] [047040] 분봉 데이터 부족
[18:11:42] [DEBUG] [strategy] [대우건설] 탈락: 매수세약(0.0%)
[18:11:45] [WARNING] [chart] [122630] 분봉 데이터 부족
[18:11:45] [DEBUG] [strategy] [KODEX 레버리지] 탈락: 매수세약(0.0%)
[18:11:46] [INFO] [strategy] 조건 검색: 9개 → 필터 후 0개 후보
[18:11:46] [INFO] [simulate] 매수 후보 없음
[18:11:56] [INFO] [simulate] [18:11] 🔍 조건 검색 중...
[18:11:56] [INFO] [price] 거래량 순위 조회 완료: 9개 종목 (등락률 필터 후)
[18:11:58] [WARNING] [chart] [004410] 분봉 데이터 부족
[18:11:59] [DEBUG] [strategy] [서울식품] 탈락: 시가총액미달(905억), 매수세약(0.0%)
[18:12:00] [WARNING] [chart] [462330] 분봉 데이터 부족
[18:12:01] [DEBUG] [strategy] [KODEX 2차전지산업레버리지] 탈락: 매수세약(0.0%)
[18:12:03] [WARNING] [chart] [003060] 분봉 데이터 부족
[18:12:03] [DEBUG] [strategy] [에이프로젠바이오로직스] 탈락: 거래대금부족(197억), 시가총액미달(810억), 매수세약(0.0%)
[18:12:05] [WARNING] [chart] [452260] 분봉 데이터 부족
[18:12:06] [DEBUG] [strategy] [한화갤러리아] 탈락: 매수세약(0.0%)
[18:12:07] [WARNING] [chart] [001510] 분봉 데이터 부족
[18:12:08] [DEBUG] [strategy] [SK증권] 탈락: 매수세약(0.0%)
[18:12:10] [WARNING] [chart] [024840] 분봉 데이터 부족
[18:12:10] [DEBUG] [strategy] [KBI메탈] 탈락: 시가총액미달(876억), 매수세약(0.0%)
[18:12:12] [WARNING] [chart] [005930] 분봉 데이터 부족
[18:12:13] [DEBUG] [strategy] [삼성전자] 탈락: 매수세약(0.0%)
[18:12:14] [WARNING] [chart] [047040] 분봉 데이터 부족
[18:12:15] [DEBUG] [strategy] [대우건설] 탈락: 매수세약(0.0%)
[18:12:17] [WARNING] [chart] [122630] 분봉 데이터 부족
[18:12:17] [DEBUG] [strategy] [KODEX 레버리지] 탈락: 매수세약(0.0%)
[18:12:18] [INFO] [strategy] 조건 검색: 9개 → 필터 후 0개 후보
[18:12:18] [INFO] [simulate] 매수 후보 없음
[18:12:28] [INFO] [simulate] [18:12] 🔍 조건 검색 중...
[18:12:28] [INFO] [price] 거래량 순위 조회 완료: 9개 종목 (등락률 필터 후)
[18:12:30] [WARNING] [chart] [004410] 분봉 데이터 부족
[18:12:30] [DEBUG] [strategy] [서울식품] 탈락: 시가총액미달(905억), 매수세약(0.0%)
[18:12:32] [WARNING] [chart] [462330] 분봉 데이터 부족
[18:12:33] [DEBUG] [strategy] [KODEX 2차전지산업레버리지] 탈락: 매수세약(0.0%)
[18:12:35] [WARNING] [chart] [003060] 분봉 데이터 부족
[18:12:35] [DEBUG] [strategy] [에이프로젠바이오로직스] 탈락: 거래대금부족(197억), 시가총액미달(810억), 매수세약(0.0%)
[18:12:37] [WARNING] [chart] [452260] 분봉 데이터 부족
[18:12:38] [DEBUG] [strategy] [한화갤러리아] 탈락: 매수세약(0.0%)
[18:12:40] [WARNING] [chart] [001510] 분봉 데이터 부족
[18:12:40] [DEBUG] [strategy] [SK증권] 탈락: 매수세약(0.0%)
[18:12:42] [WARNING] [chart] [024840] 분봉 데이터 부족
[18:12:43] [DEBUG] [strategy] [KBI메탈] 탈락: 시가총액미달(876억), 매수세약(0.0%)
[18:12:45] [WARNING] [chart] [005930] 분봉 데이터 부족
[18:12:46] [DEBUG] [strategy] [삼성전자] 탈락: 매수세약(0.0%)
[18:12:47] [WARNING] [chart] [047040] 분봉 데이터 부족
[18:12:48] [DEBUG] [strategy] [대우건설] 탈락: 매수세약(0.0%)
[18:12:50] [WARNING] [chart] [122630] 분봉 데이터 부족
[18:12:50] [DEBUG] [strategy] [KODEX 레버리지] 탈락: 매수세약(0.0%)
[18:12:51] [INFO] [strategy] 조건 검색: 9개 → 필터 후 0개 후보
[18:12:51] [INFO] [simulate] 매수 후보 없음
[18:13:01] [INFO] [simulate] [18:13] 🔍 조건 검색 중...
[18:13:01] [INFO] [price] 거래량 순위 조회 완료: 9개 종목 (등락률 필터 후)
[18:13:03] [WARNING] [chart] [004410] 분봉 데이터 부족
[18:13:04] [DEBUG] [strategy] [서울식품] 탈락: 시가총액미달(905억), 매수세약(0.0%)
[18:13:05] [WARNING] [chart] [462330] 분봉 데이터 부족
[18:13:06] [DEBUG] [strategy] [KODEX 2차전지산업레버리지] 탈락: 매수세약(0.0%)
[18:13:08] [WARNING] [chart] [003060] 분봉 데이터 부족
[18:13:08] [DEBUG] [strategy] [에이프로젠바이오로직스] 탈락: 거래대금부족(197억), 시가총액미달(810억), 매수세약(0.0%)
[18:13:10] [WARNING] [chart] [452260] 분봉 데이터 부족
[18:13:11] [DEBUG] [strategy] [한화갤러리아] 탈락: 매수세약(0.0%)
[18:13:12] [WARNING] [chart] [001510] 분봉 데이터 부족
[18:13:13] [DEBUG] [strategy] [SK증권] 탈락: 매수세약(0.0%)
[18:13:15] [WARNING] [chart] [024840] 분봉 데이터 부족
[18:13:15] [DEBUG] [strategy] [KBI메탈] 탈락: 시가총액미달(876억), 매수세약(0.0%)
[18:13:17] [WARNING] [chart] [005930] 분봉 데이터 부족
[18:13:18] [DEBUG] [strategy] [삼성전자] 탈락: 매수세약(0.0%)
[18:13:19] [WARNING] [chart] [047040] 분봉 데이터 부족
[18:13:20] [DEBUG] [strategy] [대우건설] 탈락: 매수세약(0.0%)
[18:13:22] [WARNING] [chart] [122630] 분봉 데이터 부족
[18:13:23] [DEBUG] [strategy] [KODEX 레버리지] 탈락: 매수세약(0.0%)
[18:13:23] [INFO] [strategy] 조건 검색: 9개 → 필터 후 0개 후보
[18:13:23] [INFO] [simulate] 매수 후보 없음
[18:13:33] [INFO] [simulate] [18:13] 🔍 조건 검색 중...
[18:13:34] [INFO] [price] 거래량 순위 조회 완료: 9개 종목 (등락률 필터 후)
[18:13:35] [WARNING] [chart] [004410] 분봉 데이터 부족
[18:13:36] [DEBUG] [strategy] [서울식품] 탈락: 시가총액미달(905억), 매수세약(0.0%)
[18:13:37] [WARNING] [chart] [462330] 분봉 데이터 부족
[18:13:38] [DEBUG] [strategy] [KODEX 2차전지산업레버리지] 탈락: 매수세약(0.0%)
[18:13:40] [WARNING] [chart] [003060] 분봉 데이터 부족
[18:13:40] [DEBUG] [strategy] [에이프로젠바이오로직스] 탈락: 거래대금부족(197억), 시가총액미달(810억), 매수세약(0.0%)
[18:13:42] [WARNING] [chart] [452260] 분봉 데이터 부족
[18:13:43] [DEBUG] [strategy] [한화갤러리아] 탈락: 매수세약(0.0%)
[18:13:44] [WARNING] [chart] [001510] 분봉 데이터 부족
[18:13:45] [DEBUG] [strategy] [SK증권] 탈락: 매수세약(0.0%)
[18:13:46] [WARNING] [chart] [024840] 분봉 데이터 부족
[18:13:47] [DEBUG] [strategy] [KBI메탈] 탈락: 시가총액미달(876억), 매수세약(0.0%)
[18:13:49] [WARNING] [chart] [005930] 분봉 데이터 부족
[18:13:49] [DEBUG] [strategy] [삼성전자] 탈락: 매수세약(0.0%)
[18:13:51] [WARNING] [chart] [047040] 분봉 데이터 부족
[18:13:52] [DEBUG] [strategy] [대우건설] 탈락: 매수세약(0.0%)
[18:13:53] [WARNING] [chart] [122630] 분봉 데이터 부족
[18:13:54] [DEBUG] [strategy] [KODEX 레버리지] 탈락: 매수세약(0.0%)
[18:13:54] [INFO] [strategy] 조건 검색: 9개 → 필터 후 0개 후보
[18:13:54] [INFO] [simulate] 매수 후보 없음
[18:14:04] [INFO] [simulate] [18:14] 🔍 조건 검색 중...
[18:14:05] [INFO] [price] 거래량 순위 조회 완료: 9개 종목 (등락률 필터 후)
[18:14:06] [WARNING] [chart] [004410] 분봉 데이터 부족
[18:14:07] [DEBUG] [strategy] [서울식품] 탈락: 시가총액미달(905억), 매수세약(0.0%)
[18:14:08] [WARNING] [chart] [462330] 분봉 데이터 부족
[18:14:09] [DEBUG] [strategy] [KODEX 2차전지산업레버리지] 탈락: 매수세약(0.0%)
[18:14:10] [WARNING] [chart] [003060] 분봉 데이터 부족
[18:14:11] [DEBUG] [strategy] [에이프로젠바이오로직스] 탈락: 거래대금부족(197억), 시가총액미달(810억), 매수세약(0.0%)
[18:14:13] [WARNING] [chart] [452260] 분봉 데이터 부족
[18:14:13] [DEBUG] [strategy] [한화갤러리아] 탈락: 매수세약(0.0%)
[18:14:15] [WARNING] [chart] [001510] 분봉 데이터 부족
[18:14:16] [DEBUG] [strategy] [SK증권] 탈락: 매수세약(0.0%)
[18:14:17] [WARNING] [chart] [024840] 분봉 데이터 부족
[18:14:18] [DEBUG] [strategy] [KBI메탈] 탈락: 시가총액미달(876억), 매수세약(0.0%)
[18:14:19] [WARNING] [chart] [005930] 분봉 데이터 부족
[18:14:20] [DEBUG] [strategy] [삼성전자] 탈락: 매수세약(0.0%)
[18:14:22] [WARNING] [chart] [047040] 분봉 데이터 부족
[18:14:22] [DEBUG] [strategy] [대우건설] 탈락: 매수세약(0.0%)
[18:14:24] [WARNING] [chart] [122630] 분봉 데이터 부족
[18:14:24] [DEBUG] [strategy] [KODEX 레버리지] 탈락: 매수세약(0.0%)
[18:14:25] [INFO] [strategy] 조건 검색: 9개 → 필터 후 0개 후보
[18:14:25] [INFO] [simulate] 매수 후보 없음
[18:14:35] [INFO] [simulate] [18:14] 🔍 조건 검색 중...
[18:14:35] [INFO] [price] 거래량 순위 조회 완료: 9개 종목 (등락률 필터 후)
[18:14:37] [WARNING] [chart] [004410] 분봉 데이터 부족
[18:14:37] [DEBUG] [strategy] [서울식품] 탈락: 시가총액미달(905억), 매수세약(0.0%)
[18:14:39] [WARNING] [chart] [462330] 분봉 데이터 부족
[18:14:39] [DEBUG] [strategy] [KODEX 2차전지산업레버리지] 탈락: 매수세약(0.0%)
[18:14:41] [WARNING] [chart] [003060] 분봉 데이터 부족
[18:14:42] [DEBUG] [strategy] [에이프로젠바이오로직스] 탈락: 거래대금부족(197억), 시가총액미달(810억), 매수세약(0.0%)
[18:14:43] [WARNING] [chart] [452260] 분봉 데이터 부족
[18:14:44] [DEBUG] [strategy] [한화갤러리아] 탈락: 매수세약(0.0%)
[18:14:46] [WARNING] [chart] [001510] 분봉 데이터 부족
[18:14:47] [DEBUG] [strategy] [SK증권] 탈락: 매수세약(0.0%)
[18:14:49] [WARNING] [chart] [024840] 분봉 데이터 부족
[18:14:49] [DEBUG] [strategy] [KBI메탈] 탈락: 시가총액미달(876억), 매수세약(0.0%)
[18:14:51] [WARNING] [chart] [005930] 분봉 데이터 부족
[18:14:52] [DEBUG] [strategy] [삼성전자] 탈락: 매수세약(0.0%)
[18:14:53] [WARNING] [chart] [047040] 분봉 데이터 부족
[18:14:54] [DEBUG] [strategy] [대우건설] 탈락: 매수세약(0.0%)
[18:14:55] [WARNING] [chart] [122630] 분봉 데이터 부족
[18:14:56] [DEBUG] [strategy] [KODEX 레버리지] 탈락: 매수세약(0.0%)
[18:14:56] [INFO] [strategy] 조건 검색: 9개 → 필터 후 0개 후보
[18:14:56] [INFO] [simulate] 매수 후보 없음
[18:15:06] [INFO] [simulate] [18:15] 🔍 조건 검색 중...
[18:15:07] [INFO] [price] 거래량 순위 조회 완료: 9개 종목 (등락률 필터 후)
[18:15:08] [WARNING] [chart] [004410] 분봉 데이터 부족
[18:15:09] [DEBUG] [strategy] [서울식품] 탈락: 시가총액미달(905억), 매수세약(0.0%)
[18:15:10] [WARNING] [chart] [462330] 분봉 데이터 부족
[18:15:11] [DEBUG] [strategy] [KODEX 2차전지산업레버리지] 탈락: 매수세약(0.0%)
[18:15:13] [WARNING] [chart] [003060] 분봉 데이터 부족
[18:15:13] [DEBUG] [strategy] [에이프로젠바이오로직스] 탈락: 거래대금부족(197억), 시가총액미달(810억), 매수세약(0.0%)
[18:15:15] [WARNING] [chart] [452260] 분봉 데이터 부족
[18:15:16] [DEBUG] [strategy] [한화갤러리아] 탈락: 매수세약(0.0%)
[18:15:17] [WARNING] [chart] [001510] 분봉 데이터 부족
[18:15:18] [DEBUG] [strategy] [SK증권] 탈락: 매수세약(0.0%)
[18:15:20] [WARNING] [chart] [024840] 분봉 데이터 부족
[18:15:20] [DEBUG] [strategy] [KBI메탈] 탈락: 시가총액미달(876억), 매수세약(0.0%)
[18:15:22] [WARNING] [chart] [005930] 분봉 데이터 부족
[18:15:23] [DEBUG] [strategy] [삼성전자] 탈락: 매수세약(0.0%)
[18:15:24] [WARNING] [chart] [047040] 분봉 데이터 부족
[18:15:25] [DEBUG] [strategy] [대우건설] 탈락: 매수세약(0.0%)
[18:15:27] [WARNING] [chart] [122630] 분봉 데이터 부족
[18:15:27] [DEBUG] [strategy] [KODEX 레버리지] 탈락: 매수세약(0.0%)
[18:15:28] [INFO] [strategy] 조건 검색: 9개 → 필터 후 0개 후보
[18:15:28] [INFO] [simulate] 매수 후보 없음
[18:15:38] [INFO] [simulate] [18:15] 🔍 조건 검색 중...
[18:15:38] [INFO] [price] 거래량 순위 조회 완료: 9개 종목 (등락률 필터 후)
[18:15:39] [WARNING] [chart] [004410] 분봉 데이터 부족
[18:15:40] [DEBUG] [strategy] [서울식품] 탈락: 시가총액미달(905억), 매수세약(0.0%)
[18:15:42] [WARNING] [chart] [462330] 분봉 데이터 부족
[18:15:42] [DEBUG] [strategy] [KODEX 2차전지산업레버리지] 탈락: 매수세약(0.0%)
[18:15:44] [WARNING] [chart] [003060] 분봉 데이터 부족
[18:15:44] [DEBUG] [strategy] [에이프로젠바이오로직스] 탈락: 거래대금부족(197억), 시가총액미달(810억), 매수세약(0.0%)
[18:15:46] [WARNING] [chart] [452260] 분봉 데이터 부족
[18:15:47] [DEBUG] [strategy] [한화갤러리아] 탈락: 매수세약(0.0%)
[18:15:49] [WARNING] [chart] [001510] 분봉 데이터 부족
[18:15:49] [DEBUG] [strategy] [SK증권] 탈락: 매수세약(0.0%)
[18:15:51] [WARNING] [chart] [024840] 분봉 데이터 부족
[18:15:52] [DEBUG] [strategy] [KBI메탈] 탈락: 시가총액미달(876억), 매수세약(0.0%)
[18:15:54] [WARNING] [chart] [005930] 분봉 데이터 부족
[18:15:55] [DEBUG] [strategy] [삼성전자] 탈락: 매수세약(0.0%)
[18:15:56] [WARNING] [chart] [047040] 분봉 데이터 부족
[18:15:57] [DEBUG] [strategy] [대우건설] 탈락: 매수세약(0.0%)
[18:15:58] [WARNING] [chart] [122630] 분봉 데이터 부족
[18:15:59] [DEBUG] [strategy] [KODEX 레버리지] 탈락: 매수세약(0.0%)
[18:15:59] [INFO] [strategy] 조건 검색: 9개 → 필터 후 0개 후보
[18:15:59] [INFO] [simulate] 매수 후보 없음
[18:16:09] [INFO] [simulate] [18:16] 🔍 조건 검색 중...
[18:16:10] [INFO] [price] 거래량 순위 조회 완료: 9개 종목 (등락률 필터 후)
[18:16:11] [WARNING] [chart] [004410] 분봉 데이터 부족
[18:16:12] [DEBUG] [strategy] [서울식품] 탈락: 시가총액미달(905억), 매수세약(0.0%)
[18:16:13] [WARNING] [chart] [462330] 분봉 데이터 부족
[18:16:14] [DEBUG] [strategy] [KODEX 2차전지산업레버리지] 탈락: 매수세약(0.0%)
[18:16:16] [WARNING] [chart] [003060] 분봉 데이터 부족
[18:16:16] [DEBUG] [strategy] [에이프로젠바이오로직스] 탈락: 거래대금부족(197억), 시가총액미달(810억), 매수세약(0.0%)
[18:16:18] [WARNING] [chart] [452260] 분봉 데이터 부족
[18:16:18] [DEBUG] [strategy] [한화갤러리아] 탈락: 매수세약(0.0%)
[18:16:20] [WARNING] [chart] [001510] 분봉 데이터 부족
[18:16:21] [DEBUG] [strategy] [SK증권] 탈락: 매수세약(0.0%)
[18:16:22] [WARNING] [chart] [024840] 분봉 데이터 부족
[18:16:23] [DEBUG] [strategy] [KBI메탈] 탈락: 시가총액미달(876억), 매수세약(0.0%)
[18:16:25] [WARNING] [chart] [005930] 분봉 데이터 부족
[18:16:26] [DEBUG] [strategy] [삼성전자] 탈락: 매수세약(0.0%)
[18:16:27] [WARNING] [chart] [047040] 분봉 데이터 부족
[18:16:28] [DEBUG] [strategy] [대우건설] 탈락: 매수세약(0.0%)
[18:16:30] [WARNING] [chart] [122630] 분봉 데이터 부족
[18:16:31] [DEBUG] [strategy] [KODEX 레버리지] 탈락: 매수세약(0.0%)
[18:16:31] [INFO] [strategy] 조건 검색: 9개 → 필터 후 0개 후보
[18:16:31] [INFO] [simulate] 매수 후보 없음
[18:16:41] [INFO] [simulate] [18:16] 🔍 조건 검색 중...
[18:16:41] [INFO] [price] 거래량 순위 조회 완료: 9개 종목 (등락률 필터 후)
[18:16:43] [WARNING] [chart] [004410] 분봉 데이터 부족
[18:16:43] [DEBUG] [strategy] [서울식품] 탈락: 시가총액미달(905억), 매수세약(0.0%)
[18:16:45] [WARNING] [chart] [462330] 분봉 데이터 부족
[18:16:46] [DEBUG] [strategy] [KODEX 2차전지산업레버리지] 탈락: 매수세약(0.0%)
[18:16:47] [WARNING] [chart] [003060] 분봉 데이터 부족
[18:16:48] [DEBUG] [strategy] [에이프로젠바이오로직스] 탈락: 거래대금부족(197억), 시가총액미달(810억), 매수세약(0.0%)
[18:16:49] [WARNING] [chart] [452260] 분봉 데이터 부족
[18:16:50] [DEBUG] [strategy] [한화갤러리아] 탈락: 매수세약(0.0%)
[18:16:51] [WARNING] [chart] [001510] 분봉 데이터 부족
[18:16:52] [DEBUG] [strategy] [SK증권] 탈락: 매수세약(0.0%)
[18:16:54] [WARNING] [chart] [024840] 분봉 데이터 부족
[18:16:54] [DEBUG] [strategy] [KBI메탈] 탈락: 시가총액미달(876억), 매수세약(0.0%)
[18:16:56] [WARNING] [chart] [005930] 분봉 데이터 부족
[18:16:57] [DEBUG] [strategy] [삼성전자] 탈락: 매수세약(0.0%)
[18:16:58] [WARNING] [chart] [047040] 분봉 데이터 부족
[18:16:59] [DEBUG] [strategy] [대우건설] 탈락: 매수세약(0.0%)
[18:17:01] [WARNING] [chart] [122630] 분봉 데이터 부족
[18:17:01] [DEBUG] [strategy] [KODEX 레버리지] 탈락: 매수세약(0.0%)
[18:17:01] [INFO] [strategy] 조건 검색: 9개 → 필터 후 0개 후보
[18:17:01] [INFO] [simulate] 매수 후보 없음
[18:17:11] [INFO] [simulate] [18:17] 🔍 조건 검색 중...
[18:17:12] [INFO] [price] 거래량 순위 조회 완료: 9개 종목 (등락률 필터 후)
[18:17:14] [WARNING] [chart] [004410] 분봉 데이터 부족
[18:17:14] [DEBUG] [strategy] [서울식품] 탈락: 시가총액미달(905억), 매수세약(0.0%)
[18:17:16] [WARNING] [chart] [462330] 분봉 데이터 부족
[18:17:17] [DEBUG] [strategy] [KODEX 2차전지산업레버리지] 탈락: 매수세약(0.0%)
[18:17:18] [WARNING] [chart] [003060] 분봉 데이터 부족
[18:17:19] [DEBUG] [strategy] [에이프로젠바이오로직스] 탈락: 거래대금부족(197억), 시가총액미달(810억), 매수세약(0.0%)
[18:17:20] [WARNING] [chart] [452260] 분봉 데이터 부족
[18:17:21] [DEBUG] [strategy] [한화갤러리아] 탈락: 매수세약(0.0%)
[18:17:23] [WARNING] [chart] [001510] 분봉 데이터 부족
[18:17:23] [DEBUG] [strategy] [SK증권] 탈락: 매수세약(0.0%)
[18:17:25] [WARNING] [chart] [024840] 분봉 데이터 부족
[18:17:25] [DEBUG] [strategy] [KBI메탈] 탈락: 시가총액미달(876억), 매수세약(0.0%)
[18:17:27] [WARNING] [chart] [005930] 분봉 데이터 부족
[18:17:28] [DEBUG] [strategy] [삼성전자] 탈락: 매수세약(0.0%)
[18:17:30] [WARNING] [chart] [047040] 분봉 데이터 부족
[18:17:30] [DEBUG] [strategy] [대우건설] 탈락: 매수세약(0.0%)
[18:17:32] [WARNING] [chart] [122630] 분봉 데이터 부족
[18:17:33] [DEBUG] [strategy] [KODEX 레버리지] 탈락: 매수세약(0.0%)
[18:17:33] [INFO] [strategy] 조건 검색: 9개 → 필터 후 0개 후보
[18:17:33] [INFO] [simulate] 매수 후보 없음
[18:17:43] [INFO] [simulate] [18:17] 🔍 조건 검색 중...
[18:17:44] [INFO] [price] 거래량 순위 조회 완료: 9개 종목 (등락률 필터 후)
[18:17:45] [WARNING] [chart] [004410] 분봉 데이터 부족
[18:17:46] [DEBUG] [strategy] [서울식품] 탈락: 시가총액미달(905억), 매수세약(0.0%)
[18:17:48] [WARNING] [chart] [462330] 분봉 데이터 부족
[18:17:48] [DEBUG] [strategy] [KODEX 2차전지산업레버리지] 탈락: 매수세약(0.0%)
[18:17:50] [WARNING] [chart] [003060] 분봉 데이터 부족
[18:17:51] [DEBUG] [strategy] [에이프로젠바이오로직스] 탈락: 거래대금부족(197억), 시가총액미달(810억), 매수세약(0.0%)
[18:17:52] [WARNING] [chart] [452260] 분봉 데이터 부족
[18:17:53] [DEBUG] [strategy] [한화갤러리아] 탈락: 매수세약(0.0%)
[18:17:54] [WARNING] [chart] [001510] 분봉 데이터 부족
[18:17:55] [DEBUG] [strategy] [SK증권] 탈락: 매수세약(0.0%)
[18:17:57] [WARNING] [chart] [024840] 분봉 데이터 부족
[18:17:57] [DEBUG] [strategy] [KBI메탈] 탈락: 시가총액미달(876억), 매수세약(0.0%)
[18:17:59] [WARNING] [chart] [005930] 분봉 데이터 부족
[18:18:00] [DEBUG] [strategy] [삼성전자] 탈락: 매수세약(0.0%)
[18:18:02] [WARNING] [chart] [047040] 분봉 데이터 부족
[18:18:02] [DEBUG] [strategy] [대우건설] 탈락: 매수세약(0.0%)
[18:18:04] [WARNING] [chart] [122630] 분봉 데이터 부족
[18:18:05] [DEBUG] [strategy] [KODEX 레버리지] 탈락: 매수세약(0.0%)
[18:18:05] [INFO] [strategy] 조건 검색: 9개 → 필터 후 0개 후보
[18:18:05] [INFO] [simulate] 매수 후보 없음
[18:18:15] [INFO] [simulate] [18:18] 🔍 조건 검색 중...
[18:18:16] [INFO] [price] 거래량 순위 조회 완료: 9개 종목 (등락률 필터 후)
[18:18:18] [WARNING] [chart] [004410] 분봉 데이터 부족
[18:18:18] [DEBUG] [strategy] [서울식품] 탈락: 시가총액미달(905억), 매수세약(0.0%)
[18:18:20] [WARNING] [chart] [462330] 분봉 데이터 부족
[18:18:20] [DEBUG] [strategy] [KODEX 2차전지산업레버리지] 탈락: 매수세약(0.0%)
[18:18:22] [WARNING] [chart] [003060] 분봉 데이터 부족
[18:18:23] [DEBUG] [strategy] [에이프로젠바이오로직스] 탈락: 거래대금부족(197억), 시가총액미달(810억), 매수세약(0.0%)
[18:18:24] [WARNING] [chart] [452260] 분봉 데이터 부족
[18:18:25] [DEBUG] [strategy] [한화갤러리아] 탈락: 매수세약(0.0%)
[18:18:26] [WARNING] [chart] [001510] 분봉 데이터 부족
[18:18:27] [DEBUG] [strategy] [SK증권] 탈락: 매수세약(0.0%)
[18:18:28] [WARNING] [chart] [024840] 분봉 데이터 부족
[18:18:29] [DEBUG] [strategy] [KBI메탈] 탈락: 시가총액미달(876억), 매수세약(0.0%)
[18:18:31] [WARNING] [chart] [005930] 분봉 데이터 부족
[18:18:32] [DEBUG] [strategy] [삼성전자] 탈락: 매수세약(0.0%)
[18:18:33] [WARNING] [chart] [047040] 분봉 데이터 부족
[18:18:34] [DEBUG] [strategy] [대우건설] 탈락: 매수세약(0.0%)
[18:18:36] [WARNING] [chart] [122630] 분봉 데이터 부족
[18:18:37] [DEBUG] [strategy] [KODEX 레버리지] 탈락: 매수세약(0.0%)
[18:18:37] [INFO] [strategy] 조건 검색: 9개 → 필터 후 0개 후보
[18:18:37] [INFO] [simulate] 매수 후보 없음
[18:18:47] [INFO] [simulate] [18:18] 🔍 조건 검색 중...
[18:18:48] [INFO] [price] 거래량 순위 조회 완료: 9개 종목 (등락률 필터 후)
[18:18:49] [WARNING] [chart] [004410] 분봉 데이터 부족
[18:18:49] [DEBUG] [strategy] [서울식품] 탈락: 시가총액미달(905억), 매수세약(0.0%)
[18:18:51] [WARNING] [chart] [462330] 분봉 데이터 부족
[18:18:51] [DEBUG] [strategy] [KODEX 2차전지산업레버리지] 탈락: 매수세약(0.0%)
[18:18:53] [WARNING] [chart] [003060] 분봉 데이터 부족
[18:18:54] [DEBUG] [strategy] [에이프로젠바이오로직스] 탈락: 거래대금부족(197억), 시가총액미달(810억), 매수세약(0.0%)
[18:18:55] [WARNING] [chart] [452260] 분봉 데이터 부족
[18:18:56] [DEBUG] [strategy] [한화갤러리아] 탈락: 매수세약(0.0%)
[18:18:58] [WARNING] [chart] [001510] 분봉 데이터 부족
[18:18:58] [DEBUG] [strategy] [SK증권] 탈락: 매수세약(0.0%)
[18:19:00] [WARNING] [chart] [024840] 분봉 데이터 부족
[18:19:01] [DEBUG] [strategy] [KBI메탈] 탈락: 시가총액미달(876억), 매수세약(0.0%)
[18:19:02] [WARNING] [chart] [005930] 분봉 데이터 부족
[18:19:03] [DEBUG] [strategy] [삼성전자] 탈락: 매수세약(0.0%)
[18:19:04] [WARNING] [chart] [047040] 분봉 데이터 부족
[18:19:05] [DEBUG] [strategy] [대우건설] 탈락: 매수세약(0.0%)
[18:19:07] [WARNING] [chart] [122630] 분봉 데이터 부족
[18:19:08] [DEBUG] [strategy] [KODEX 레버리지] 탈락: 매수세약(0.0%)
[18:19:08] [INFO] [strategy] 조건 검색: 9개 → 필터 후 0개 후보
[18:19:08] [INFO] [simulate] 매수 후보 없음
[18:19:18] [INFO] [simulate] [18:19] 🔍 조건 검색 중...
[18:19:19] [INFO] [price] 거래량 순위 조회 완료: 9개 종목 (등락률 필터 후)
[18:19:20] [WARNING] [chart] [004410] 분봉 데이터 부족
[18:19:21] [DEBUG] [strategy] [서울식품] 탈락: 시가총액미달(905억), 매수세약(0.0%)
[18:19:22] [WARNING] [chart] [462330] 분봉 데이터 부족
[18:19:23] [DEBUG] [strategy] [KODEX 2차전지산업레버리지] 탈락: 매수세약(0.0%)
[18:19:25] [WARNING] [chart] [003060] 분봉 데이터 부족
[18:19:25] [DEBUG] [strategy] [에이프로젠바이오로직스] 탈락: 거래대금부족(197억), 시가총액미달(810억), 매수세약(0.0%)
[18:19:27] [WARNING] [chart] [452260] 분봉 데이터 부족
[18:19:28] [DEBUG] [strategy] [한화갤러리아] 탈락: 매수세약(0.0%)
[18:19:29] [WARNING] [chart] [001510] 분봉 데이터 부족
[18:19:30] [DEBUG] [strategy] [SK증권] 탈락: 매수세약(0.0%)
[18:19:31] [WARNING] [chart] [024840] 분봉 데이터 부족
[18:19:32] [DEBUG] [strategy] [KBI메탈] 탈락: 시가총액미달(876억), 매수세약(0.0%)
[18:19:34] [WARNING] [chart] [005930] 분봉 데이터 부족
[18:19:34] [DEBUG] [strategy] [삼성전자] 탈락: 매수세약(0.0%)
[18:19:36] [WARNING] [chart] [047040] 분봉 데이터 부족
[18:19:37] [DEBUG] [strategy] [대우건설] 탈락: 매수세약(0.0%)
[18:19:38] [WARNING] [chart] [122630] 분봉 데이터 부족
[18:19:39] [DEBUG] [strategy] [KODEX 레버리지] 탈락: 매수세약(0.0%)
[18:19:39] [INFO] [strategy] 조건 검색: 9개 → 필터 후 0개 후보
[18:19:39] [INFO] [simulate] 매수 후보 없음
[18:19:49] [INFO] [simulate] [18:19] 🔍 조건 검색 중...
[18:19:50] [INFO] [price] 거래량 순위 조회 완료: 9개 종목 (등락률 필터 후)
[18:19:51] [WARNING] [chart] [004410] 분봉 데이터 부족
[18:19:52] [DEBUG] [strategy] [서울식품] 탈락: 시가총액미달(905억), 매수세약(0.0%)
[18:19:54] [WARNING] [chart] [462330] 분봉 데이터 부족
[18:19:55] [DEBUG] [strategy] [KODEX 2차전지산업레버리지] 탈락: 매수세약(0.0%)
[18:19:56] [WARNING] [chart] [003060] 분봉 데이터 부족
[18:19:57] [DEBUG] [strategy] [에이프로젠바이오로직스] 탈락: 거래대금부족(197억), 시가총액미달(810억), 매수세약(0.0%)
[18:19:58] [WARNING] [chart] [452260] 분봉 데이터 부족
[18:19:59] [DEBUG] [strategy] [한화갤러리아] 탈락: 매수세약(0.0%)
[18:20:00] [WARNING] [chart] [001510] 분봉 데이터 부족
[18:20:01] [DEBUG] [strategy] [SK증권] 탈락: 매수세약(0.0%)
[18:20:03] [WARNING] [chart] [024840] 분봉 데이터 부족
[18:20:03] [DEBUG] [strategy] [KBI메탈] 탈락: 시가총액미달(876억), 매수세약(0.0%)
[18:20:05] [WARNING] [chart] [005930] 분봉 데이터 부족
[18:20:06] [DEBUG] [strategy] [삼성전자] 탈락: 매수세약(0.0%)
[18:20:07] [WARNING] [chart] [047040] 분봉 데이터 부족
[18:20:08] [DEBUG] [strategy] [대우건설] 탈락: 매수세약(0.0%)
[18:20:09] [WARNING] [chart] [122630] 분봉 데이터 부족
[18:20:10] [DEBUG] [strategy] [KODEX 레버리지] 탈락: 매수세약(0.0%)
[18:20:10] [INFO] [strategy] 조건 검색: 9개 → 필터 후 0개 후보
[18:20:10] [INFO] [simulate] 매수 후보 없음
[18:20:20] [INFO] [simulate] [18:20] 🔍 조건 검색 중...
[18:20:21] [INFO] [price] 거래량 순위 조회 완료: 9개 종목 (등락률 필터 후)
[18:20:22] [WARNING] [chart] [004410] 분봉 데이터 부족
[18:20:23] [DEBUG] [strategy] [서울식품] 탈락: 시가총액미달(905억), 매수세약(0.0%)
[18:20:25] [WARNING] [chart] [462330] 분봉 데이터 부족
[18:20:26] [DEBUG] [strategy] [KODEX 2차전지산업레버리지] 탈락: 매수세약(0.0%)
[18:20:27] [WARNING] [chart] [003060] 분봉 데이터 부족
[18:20:28] [DEBUG] [strategy] [에이프로젠바이오로직스] 탈락: 거래대금부족(197억), 시가총액미달(810억), 매수세약(0.0%)
[18:20:29] [WARNING] [chart] [452260] 분봉 데이터 부족
[18:20:30] [DEBUG] [strategy] [한화갤러리아] 탈락: 매수세약(0.0%)
[18:20:32] [WARNING] [chart] [001510] 분봉 데이터 부족
[18:20:32] [DEBUG] [strategy] [SK증권] 탈락: 매수세약(0.0%)
[18:20:34] [WARNING] [chart] [024840] 분봉 데이터 부족
[18:20:34] [DEBUG] [strategy] [KBI메탈] 탈락: 시가총액미달(876억), 매수세약(0.0%)
[18:20:36] [WARNING] [chart] [005930] 분봉 데이터 부족
[18:20:37] [DEBUG] [strategy] [삼성전자] 탈락: 매수세약(0.0%)
[18:20:38] [WARNING] [chart] [047040] 분봉 데이터 부족
[18:20:39] [DEBUG] [strategy] [대우건설] 탈락: 매수세약(0.0%)
[18:20:41] [WARNING] [chart] [122630] 분봉 데이터 부족
[18:20:41] [DEBUG] [strategy] [KODEX 레버리지] 탈락: 매수세약(0.0%)
[18:20:41] [INFO] [strategy] 조건 검색: 9개 → 필터 후 0개 후보
[18:20:41] [INFO] [simulate] 매수 후보 없음
[18:20:51] [INFO] [simulate] [18:20] 🔍 조건 검색 중...
[18:20:52] [INFO] [price] 거래량 순위 조회 완료: 9개 종목 (등락률 필터 후)
[18:20:54] [WARNING] [chart] [004410] 분봉 데이터 부족
[18:20:54] [DEBUG] [strategy] [서울식품] 탈락: 시가총액미달(905억), 매수세약(0.0%)
[18:20:56] [WARNING] [chart] [462330] 분봉 데이터 부족
[18:20:57] [DEBUG] [strategy] [KODEX 2차전지산업레버리지] 탈락: 매수세약(0.0%)
[18:20:59] [WARNING] [chart] [003060] 분봉 데이터 부족
[18:21:00] [DEBUG] [strategy] [에이프로젠바이오로직스] 탈락: 거래대금부족(197억), 시가총액미달(810억), 매수세약(0.0%)
[18:21:01] [WARNING] [chart] [452260] 분봉 데이터 부족
[18:21:02] [DEBUG] [strategy] [한화갤러리아] 탈락: 매수세약(0.0%)
[18:21:04] [WARNING] [chart] [001510] 분봉 데이터 부족
[18:21:04] [DEBUG] [strategy] [SK증권] 탈락: 매수세약(0.0%)
[18:21:06] [WARNING] [chart] [024840] 분봉 데이터 부족
[18:21:07] [DEBUG] [strategy] [KBI메탈] 탈락: 시가총액미달(876억), 매수세약(0.0%)
[18:21:08] [WARNING] [chart] [005930] 분봉 데이터 부족
[18:21:09] [DEBUG] [strategy] [삼성전자] 탈락: 매수세약(0.0%)
[18:21:10] [WARNING] [chart] [047040] 분봉 데이터 부족
[18:21:11] [DEBUG] [strategy] [대우건설] 탈락: 매수세약(0.0%)
[18:21:13] [WARNING] [chart] [122630] 분봉 데이터 부족
[18:21:13] [DEBUG] [strategy] [KODEX 레버리지] 탈락: 매수세약(0.0%)
[18:21:14] [INFO] [strategy] 조건 검색: 9개 → 필터 후 0개 후보
[18:21:14] [INFO] [simulate] 매수 후보 없음
[18:21:24] [INFO] [simulate] [18:21] 🔍 조건 검색 중...
[18:21:24] [INFO] [price] 거래량 순위 조회 완료: 9개 종목 (등락률 필터 후)
[18:21:25] [WARNING] [chart] [004410] 분봉 데이터 부족
[18:21:26] [DEBUG] [strategy] [서울식품] 탈락: 시가총액미달(905억), 매수세약(0.0%)
[18:21:28] [WARNING] [chart] [462330] 분봉 데이터 부족
[18:21:28] [DEBUG] [strategy] [KODEX 2차전지산업레버리지] 탈락: 매수세약(0.0%)
[18:21:30] [WARNING] [chart] [003060] 분봉 데이터 부족
[18:21:30] [DEBUG] [strategy] [에이프로젠바이오로직스] 탈락: 거래대금부족(197억), 시가총액미달(810억), 매수세약(0.0%)
[18:21:32] [WARNING] [chart] [452260] 분봉 데이터 부족
[18:21:32] [DEBUG] [strategy] [한화갤러리아] 탈락: 매수세약(0.0%)
[18:21:34] [WARNING] [chart] [001510] 분봉 데이터 부족
[18:21:35] [DEBUG] [strategy] [SK증권] 탈락: 매수세약(0.0%)
[18:21:36] [WARNING] [chart] [024840] 분봉 데이터 부족
[18:21:37] [DEBUG] [strategy] [KBI메탈] 탈락: 시가총액미달(876억), 매수세약(0.0%)
[18:21:38] [WARNING] [chart] [005930] 분봉 데이터 부족
[18:21:39] [DEBUG] [strategy] [삼성전자] 탈락: 매수세약(0.0%)
[18:21:40] [WARNING] [chart] [047040] 분봉 데이터 부족
[18:21:41] [DEBUG] [strategy] [대우건설] 탈락: 매수세약(0.0%)
[18:21:43] [WARNING] [chart] [122630] 분봉 데이터 부족
[18:21:43] [DEBUG] [strategy] [KODEX 레버리지] 탈락: 매수세약(0.0%)
[18:21:44] [INFO] [strategy] 조건 검색: 9개 → 필터 후 0개 후보
[18:21:44] [INFO] [simulate] 매수 후보 없음
[18:21:54] [INFO] [simulate] [18:21] 🔍 조건 검색 중...
[18:21:54] [INFO] [price] 거래량 순위 조회 완료: 9개 종목 (등락률 필터 후)
[18:21:56] [WARNING] [chart] [004410] 분봉 데이터 부족
[18:21:56] [DEBUG] [strategy] [서울식품] 탈락: 시가총액미달(905억), 매수세약(0.0%)
[18:21:58] [WARNING] [chart] [462330] 분봉 데이터 부족
[18:21:58] [DEBUG] [strategy] [KODEX 2차전지산업레버리지] 탈락: 매수세약(0.0%)
[18:22:00] [WARNING] [chart] [003060] 분봉 데이터 부족
[18:22:01] [DEBUG] [strategy] [에이프로젠바이오로직스] 탈락: 거래대금부족(197억), 시가총액미달(810억), 매수세약(0.0%)
[18:22:02] [WARNING] [chart] [452260] 분봉 데이터 부족
[18:22:03] [DEBUG] [strategy] [한화갤러리아] 탈락: 매수세약(0.0%)
[18:22:05] [WARNING] [chart] [001510] 분봉 데이터 부족
[18:22:05] [DEBUG] [strategy] [SK증권] 탈락: 매수세약(0.0%)
[18:22:07] [WARNING] [chart] [024840] 분봉 데이터 부족
[18:22:07] [DEBUG] [strategy] [KBI메탈] 탈락: 시가총액미달(876억), 매수세약(0.0%)
[18:22:09] [WARNING] [chart] [005930] 분봉 데이터 부족
[18:22:10] [DEBUG] [strategy] [삼성전자] 탈락: 매수세약(0.0%)
[18:22:11] [WARNING] [chart] [047040] 분봉 데이터 부족
[18:22:12] [DEBUG] [strategy] [대우건설] 탈락: 매수세약(0.0%)
[18:22:13] [WARNING] [chart] [122630] 분봉 데이터 부족
[18:22:14] [DEBUG] [strategy] [KODEX 레버리지] 탈락: 매수세약(0.0%)
[18:22:15] [INFO] [strategy] 조건 검색: 9개 → 필터 후 0개 후보
[18:22:15] [INFO] [simulate] 매수 후보 없음
[18:22:25] [INFO] [simulate] [18:22] 🔍 조건 검색 중...
[18:22:25] [INFO] [price] 거래량 순위 조회 완료: 9개 종목 (등락률 필터 후)
[18:22:26] [WARNING] [chart] [004410] 분봉 데이터 부족
[18:22:27] [DEBUG] [strategy] [서울식품] 탈락: 시가총액미달(905억), 매수세약(0.0%)
[18:22:29] [WARNING] [chart] [462330] 분봉 데이터 부족
[18:22:29] [DEBUG] [strategy] [KODEX 2차전지산업레버리지] 탈락: 매수세약(0.0%)
[18:22:31] [WARNING] [chart] [003060] 분봉 데이터 부족
[18:22:31] [DEBUG] [strategy] [에이프로젠바이오로직스] 탈락: 거래대금부족(197억), 시가총액미달(810억), 매수세약(0.0%)
[18:22:33] [WARNING] [chart] [452260] 분봉 데이터 부족
[18:22:33] [DEBUG] [strategy] [한화갤러리아] 탈락: 매수세약(0.0%)
[18:22:35] [WARNING] [chart] [001510] 분봉 데이터 부족
[18:22:36] [DEBUG] [strategy] [SK증권] 탈락: 매수세약(0.0%)
[18:22:37] [WARNING] [chart] [024840] 분봉 데이터 부족
[18:22:38] [DEBUG] [strategy] [KBI메탈] 탈락: 시가총액미달(876억), 매수세약(0.0%)
[18:22:40] [WARNING] [chart] [005930] 분봉 데이터 부족
[18:22:40] [DEBUG] [strategy] [삼성전자] 탈락: 매수세약(0.0%)
[18:22:42] [WARNING] [chart] [047040] 분봉 데이터 부족
[18:22:43] [DEBUG] [strategy] [대우건설] 탈락: 매수세약(0.0%)
[18:22:44] [WARNING] [chart] [122630] 분봉 데이터 부족
[18:22:45] [DEBUG] [strategy] [KODEX 레버리지] 탈락: 매수세약(0.0%)
[18:22:45] [INFO] [strategy] 조건 검색: 9개 → 필터 후 0개 후보
[18:22:45] [INFO] [simulate] 매수 후보 없음
[18:22:55] [INFO] [simulate] [18:22] 🔍 조건 검색 중...
[18:22:56] [INFO] [price] 거래량 순위 조회 완료: 9개 종목 (등락률 필터 후)
[18:22:57] [WARNING] [chart] [004410] 분봉 데이터 부족
[18:22:58] [DEBUG] [strategy] [서울식품] 탈락: 시가총액미달(905억), 매수세약(0.0%)
[18:22:59] [WARNING] [chart] [462330] 분봉 데이터 부족
[18:23:00] [DEBUG] [strategy] [KODEX 2차전지산업레버리지] 탈락: 매수세약(0.0%)
[18:23:01] [WARNING] [chart] [003060] 분봉 데이터 부족
[18:23:02] [DEBUG] [strategy] [에이프로젠바이오로직스] 탈락: 거래대금부족(197억), 시가총액미달(810억), 매수세약(0.0%)
[18:23:04] [WARNING] [chart] [452260] 분봉 데이터 부족
[18:23:05] [DEBUG] [strategy] [한화갤러리아] 탈락: 매수세약(0.0%)
[18:23:06] [WARNING] [chart] [001510] 분봉 데이터 부족
[18:23:07] [DEBUG] [strategy] [SK증권] 탈락: 매수세약(0.0%)
[18:23:09] [WARNING] [chart] [024840] 분봉 데이터 부족
[18:23:09] [DEBUG] [strategy] [KBI메탈] 탈락: 시가총액미달(876억), 매수세약(0.0%)
[18:23:11] [WARNING] [chart] [005930] 분봉 데이터 부족
[18:23:12] [DEBUG] [strategy] [삼성전자] 탈락: 매수세약(0.0%)
[18:23:13] [WARNING] [chart] [047040] 분봉 데이터 부족
[18:23:14] [DEBUG] [strategy] [대우건설] 탈락: 매수세약(0.0%)
[18:23:15] [WARNING] [chart] [122630] 분봉 데이터 부족
[18:23:16] [DEBUG] [strategy] [KODEX 레버리지] 탈락: 매수세약(0.0%)
[18:23:16] [INFO] [strategy] 조건 검색: 9개 → 필터 후 0개 후보
[18:23:16] [INFO] [simulate] 매수 후보 없음
[18:23:26] [INFO] [simulate] [18:23] 🔍 조건 검색 중...
[18:23:27] [INFO] [price] 거래량 순위 조회 완료: 9개 종목 (등락률 필터 후)
[18:23:28] [WARNING] [chart] [004410] 분봉 데이터 부족
[18:23:29] [DEBUG] [strategy] [서울식품] 탈락: 시가총액미달(905억), 매수세약(0.0%)
[18:23:30] [WARNING] [chart] [462330] 분봉 데이터 부족
[18:23:31] [DEBUG] [strategy] [KODEX 2차전지산업레버리지] 탈락: 매수세약(0.0%)
[18:23:33] [WARNING] [chart] [003060] 분봉 데이터 부족
[18:23:33] [DEBUG] [strategy] [에이프로젠바이오로직스] 탈락: 거래대금부족(197억), 시가총액미달(810억), 매수세약(0.0%)
[18:23:35] [WARNING] [chart] [452260] 분봉 데이터 부족
[18:23:35] [DEBUG] [strategy] [한화갤러리아] 탈락: 매수세약(0.0%)
[18:23:37] [WARNING] [chart] [001510] 분봉 데이터 부족
[18:23:37] [DEBUG] [strategy] [SK증권] 탈락: 매수세약(0.0%)
[18:23:39] [WARNING] [chart] [024840] 분봉 데이터 부족
[18:23:40] [DEBUG] [strategy] [KBI메탈] 탈락: 시가총액미달(876억), 매수세약(0.0%)
[18:23:41] [WARNING] [chart] [005930] 분봉 데이터 부족
[18:23:42] [DEBUG] [strategy] [삼성전자] 탈락: 매수세약(0.0%)
[18:23:43] [WARNING] [chart] [047040] 분봉 데이터 부족
[18:23:44] [DEBUG] [strategy] [대우건설] 탈락: 매수세약(0.0%)
[18:23:45] [WARNING] [chart] [122630] 분봉 데이터 부족
[18:23:46] [DEBUG] [strategy] [KODEX 레버리지] 탈락: 매수세약(0.0%)
[18:23:46] [INFO] [strategy] 조건 검색: 9개 → 필터 후 0개 후보
[18:23:46] [INFO] [simulate] 매수 후보 없음
[18:23:56] [INFO] [simulate] [18:23] 🔍 조건 검색 중...
[18:23:57] [INFO] [price] 거래량 순위 조회 완료: 9개 종목 (등락률 필터 후)
[18:23:58] [WARNING] [chart] [004410] 분봉 데이터 부족
[18:23:59] [DEBUG] [strategy] [서울식품] 탈락: 시가총액미달(905억), 매수세약(0.0%)
[18:24:00] [WARNING] [chart] [462330] 분봉 데이터 부족
[18:24:01] [DEBUG] [strategy] [KODEX 2차전지산업레버리지] 탈락: 매수세약(0.0%)
[18:24:02] [WARNING] [chart] [003060] 분봉 데이터 부족
[18:24:03] [DEBUG] [strategy] [에이프로젠바이오로직스] 탈락: 거래대금부족(197억), 시가총액미달(810억), 매수세약(0.0%)
[18:24:05] [WARNING] [chart] [452260] 분봉 데이터 부족
[18:24:05] [DEBUG] [strategy] [한화갤러리아] 탈락: 매수세약(0.0%)
[18:24:07] [WARNING] [chart] [001510] 분봉 데이터 부족
[18:24:07] [DEBUG] [strategy] [SK증권] 탈락: 매수세약(0.0%)
[18:24:09] [WARNING] [chart] [024840] 분봉 데이터 부족
[18:24:09] [DEBUG] [strategy] [KBI메탈] 탈락: 시가총액미달(876억), 매수세약(0.0%)
[18:24:11] [WARNING] [chart] [005930] 분봉 데이터 부족
[18:24:12] [DEBUG] [strategy] [삼성전자] 탈락: 매수세약(0.0%)
[18:24:13] [WARNING] [chart] [047040] 분봉 데이터 부족
[18:24:14] [DEBUG] [strategy] [대우건설] 탈락: 매수세약(0.0%)
[18:24:15] [WARNING] [chart] [122630] 분봉 데이터 부족
[18:24:16] [DEBUG] [strategy] [KODEX 레버리지] 탈락: 매수세약(0.0%)
[18:24:16] [INFO] [strategy] 조건 검색: 9개 → 필터 후 0개 후보
[18:24:16] [INFO] [simulate] 매수 후보 없음
[18:24:31] [INFO] [simulate] [18:24] 🔍 조건 검색 중...
[18:24:32] [INFO] [price] 거래량 순위 조회 완료: 9개 종목 (등락률 필터 후)
[18:24:33] [WARNING] [chart] [004410] 분봉 데이터 부족
[18:24:33] [DEBUG] [strategy] [서울식품] 탈락: 시가총액미달(905억), 매수세약(0.0%)
[18:24:35] [WARNING] [chart] [462330] 분봉 데이터 부족
[18:24:36] [DEBUG] [strategy] [KODEX 2차전지산업레버리지] 탈락: 매수세약(0.0%)
[18:24:37] [WARNING] [chart] [003060] 분봉 데이터 부족
[18:24:38] [DEBUG] [strategy] [에이프로젠바이오로직스] 탈락: 거래대금부족(197억), 시가총액미달(810억), 매수세약(0.0%)
[18:24:39] [WARNING] [chart] [452260] 분봉 데이터 부족
[18:24:40] [DEBUG] [strategy] [한화갤러리아] 탈락: 매수세약(0.0%)
[18:24:42] [WARNING] [chart] [001510] 분봉 데이터 부족
[18:24:42] [DEBUG] [strategy] [SK증권] 탈락: 매수세약(0.0%)
[18:24:44] [WARNING] [chart] [024840] 분봉 데이터 부족
[18:24:44] [DEBUG] [strategy] [KBI메탈] 탈락: 시가총액미달(876억), 매수세약(0.0%)
[18:24:46] [WARNING] [chart] [005930] 분봉 데이터 부족
[18:24:47] [DEBUG] [strategy] [삼성전자] 탈락: 매수세약(0.0%)
[18:24:48] [WARNING] [chart] [047040] 분봉 데이터 부족
[18:24:49] [DEBUG] [strategy] [대우건설] 탈락: 매수세약(0.0%)
[18:24:50] [WARNING] [chart] [122630] 분봉 데이터 부족
[18:24:51] [DEBUG] [strategy] [KODEX 레버리지] 탈락: 매수세약(0.0%)
[18:24:51] [INFO] [strategy] 조건 검색: 9개 → 필터 후 0개 후보
[18:24:51] [INFO] [simulate] 매수 후보 없음
[18:25:01] [INFO] [simulate] [18:25] 🔍 조건 검색 중...
[18:25:02] [INFO] [price] 거래량 순위 조회 완료: 9개 종목 (등락률 필터 후)
[18:25:04] [WARNING] [chart] [004410] 분봉 데이터 부족
[18:25:04] [DEBUG] [strategy] [서울식품] 탈락: 시가총액미달(905억), 매수세약(0.0%)
[18:25:06] [WARNING] [chart] [462330] 분봉 데이터 부족
[18:25:06] [DEBUG] [strategy] [KODEX 2차전지산업레버리지] 탈락: 매수세약(0.0%)
[18:25:08] [WARNING] [chart] [003060] 분봉 데이터 부족
[18:25:09] [DEBUG] [strategy] [에이프로젠바이오로직스] 탈락: 거래대금부족(197억), 시가총액미달(810억), 매수세약(0.0%)
[18:25:10] [WARNING] [chart] [452260] 분봉 데이터 부족
[18:25:11] [DEBUG] [strategy] [한화갤러리아] 탈락: 매수세약(0.0%)
[18:25:13] [WARNING] [chart] [001510] 분봉 데이터 부족
[18:25:13] [DEBUG] [strategy] [SK증권] 탈락: 매수세약(0.0%)
[18:25:15] [WARNING] [chart] [024840] 분봉 데이터 부족
[18:25:15] [DEBUG] [strategy] [KBI메탈] 탈락: 시가총액미달(876억), 매수세약(0.0%)
[18:25:17] [WARNING] [chart] [005930] 분봉 데이터 부족
[18:25:18] [DEBUG] [strategy] [삼성전자] 탈락: 매수세약(0.0%)
[18:25:19] [WARNING] [chart] [047040] 분봉 데이터 부족
[18:25:20] [DEBUG] [strategy] [대우건설] 탈락: 매수세약(0.0%)
[18:25:22] [WARNING] [chart] [122630] 분봉 데이터 부족
[18:25:22] [DEBUG] [strategy] [KODEX 레버리지] 탈락: 매수세약(0.0%)
[18:25:23] [INFO] [strategy] 조건 검색: 9개 → 필터 후 0개 후보
[18:25:23] [INFO] [simulate] 매수 후보 없음
[18:25:33] [INFO] [simulate] [18:25] 🔍 조건 검색 중...
[18:25:33] [INFO] [price] 거래량 순위 조회 완료: 9개 종목 (등락률 필터 후)
[18:25:35] [WARNING] [chart] [004410] 분봉 데이터 부족
[18:25:35] [DEBUG] [strategy] [서울식품] 탈락: 시가총액미달(905억), 매수세약(0.0%)
[18:25:37] [WARNING] [chart] [462330] 분봉 데이터 부족
[18:25:37] [DEBUG] [strategy] [KODEX 2차전지산업레버리지] 탈락: 매수세약(0.0%)
[18:25:39] [WARNING] [chart] [003060] 분봉 데이터 부족
[18:25:40] [DEBUG] [strategy] [에이프로젠바이오로직스] 탈락: 거래대금부족(197억), 시가총액미달(810억), 매수세약(0.0%)
[18:25:41] [WARNING] [chart] [452260] 분봉 데이터 부족
[18:25:42] [DEBUG] [strategy] [한화갤러리아] 탈락: 매수세약(0.0%)
[18:25:44] [WARNING] [chart] [001510] 분봉 데이터 부족
[18:25:45] [DEBUG] [strategy] [SK증권] 탈락: 매수세약(0.0%)
[18:25:46] [WARNING] [chart] [024840] 분봉 데이터 부족
[18:25:47] [DEBUG] [strategy] [KBI메탈] 탈락: 시가총액미달(876억), 매수세약(0.0%)
[18:25:49] [WARNING] [chart] [005930] 분봉 데이터 부족
[18:25:49] [DEBUG] [strategy] [삼성전자] 탈락: 매수세약(0.0%)
[18:25:51] [WARNING] [chart] [047040] 분봉 데이터 부족
[18:25:52] [DEBUG] [strategy] [대우건설] 탈락: 매수세약(0.0%)
[18:25:53] [WARNING] [chart] [122630] 분봉 데이터 부족
[18:25:54] [DEBUG] [strategy] [KODEX 레버리지] 탈락: 매수세약(0.0%)
[18:25:54] [INFO] [strategy] 조건 검색: 9개 → 필터 후 0개 후보
[18:25:54] [INFO] [simulate] 매수 후보 없음
[18:26:04] [INFO] [simulate] [18:26] 🔍 조건 검색 중...
[18:26:05] [INFO] [price] 거래량 순위 조회 완료: 9개 종목 (등락률 필터 후)
[18:26:06] [WARNING] [chart] [004410] 분봉 데이터 부족
[18:26:07] [DEBUG] [strategy] [서울식품] 탈락: 시가총액미달(905억), 매수세약(0.0%)
[18:26:08] [WARNING] [chart] [462330] 분봉 데이터 부족
[18:26:09] [DEBUG] [strategy] [KODEX 2차전지산업레버리지] 탈락: 매수세약(0.0%)
[18:26:11] [WARNING] [chart] [003060] 분봉 데이터 부족
[18:26:11] [DEBUG] [strategy] [에이프로젠바이오로직스] 탈락: 거래대금부족(197억), 시가총액미달(810억), 매수세약(0.0%)
[18:26:13] [WARNING] [chart] [452260] 분봉 데이터 부족
[18:26:14] [DEBUG] [strategy] [한화갤러리아] 탈락: 매수세약(0.0%)
[18:26:15] [WARNING] [chart] [001510] 분봉 데이터 부족
[18:26:16] [DEBUG] [strategy] [SK증권] 탈락: 매수세약(0.0%)
[18:26:18] [WARNING] [chart] [024840] 분봉 데이터 부족
[18:26:19] [DEBUG] [strategy] [KBI메탈] 탈락: 시가총액미달(876억), 매수세약(0.0%)
[18:26:20] [WARNING] [chart] [005930] 분봉 데이터 부족
[18:26:21] [DEBUG] [strategy] [삼성전자] 탈락: 매수세약(0.0%)
[18:26:23] [WARNING] [chart] [047040] 분봉 데이터 부족
[18:26:23] [DEBUG] [strategy] [대우건설] 탈락: 매수세약(0.0%)
[18:26:25] [WARNING] [chart] [122630] 분봉 데이터 부족
[18:26:26] [DEBUG] [strategy] [KODEX 레버리지] 탈락: 매수세약(0.0%)
[18:26:26] [INFO] [strategy] 조건 검색: 9개 → 필터 후 0개 후보
[18:26:26] [INFO] [simulate] 매수 후보 없음
[18:26:36] [INFO] [simulate] [18:26] 🔍 조건 검색 중...
[18:26:37] [INFO] [price] 거래량 순위 조회 완료: 9개 종목 (등락률 필터 후)
[18:26:38] [WARNING] [chart] [004410] 분봉 데이터 부족
[18:26:39] [DEBUG] [strategy] [서울식품] 탈락: 시가총액미달(905억), 매수세약(0.0%)
[18:26:40] [WARNING] [chart] [462330] 분봉 데이터 부족
[18:26:41] [DEBUG] [strategy] [KODEX 2차전지산업레버리지] 탈락: 매수세약(0.0%)
[18:26:42] [WARNING] [chart] [003060] 분봉 데이터 부족
[18:26:43] [DEBUG] [strategy] [에이프로젠바이오로직스] 탈락: 거래대금부족(197억), 시가총액미달(810억), 매수세약(0.0%)
[18:26:45] [WARNING] [chart] [452260] 분봉 데이터 부족
[18:26:45] [DEBUG] [strategy] [한화갤러리아] 탈락: 매수세약(0.0%)
[18:26:47] [WARNING] [chart] [001510] 분봉 데이터 부족
[18:26:47] [DEBUG] [strategy] [SK증권] 탈락: 매수세약(0.0%)
[18:26:49] [WARNING] [chart] [024840] 분봉 데이터 부족
[18:26:49] [DEBUG] [strategy] [KBI메탈] 탈락: 시가총액미달(876억), 매수세약(0.0%)
[18:26:51] [WARNING] [chart] [005930] 분봉 데이터 부족
[18:26:51] [DEBUG] [strategy] [삼성전자] 탈락: 매수세약(0.0%)
[18:26:53] [WARNING] [chart] [047040] 분봉 데이터 부족
[18:26:54] [DEBUG] [strategy] [대우건설] 탈락: 매수세약(0.0%)
[18:26:55] [WARNING] [chart] [122630] 분봉 데이터 부족
[18:26:56] [DEBUG] [strategy] [KODEX 레버리지] 탈락: 매수세약(0.0%)
[18:26:56] [INFO] [strategy] 조건 검색: 9개 → 필터 후 0개 후보
[18:26:56] [INFO] [simulate] 매수 후보 없음
[18:27:06] [INFO] [simulate] [18:27] 🔍 조건 검색 중...
[18:27:07] [INFO] [price] 거래량 순위 조회 완료: 9개 종목 (등락률 필터 후)
[18:27:08] [WARNING] [chart] [004410] 분봉 데이터 부족
[18:27:09] [DEBUG] [strategy] [서울식품] 탈락: 시가총액미달(905억), 매수세약(0.0%)
[18:27:11] [WARNING] [chart] [462330] 분봉 데이터 부족
[18:27:11] [DEBUG] [strategy] [KODEX 2차전지산업레버리지] 탈락: 매수세약(0.0%)
[18:27:13] [WARNING] [chart] [003060] 분봉 데이터 부족
[18:27:13] [DEBUG] [strategy] [에이프로젠바이오로직스] 탈락: 거래대금부족(197억), 시가총액미달(810억), 매수세약(0.0%)
[18:27:15] [WARNING] [chart] [452260] 분봉 데이터 부족
[18:27:16] [DEBUG] [strategy] [한화갤러리아] 탈락: 매수세약(0.0%)
[18:27:18] [WARNING] [chart] [001510] 분봉 데이터 부족
[18:27:19] [DEBUG] [strategy] [SK증권] 탈락: 매수세약(0.0%)
[18:27:20] [WARNING] [chart] [024840] 분봉 데이터 부족
[18:27:21] [DEBUG] [strategy] [KBI메탈] 탈락: 시가총액미달(876억), 매수세약(0.0%)
[18:27:23] [WARNING] [chart] [005930] 분봉 데이터 부족
[18:27:23] [DEBUG] [strategy] [삼성전자] 탈락: 매수세약(0.0%)
[18:27:25] [WARNING] [chart] [047040] 분봉 데이터 부족
[18:27:25] [DEBUG] [strategy] [대우건설] 탈락: 매수세약(0.0%)
[18:27:27] [WARNING] [chart] [122630] 분봉 데이터 부족
[18:27:28] [DEBUG] [strategy] [KODEX 레버리지] 탈락: 매수세약(0.0%)
[18:27:28] [INFO] [strategy] 조건 검색: 9개 → 필터 후 0개 후보
[18:27:28] [INFO] [simulate] 매수 후보 없음
[18:27:38] [INFO] [simulate] [18:27] 🔍 조건 검색 중...
[18:27:39] [INFO] [price] 거래량 순위 조회 완료: 9개 종목 (등락률 필터 후)
[18:27:40] [WARNING] [chart] [004410] 분봉 데이터 부족
[18:27:41] [DEBUG] [strategy] [서울식품] 탈락: 시가총액미달(905억), 매수세약(0.0%)
[18:27:42] [WARNING] [chart] [462330] 분봉 데이터 부족
[18:27:43] [DEBUG] [strategy] [KODEX 2차전지산업레버리지] 탈락: 매수세약(0.0%)
[18:27:44] [WARNING] [chart] [003060] 분봉 데이터 부족
[18:27:45] [DEBUG] [strategy] [에이프로젠바이오로직스] 탈락: 거래대금부족(197억), 시가총액미달(810억), 매수세약(0.0%)
[18:27:46] [WARNING] [chart] [452260] 분봉 데이터 부족
[18:27:47] [DEBUG] [strategy] [한화갤러리아] 탈락: 매수세약(0.0%)
[18:27:49] [WARNING] [chart] [001510] 분봉 데이터 부족
[18:27:50] [DEBUG] [strategy] [SK증권] 탈락: 매수세약(0.0%)
[18:27:51] [WARNING] [chart] [024840] 분봉 데이터 부족
[18:27:53] [DEBUG] [strategy] [KBI메탈] 탈락: 시가총액미달(876억), 매수세약(0.0%)
[18:27:54] [WARNING] [chart] [005930] 분봉 데이터 부족
[18:27:55] [DEBUG] [strategy] [삼성전자] 탈락: 매수세약(0.0%)
[18:27:57] [WARNING] [chart] [047040] 분봉 데이터 부족
[18:27:57] [DEBUG] [strategy] [대우건설] 탈락: 매수세약(0.0%)
[18:28:00] [WARNING] [chart] [122630] 분봉 데이터 부족
[18:28:01] [DEBUG] [strategy] [KODEX 레버리지] 탈락: 매수세약(0.0%)
[18:28:01] [INFO] [strategy] 조건 검색: 9개 → 필터 후 0개 후보
[18:28:01] [INFO] [simulate] 매수 후보 없음
[18:28:11] [INFO] [simulate] [18:28] 🔍 조건 검색 중...
[18:28:12] [INFO] [price] 거래량 순위 조회 완료: 9개 종목 (등락률 필터 후)
[18:28:13] [WARNING] [chart] [004410] 분봉 데이터 부족
[18:28:14] [DEBUG] [strategy] [서울식품] 탈락: 시가총액미달(905억), 매수세약(0.0%)
[18:28:15] [WARNING] [chart] [462330] 분봉 데이터 부족
[18:28:16] [DEBUG] [strategy] [KODEX 2차전지산업레버리지] 탈락: 매수세약(0.0%)
[18:28:18] [WARNING] [chart] [003060] 분봉 데이터 부족
[18:28:18] [DEBUG] [strategy] [에이프로젠바이오로직스] 탈락: 거래대금부족(197억), 시가총액미달(810억), 매수세약(0.0%)
[18:28:20] [WARNING] [chart] [452260] 분봉 데이터 부족
[18:28:21] [DEBUG] [strategy] [한화갤러리아] 탈락: 매수세약(0.0%)
[18:28:22] [WARNING] [chart] [001510] 분봉 데이터 부족
[18:28:23] [DEBUG] [strategy] [SK증권] 탈락: 매수세약(0.0%)
[18:28:25] [WARNING] [chart] [024840] 분봉 데이터 부족
[18:28:25] [DEBUG] [strategy] [KBI메탈] 탈락: 시가총액미달(876억), 매수세약(0.0%)
[18:28:27] [WARNING] [chart] [005930] 분봉 데이터 부족
[18:28:28] [DEBUG] [strategy] [삼성전자] 탈락: 매수세약(0.0%)
[18:28:30] [WARNING] [chart] [047040] 분봉 데이터 부족
[18:28:30] [DEBUG] [strategy] [대우건설] 탈락: 매수세약(0.0%)
[18:28:32] [WARNING] [chart] [122630] 분봉 데이터 부족
[18:28:33] [DEBUG] [strategy] [KODEX 레버리지] 탈락: 매수세약(0.0%)
[18:28:33] [INFO] [strategy] 조건 검색: 9개 → 필터 후 0개 후보
[18:28:33] [INFO] [simulate] 매수 후보 없음
[18:28:43] [INFO] [simulate] [18:28] 🔍 조건 검색 중...
[18:28:43] [INFO] [price] 거래량 순위 조회 완료: 9개 종목 (등락률 필터 후)
[18:28:44] [WARNING] [chart] [004410] 분봉 데이터 부족
[18:28:45] [DEBUG] [strategy] [서울식품] 탈락: 시가총액미달(905억), 매수세약(0.0%)
[18:28:46] [WARNING] [chart] [462330] 분봉 데이터 부족
[18:28:47] [DEBUG] [strategy] [KODEX 2차전지산업레버리지] 탈락: 매수세약(0.0%)
[18:28:48] [WARNING] [chart] [003060] 분봉 데이터 부족
[18:28:49] [DEBUG] [strategy] [에이프로젠바이오로직스] 탈락: 거래대금부족(197억), 시가총액미달(810억), 매수세약(0.0%)
[18:28:52] [WARNING] [chart] [452260] 분봉 데이터 부족
[18:28:53] [DEBUG] [strategy] [한화갤러리아] 탈락: 매수세약(0.0%)
[18:28:56] [WARNING] [chart] [001510] 분봉 데이터 부족
[18:28:57] [DEBUG] [strategy] [SK증권] 탈락: 매수세약(0.0%)
[18:28:59] [WARNING] [chart] [024840] 분봉 데이터 부족
[18:29:00] [DEBUG] [strategy] [KBI메탈] 탈락: 시가총액미달(876억), 매수세약(0.0%)
[18:29:01] [WARNING] [chart] [005930] 분봉 데이터 부족
[18:29:02] [DEBUG] [strategy] [삼성전자] 탈락: 매수세약(0.0%)
[18:29:04] [WARNING] [chart] [047040] 분봉 데이터 부족
[18:29:04] [DEBUG] [strategy] [대우건설] 탈락: 매수세약(0.0%)
[18:29:06] [WARNING] [chart] [122630] 분봉 데이터 부족
[18:29:07] [DEBUG] [strategy] [KODEX 레버리지] 탈락: 매수세약(0.0%)
[18:29:07] [INFO] [strategy] 조건 검색: 9개 → 필터 후 0개 후보
[18:29:07] [INFO] [simulate] 매수 후보 없음
[18:29:17] [INFO] [simulate] [18:29] 🔍 조건 검색 중...
[18:29:18] [INFO] [price] 거래량 순위 조회 완료: 9개 종목 (등락률 필터 후)
[18:29:19] [WARNING] [chart] [004410] 분봉 데이터 부족
[18:29:20] [DEBUG] [strategy] [서울식품] 탈락: 시가총액미달(905억), 매수세약(0.0%)
[18:29:21] [WARNING] [chart] [462330] 분봉 데이터 부족
[18:29:22] [DEBUG] [strategy] [KODEX 2차전지산업레버리지] 탈락: 매수세약(0.0%)
[18:29:23] [WARNING] [chart] [003060] 분봉 데이터 부족
[18:29:24] [DEBUG] [strategy] [에이프로젠바이오로직스] 탈락: 거래대금부족(197억), 시가총액미달(810억), 매수세약(0.0%)
[18:29:25] [WARNING] [chart] [452260] 분봉 데이터 부족
[18:29:26] [DEBUG] [strategy] [한화갤러리아] 탈락: 매수세약(0.0%)
[18:29:28] [WARNING] [chart] [001510] 분봉 데이터 부족
[18:29:28] [DEBUG] [strategy] [SK증권] 탈락: 매수세약(0.0%)
[18:29:30] [WARNING] [chart] [024840] 분봉 데이터 부족
[18:29:31] [DEBUG] [strategy] [KBI메탈] 탈락: 시가총액미달(876억), 매수세약(0.0%)
[18:29:33] [WARNING] [chart] [005930] 분봉 데이터 부족
[18:29:33] [DEBUG] [strategy] [삼성전자] 탈락: 매수세약(0.0%)
[18:29:35] [WARNING] [chart] [047040] 분봉 데이터 부족
[18:29:35] [DEBUG] [strategy] [대우건설] 탈락: 매수세약(0.0%)
[18:29:37] [WARNING] [chart] [122630] 분봉 데이터 부족
[18:29:38] [DEBUG] [strategy] [KODEX 레버리지] 탈락: 매수세약(0.0%)
[18:29:38] [INFO] [strategy] 조건 검색: 9개 → 필터 후 0개 후보
[18:29:38] [INFO] [simulate] 매수 후보 없음
[18:29:48] [INFO] [simulate] [18:29] 🔍 조건 검색 중...
[18:29:49] [INFO] [price] 거래량 순위 조회 완료: 9개 종목 (등락률 필터 후)
[18:29:50] [WARNING] [chart] [004410] 분봉 데이터 부족
[18:29:51] [DEBUG] [strategy] [서울식품] 탈락: 시가총액미달(905억), 매수세약(0.0%)
[18:29:52] [WARNING] [chart] [462330] 분봉 데이터 부족
[18:29:53] [DEBUG] [strategy] [KODEX 2차전지산업레버리지] 탈락: 매수세약(0.0%)
[18:29:55] [WARNING] [chart] [003060] 분봉 데이터 부족
[18:29:55] [DEBUG] [strategy] [에이프로젠바이오로직스] 탈락: 거래대금부족(197억), 시가총액미달(810억), 매수세약(0.0%)
[18:29:57] [WARNING] [chart] [452260] 분봉 데이터 부족
[18:29:58] [DEBUG] [strategy] [한화갤러리아] 탈락: 매수세약(0.0%)
[18:29:59] [WARNING] [chart] [001510] 분봉 데이터 부족
[18:30:00] [DEBUG] [strategy] [SK증권] 탈락: 매수세약(0.0%)
[18:30:02] [WARNING] [chart] [024840] 분봉 데이터 부족
[18:30:02] [DEBUG] [strategy] [KBI메탈] 탈락: 시가총액미달(876억), 매수세약(0.0%)
[18:30:04] [WARNING] [chart] [005930] 분봉 데이터 부족
[18:30:05] [DEBUG] [strategy] [삼성전자] 탈락: 매수세약(0.0%)
[18:30:07] [WARNING] [chart] [047040] 분봉 데이터 부족
[18:30:07] [DEBUG] [strategy] [대우건설] 탈락: 매수세약(0.0%)
[18:30:09] [WARNING] [chart] [122630] 분봉 데이터 부족
[18:30:10] [DEBUG] [strategy] [KODEX 레버리지] 탈락: 매수세약(0.0%)
[18:30:11] [INFO] [strategy] 조건 검색: 9개 → 필터 후 0개 후보
[18:30:11] [INFO] [simulate] 매수 후보 없음
[18:30:21] [INFO] [simulate] [18:30] 🔍 조건 검색 중...
[18:30:21] [INFO] [price] 거래량 순위 조회 완료: 9개 종목 (등락률 필터 후)
[18:30:22] [WARNING] [chart] [004410] 분봉 데이터 부족
[18:30:23] [DEBUG] [strategy] [서울식품] 탈락: 시가총액미달(905억), 매수세약(0.0%)
[18:30:25] [WARNING] [chart] [462330] 분봉 데이터 부족
[18:30:25] [DEBUG] [strategy] [KODEX 2차전지산업레버리지] 탈락: 매수세약(0.0%)
[18:30:27] [WARNING] [chart] [003060] 분봉 데이터 부족
[18:30:28] [DEBUG] [strategy] [에이프로젠바이오로직스] 탈락: 거래대금부족(197억), 시가총액미달(810억), 매수세약(0.0%)
[18:30:29] [WARNING] [chart] [452260] 분봉 데이터 부족
[18:30:30] [DEBUG] [strategy] [한화갤러리아] 탈락: 매수세약(0.0%)
[18:30:31] [WARNING] [chart] [001510] 분봉 데이터 부족
[18:30:32] [DEBUG] [strategy] [SK증권] 탈락: 매수세약(0.0%)
[18:30:34] [WARNING] [chart] [024840] 분봉 데이터 부족
[18:30:34] [DEBUG] [strategy] [KBI메탈] 탈락: 시가총액미달(876억), 매수세약(0.0%)
[18:30:36] [WARNING] [chart] [005930] 분봉 데이터 부족
[18:30:37] [DEBUG] [strategy] [삼성전자] 탈락: 매수세약(0.0%)
[18:30:39] [WARNING] [chart] [047040] 분봉 데이터 부족
[18:30:39] [DEBUG] [strategy] [대우건설] 탈락: 매수세약(0.0%)
[18:30:41] [WARNING] [chart] [122630] 분봉 데이터 부족
[18:30:42] [DEBUG] [strategy] [KODEX 레버리지] 탈락: 매수세약(0.0%)
[18:30:42] [INFO] [strategy] 조건 검색: 9개 → 필터 후 0개 후보
[18:30:42] [INFO] [simulate] 매수 후보 없음
[18:30:52] [INFO] [simulate] [18:30] 🔍 조건 검색 중...
[18:30:53] [INFO] [price] 거래량 순위 조회 완료: 9개 종목 (등락률 필터 후)
[18:30:55] [WARNING] [chart] [004410] 분봉 데이터 부족
[18:30:55] [DEBUG] [strategy] [서울식품] 탈락: 시가총액미달(905억), 매수세약(0.0%)
[18:30:57] [WARNING] [chart] [462330] 분봉 데이터 부족
[18:30:58] [DEBUG] [strategy] [KODEX 2차전지산업레버리지] 탈락: 매수세약(0.0%)
[18:31:00] [WARNING] [chart] [003060] 분봉 데이터 부족
[18:31:00] [DEBUG] [strategy] [에이프로젠바이오로직스] 탈락: 거래대금부족(197억), 시가총액미달(810억), 매수세약(0.0%)
[18:31:02] [WARNING] [chart] [452260] 분봉 데이터 부족
[18:31:03] [DEBUG] [strategy] [한화갤러리아] 탈락: 매수세약(0.0%)
[18:31:04] [WARNING] [chart] [001510] 분봉 데이터 부족
[18:31:05] [DEBUG] [strategy] [SK증권] 탈락: 매수세약(0.0%)
[18:31:07] [WARNING] [chart] [024840] 분봉 데이터 부족
[18:31:07] [DEBUG] [strategy] [KBI메탈] 탈락: 시가총액미달(876억), 매수세약(0.0%)
[18:31:09] [WARNING] [chart] [005930] 분봉 데이터 부족
[18:31:10] [DEBUG] [strategy] [삼성전자] 탈락: 매수세약(0.0%)
[18:31:11] [WARNING] [chart] [047040] 분봉 데이터 부족
[18:31:12] [DEBUG] [strategy] [대우건설] 탈락: 매수세약(0.0%)
[18:31:14] [WARNING] [chart] [122630] 분봉 데이터 부족
[18:31:15] [DEBUG] [strategy] [KODEX 레버리지] 탈락: 매수세약(0.0%)
[18:31:15] [INFO] [strategy] 조건 검색: 9개 → 필터 후 0개 후보
[18:31:15] [INFO] [simulate] 매수 후보 없음
[18:31:25] [INFO] [simulate] [18:31] 🔍 조건 검색 중...
[18:31:26] [INFO] [price] 거래량 순위 조회 완료: 9개 종목 (등락률 필터 후)
[18:31:28] [WARNING] [chart] [004410] 분봉 데이터 부족
[18:31:29] [DEBUG] [strategy] [서울식품] 탈락: 시가총액미달(905억), 매수세약(0.0%)
[18:31:31] [WARNING] [chart] [462330] 분봉 데이터 부족
[18:31:31] [DEBUG] [strategy] [KODEX 2차전지산업레버리지] 탈락: 매수세약(0.0%)
[18:31:33] [WARNING] [chart] [003060] 분봉 데이터 부족
[18:31:34] [DEBUG] [strategy] [에이프로젠바이오로직스] 탈락: 거래대금부족(197억), 시가총액미달(810억), 매수세약(0.0%)
[18:31:35] [WARNING] [chart] [452260] 분봉 데이터 부족
[18:31:36] [DEBUG] [strategy] [한화갤러리아] 탈락: 매수세약(0.0%)
[18:31:38] [WARNING] [chart] [001510] 분봉 데이터 부족
[18:31:39] [DEBUG] [strategy] [SK증권] 탈락: 매수세약(0.0%)
[18:31:40] [WARNING] [chart] [024840] 분봉 데이터 부족
[18:31:41] [DEBUG] [strategy] [KBI메탈] 탈락: 시가총액미달(876억), 매수세약(0.0%)
[18:31:43] [WARNING] [chart] [005930] 분봉 데이터 부족
[18:31:43] [DEBUG] [strategy] [삼성전자] 탈락: 매수세약(0.0%)
[18:31:45] [WARNING] [chart] [047040] 분봉 데이터 부족
[18:31:46] [DEBUG] [strategy] [대우건설] 탈락: 매수세약(0.0%)
[18:31:47] [WARNING] [chart] [122630] 분봉 데이터 부족
[18:31:48] [DEBUG] [strategy] [KODEX 레버리지] 탈락: 매수세약(0.0%)
[18:31:48] [INFO] [strategy] 조건 검색: 9개 → 필터 후 0개 후보
[18:31:48] [INFO] [simulate] 매수 후보 없음
[18:31:58] [INFO] [simulate] [18:31] 🔍 조건 검색 중...
[18:31:59] [INFO] [price] 거래량 순위 조회 완료: 9개 종목 (등락률 필터 후)
[18:32:01] [WARNING] [chart] [004410] 분봉 데이터 부족
[18:32:01] [DEBUG] [strategy] [서울식품] 탈락: 시가총액미달(905억), 매수세약(0.0%)
[18:32:03] [WARNING] [chart] [462330] 분봉 데이터 부족
[18:32:04] [DEBUG] [strategy] [KODEX 2차전지산업레버리지] 탈락: 매수세약(0.0%)
[18:32:05] [WARNING] [chart] [003060] 분봉 데이터 부족
[18:32:06] [DEBUG] [strategy] [에이프로젠바이오로직스] 탈락: 거래대금부족(197억), 시가총액미달(810억), 매수세약(0.0%)
[18:32:08] [WARNING] [chart] [452260] 분봉 데이터 부족
[18:32:09] [DEBUG] [strategy] [한화갤러리아] 탈락: 매수세약(0.0%)
[18:32:11] [WARNING] [chart] [001510] 분봉 데이터 부족
[18:32:11] [DEBUG] [strategy] [SK증권] 탈락: 매수세약(0.0%)
[18:32:13] [WARNING] [chart] [024840] 분봉 데이터 부족
[18:32:14] [DEBUG] [strategy] [KBI메탈] 탈락: 시가총액미달(876억), 매수세약(0.0%)
[18:32:15] [WARNING] [chart] [005930] 분봉 데이터 부족
[18:32:16] [DEBUG] [strategy] [삼성전자] 탈락: 매수세약(0.0%)
[18:32:18] [WARNING] [chart] [047040] 분봉 데이터 부족
[18:32:18] [DEBUG] [strategy] [대우건설] 탈락: 매수세약(0.0%)
[18:32:20] [WARNING] [chart] [122630] 분봉 데이터 부족
[18:32:21] [DEBUG] [strategy] [KODEX 레버리지] 탈락: 매수세약(0.0%)
[18:32:21] [INFO] [strategy] 조건 검색: 9개 → 필터 후 0개 후보
[18:32:21] [INFO] [simulate] 매수 후보 없음
[18:32:31] [INFO] [simulate] [18:32] 🔍 조건 검색 중...
[18:32:32] [INFO] [price] 거래량 순위 조회 완료: 9개 종목 (등락률 필터 후)
[18:32:33] [WARNING] [chart] [004410] 분봉 데이터 부족
[18:32:34] [DEBUG] [strategy] [서울식품] 탈락: 시가총액미달(905억), 매수세약(0.0%)
[18:32:36] [WARNING] [chart] [462330] 분봉 데이터 부족
[18:32:36] [DEBUG] [strategy] [KODEX 2차전지산업레버리지] 탈락: 매수세약(0.0%)
[18:32:38] [WARNING] [chart] [003060] 분봉 데이터 부족
[18:32:39] [DEBUG] [strategy] [에이프로젠바이오로직스] 탈락: 거래대금부족(197억), 시가총액미달(810억), 매수세약(0.0%)
[18:32:41] [WARNING] [chart] [452260] 분봉 데이터 부족
[18:32:41] [DEBUG] [strategy] [한화갤러리아] 탈락: 매수세약(0.0%)
[18:32:43] [WARNING] [chart] [001510] 분봉 데이터 부족
[18:32:44] [DEBUG] [strategy] [SK증권] 탈락: 매수세약(0.0%)
[18:32:45] [WARNING] [chart] [024840] 분봉 데이터 부족
[18:32:46] [DEBUG] [strategy] [KBI메탈] 탈락: 시가총액미달(876억), 매수세약(0.0%)
[18:32:47] [WARNING] [chart] [005930] 분봉 데이터 부족
[18:32:48] [DEBUG] [strategy] [삼성전자] 탈락: 매수세약(0.0%)
[18:32:50] [WARNING] [chart] [047040] 분봉 데이터 부족
[18:32:50] [DEBUG] [strategy] [대우건설] 탈락: 매수세약(0.0%)
[18:32:52] [WARNING] [chart] [122630] 분봉 데이터 부족
[18:32:52] [DEBUG] [strategy] [KODEX 레버리지] 탈락: 매수세약(0.0%)
[18:32:53] [INFO] [strategy] 조건 검색: 9개 → 필터 후 0개 후보
[18:32:53] [INFO] [simulate] 매수 후보 없음
[18:33:03] [INFO] [simulate] [18:33] 🔍 조건 검색 중...
[18:33:03] [INFO] [price] 거래량 순위 조회 완료: 9개 종목 (등락률 필터 후)
[18:33:05] [WARNING] [chart] [004410] 분봉 데이터 부족
[18:33:06] [DEBUG] [strategy] [서울식품] 탈락: 시가총액미달(905억), 매수세약(0.0%)
[18:33:08] [WARNING] [chart] [462330] 분봉 데이터 부족
[18:33:09] [DEBUG] [strategy] [KODEX 2차전지산업레버리지] 탈락: 매수세약(0.0%)
[18:33:11] [WARNING] [chart] [003060] 분봉 데이터 부족
[18:33:11] [DEBUG] [strategy] [에이프로젠바이오로직스] 탈락: 거래대금부족(197억), 시가총액미달(810억), 매수세약(0.0%)
[18:33:13] [WARNING] [chart] [452260] 분봉 데이터 부족
[18:33:14] [DEBUG] [strategy] [한화갤러리아] 탈락: 매수세약(0.0%)
[18:33:16] [WARNING] [chart] [001510] 분봉 데이터 부족
[18:33:17] [DEBUG] [strategy] [SK증권] 탈락: 매수세약(0.0%)
[18:33:18] [WARNING] [chart] [024840] 분봉 데이터 부족
[18:33:19] [DEBUG] [strategy] [KBI메탈] 탈락: 시가총액미달(876억), 매수세약(0.0%)
[18:33:22] [WARNING] [chart] [005930] 분봉 데이터 부족
[18:33:22] [DEBUG] [strategy] [삼성전자] 탈락: 매수세약(0.0%)
[18:33:24] [WARNING] [chart] [047040] 분봉 데이터 부족
[18:33:25] [DEBUG] [strategy] [대우건설] 탈락: 매수세약(0.0%)
[18:33:27] [WARNING] [chart] [122630] 분봉 데이터 부족
[18:33:27] [DEBUG] [strategy] [KODEX 레버리지] 탈락: 매수세약(0.0%)
[18:33:28] [INFO] [strategy] 조건 검색: 9개 → 필터 후 0개 후보
[18:33:28] [INFO] [simulate] 매수 후보 없음
[18:33:38] [INFO] [simulate] [18:33] 🔍 조건 검색 중...
[18:33:38] [INFO] [price] 거래량 순위 조회 완료: 9개 종목 (등락률 필터 후)
[18:33:40] [WARNING] [chart] [004410] 분봉 데이터 부족
[18:33:40] [DEBUG] [strategy] [서울식품] 탈락: 시가총액미달(905억), 매수세약(0.0%)
[18:33:42] [WARNING] [chart] [462330] 분봉 데이터 부족
[18:33:43] [DEBUG] [strategy] [KODEX 2차전지산업레버리지] 탈락: 매수세약(0.0%)
[18:33:44] [WARNING] [chart] [003060] 분봉 데이터 부족
[18:33:45] [DEBUG] [strategy] [에이프로젠바이오로직스] 탈락: 거래대금부족(197억), 시가총액미달(810억), 매수세약(0.0%)
[18:33:46] [WARNING] [chart] [452260] 분봉 데이터 부족
[18:33:47] [DEBUG] [strategy] [한화갤러리아] 탈락: 매수세약(0.0%)
[18:33:49] [WARNING] [chart] [001510] 분봉 데이터 부족
[18:33:49] [DEBUG] [strategy] [SK증권] 탈락: 매수세약(0.0%)
[18:33:51] [WARNING] [chart] [024840] 분봉 데이터 부족
[18:33:52] [DEBUG] [strategy] [KBI메탈] 탈락: 시가총액미달(876억), 매수세약(0.0%)
[18:33:54] [WARNING] [chart] [005930] 분봉 데이터 부족
[18:33:54] [DEBUG] [strategy] [삼성전자] 탈락: 매수세약(0.0%)
[18:33:56] [WARNING] [chart] [047040] 분봉 데이터 부족
[18:33:57] [DEBUG] [strategy] [대우건설] 탈락: 매수세약(0.0%)
[18:33:59] [WARNING] [chart] [122630] 분봉 데이터 부족
[18:34:00] [DEBUG] [strategy] [KODEX 레버리지] 탈락: 매수세약(0.0%)
[18:34:00] [INFO] [strategy] 조건 검색: 9개 → 필터 후 0개 후보
[18:34:00] [INFO] [simulate] 매수 후보 없음
[18:34:10] [INFO] [simulate] [18:34] 🔍 조건 검색 중...
[18:34:11] [INFO] [price] 거래량 순위 조회 완료: 9개 종목 (등락률 필터 후)
[18:34:12] [WARNING] [chart] [004410] 분봉 데이터 부족
[18:34:13] [DEBUG] [strategy] [서울식품] 탈락: 시가총액미달(905억), 매수세약(0.0%)
[18:34:15] [WARNING] [chart] [462330] 분봉 데이터 부족
[18:34:15] [DEBUG] [strategy] [KODEX 2차전지산업레버리지] 탈락: 매수세약(0.0%)
[18:34:17] [WARNING] [chart] [003060] 분봉 데이터 부족
[18:34:17] [DEBUG] [strategy] [에이프로젠바이오로직스] 탈락: 거래대금부족(197억), 시가총액미달(810억), 매수세약(0.0%)
[18:34:19] [WARNING] [chart] [452260] 분봉 데이터 부족
[18:34:20] [DEBUG] [strategy] [한화갤러리아] 탈락: 매수세약(0.0%)
[18:34:21] [WARNING] [chart] [001510] 분봉 데이터 부족
[18:34:22] [DEBUG] [strategy] [SK증권] 탈락: 매수세약(0.0%)
[18:34:24] [WARNING] [chart] [024840] 분봉 데이터 부족
[18:34:24] [DEBUG] [strategy] [KBI메탈] 탈락: 시가총액미달(876억), 매수세약(0.0%)
[18:34:26] [WARNING] [chart] [005930] 분봉 데이터 부족
[18:34:27] [DEBUG] [strategy] [삼성전자] 탈락: 매수세약(0.0%)
[18:34:28] [WARNING] [chart] [047040] 분봉 데이터 부족
[18:34:29] [DEBUG] [strategy] [대우건설] 탈락: 매수세약(0.0%)
[18:34:31] [WARNING] [chart] [122630] 분봉 데이터 부족
[18:34:31] [DEBUG] [strategy] [KODEX 레버리지] 탈락: 매수세약(0.0%)
[18:34:32] [INFO] [strategy] 조건 검색: 9개 → 필터 후 0개 후보
[18:34:32] [INFO] [simulate] 매수 후보 없음
[18:34:42] [INFO] [simulate] [18:34] 🔍 조건 검색 중...
[18:34:42] [INFO] [price] 거래량 순위 조회 완료: 9개 종목 (등락률 필터 후)
[18:34:44] [WARNING] [chart] [004410] 분봉 데이터 부족
[18:34:45] [DEBUG] [strategy] [서울식품] 탈락: 시가총액미달(905억), 매수세약(0.0%)
[18:34:46] [WARNING] [chart] [462330] 분봉 데이터 부족
[18:34:47] [DEBUG] [strategy] [KODEX 2차전지산업레버리지] 탈락: 매수세약(0.0%)
[18:34:49] [WARNING] [chart] [003060] 분봉 데이터 부족
[18:34:49] [DEBUG] [strategy] [에이프로젠바이오로직스] 탈락: 거래대금부족(197억), 시가총액미달(810억), 매수세약(0.0%)
[18:34:51] [WARNING] [chart] [452260] 분봉 데이터 부족
[18:34:52] [DEBUG] [strategy] [한화갤러리아] 탈락: 매수세약(0.0%)
[18:34:54] [WARNING] [chart] [001510] 분봉 데이터 부족
[18:34:54] [DEBUG] [strategy] [SK증권] 탈락: 매수세약(0.0%)
[18:34:57] [WARNING] [chart] [024840] 분봉 데이터 부족
[18:34:57] [DEBUG] [strategy] [KBI메탈] 탈락: 시가총액미달(876억), 매수세약(0.0%)
[18:34:59] [WARNING] [chart] [005930] 분봉 데이터 부족
[18:35:00] [DEBUG] [strategy] [삼성전자] 탈락: 매수세약(0.0%)
[18:35:01] [WARNING] [chart] [047040] 분봉 데이터 부족
[18:35:02] [DEBUG] [strategy] [대우건설] 탈락: 매수세약(0.0%)
[18:35:04] [WARNING] [chart] [122630] 분봉 데이터 부족
[18:35:04] [DEBUG] [strategy] [KODEX 레버리지] 탈락: 매수세약(0.0%)
[18:35:05] [INFO] [strategy] 조건 검색: 9개 → 필터 후 0개 후보
[18:35:05] [INFO] [simulate] 매수 후보 없음
[18:35:15] [INFO] [simulate] [18:35] 🔍 조건 검색 중...
[18:35:15] [INFO] [price] 거래량 순위 조회 완료: 9개 종목 (등락률 필터 후)
[18:35:17] [WARNING] [chart] [004410] 분봉 데이터 부족
[18:35:18] [DEBUG] [strategy] [서울식품] 탈락: 시가총액미달(905억), 매수세약(0.0%)
[18:35:19] [WARNING] [chart] [462330] 분봉 데이터 부족
[18:35:20] [DEBUG] [strategy] [KODEX 2차전지산업레버리지] 탈락: 매수세약(0.0%)
[18:35:22] [WARNING] [chart] [003060] 분봉 데이터 부족
[18:35:22] [DEBUG] [strategy] [에이프로젠바이오로직스] 탈락: 거래대금부족(197억), 시가총액미달(810억), 매수세약(0.0%)
[18:35:24] [WARNING] [chart] [452260] 분봉 데이터 부족
[18:35:25] [DEBUG] [strategy] [한화갤러리아] 탈락: 매수세약(0.0%)
[18:35:26] [WARNING] [chart] [001510] 분봉 데이터 부족
[18:35:27] [DEBUG] [strategy] [SK증권] 탈락: 매수세약(0.0%)
[18:35:29] [WARNING] [chart] [024840] 분봉 데이터 부족
[18:35:30] [DEBUG] [strategy] [KBI메탈] 탈락: 시가총액미달(876억), 매수세약(0.0%)
[18:35:32] [WARNING] [chart] [005930] 분봉 데이터 부족
[18:35:32] [DEBUG] [strategy] [삼성전자] 탈락: 매수세약(0.0%)
[18:35:34] [WARNING] [chart] [047040] 분봉 데이터 부족
[18:35:35] [DEBUG] [strategy] [대우건설] 탈락: 매수세약(0.0%)
[18:35:37] [WARNING] [chart] [122630] 분봉 데이터 부족
[18:35:37] [DEBUG] [strategy] [KODEX 레버리지] 탈락: 매수세약(0.0%)
[18:35:38] [INFO] [strategy] 조건 검색: 9개 → 필터 후 0개 후보
[18:35:38] [INFO] [simulate] 매수 후보 없음
[18:35:48] [INFO] [simulate] [18:35] 🔍 조건 검색 중...
[18:35:48] [INFO] [price] 거래량 순위 조회 완료: 9개 종목 (등락률 필터 후)
[18:35:50] [WARNING] [chart] [004410] 분봉 데이터 부족
[18:35:50] [DEBUG] [strategy] [서울식품] 탈락: 시가총액미달(905억), 매수세약(0.0%)
[18:35:52] [WARNING] [chart] [462330] 분봉 데이터 부족
[18:35:53] [DEBUG] [strategy] [KODEX 2차전지산업레버리지] 탈락: 매수세약(0.0%)
[18:35:55] [WARNING] [chart] [003060] 분봉 데이터 부족
[18:35:55] [DEBUG] [strategy] [에이프로젠바이오로직스] 탈락: 거래대금부족(197억), 시가총액미달(810억), 매수세약(0.0%)
[18:35:57] [WARNING] [chart] [452260] 분봉 데이터 부족
[18:35:58] [DEBUG] [strategy] [한화갤러리아] 탈락: 매수세약(0.0%)
[18:36:00] [WARNING] [chart] [001510] 분봉 데이터 부족
[18:36:00] [DEBUG] [strategy] [SK증권] 탈락: 매수세약(0.0%)
[18:36:02] [WARNING] [chart] [024840] 분봉 데이터 부족
[18:36:03] [DEBUG] [strategy] [KBI메탈] 탈락: 시가총액미달(876억), 매수세약(0.0%)
[18:36:05] [WARNING] [chart] [005930] 분봉 데이터 부족
[18:36:05] [DEBUG] [strategy] [삼성전자] 탈락: 매수세약(0.0%)
[18:36:07] [WARNING] [chart] [047040] 분봉 데이터 부족
[18:36:08] [DEBUG] [strategy] [대우건설] 탈락: 매수세약(0.0%)
[18:36:09] [WARNING] [chart] [122630] 분봉 데이터 부족
[18:36:10] [DEBUG] [strategy] [KODEX 레버리지] 탈락: 매수세약(0.0%)
[18:36:10] [INFO] [strategy] 조건 검색: 9개 → 필터 후 0개 후보
[18:36:10] [INFO] [simulate] 매수 후보 없음
[18:36:20] [INFO] [simulate] [18:36] 🔍 조건 검색 중...
[18:36:21] [INFO] [price] 거래량 순위 조회 완료: 9개 종목 (등락률 필터 후)
[18:36:23] [WARNING] [chart] [004410] 분봉 데이터 부족
[18:36:23] [DEBUG] [strategy] [서울식품] 탈락: 시가총액미달(905억), 매수세약(0.0%)
[18:36:25] [WARNING] [chart] [462330] 분봉 데이터 부족
[18:36:26] [DEBUG] [strategy] [KODEX 2차전지산업레버리지] 탈락: 매수세약(0.0%)
[18:36:27] [WARNING] [chart] [003060] 분봉 데이터 부족
[18:36:28] [DEBUG] [strategy] [에이프로젠바이오로직스] 탈락: 거래대금부족(197억), 시가총액미달(810억), 매수세약(0.0%)
[18:36:30] [WARNING] [chart] [452260] 분봉 데이터 부족
[18:36:31] [DEBUG] [strategy] [한화갤러리아] 탈락: 매수세약(0.0%)
[18:36:33] [WARNING] [chart] [001510] 분봉 데이터 부족
[18:36:34] [DEBUG] [strategy] [SK증권] 탈락: 매수세약(0.0%)
[18:36:36] [WARNING] [chart] [024840] 분봉 데이터 부족
[18:36:37] [DEBUG] [strategy] [KBI메탈] 탈락: 시가총액미달(876억), 매수세약(0.0%)
[18:36:39] [WARNING] [chart] [005930] 분봉 데이터 부족
[18:36:39] [DEBUG] [strategy] [삼성전자] 탈락: 매수세약(0.0%)
[18:36:41] [WARNING] [chart] [047040] 분봉 데이터 부족
[18:36:42] [DEBUG] [strategy] [대우건설] 탈락: 매수세약(0.0%)
[18:36:44] [WARNING] [chart] [122630] 분봉 데이터 부족
[18:36:44] [DEBUG] [strategy] [KODEX 레버리지] 탈락: 매수세약(0.0%)
[18:36:45] [INFO] [strategy] 조건 검색: 9개 → 필터 후 0개 후보
[18:36:45] [INFO] [simulate] 매수 후보 없음
[18:36:55] [INFO] [simulate] [18:36] 🔍 조건 검색 중...
[18:36:55] [INFO] [price] 거래량 순위 조회 완료: 9개 종목 (등락률 필터 후)
[18:36:56] [WARNING] [chart] [004410] 분봉 데이터 부족
[18:36:57] [DEBUG] [strategy] [서울식품] 탈락: 시가총액미달(905억), 매수세약(0.0%)
[18:36:59] [WARNING] [chart] [462330] 분봉 데이터 부족
[18:36:59] [DEBUG] [strategy] [KODEX 2차전지산업레버리지] 탈락: 매수세약(0.0%)
[18:37:01] [WARNING] [chart] [003060] 분봉 데이터 부족
[18:37:02] [DEBUG] [strategy] [에이프로젠바이오로직스] 탈락: 거래대금부족(197억), 시가총액미달(810억), 매수세약(0.0%)
[18:37:03] [WARNING] [chart] [452260] 분봉 데이터 부족
[18:37:04] [DEBUG] [strategy] [한화갤러리아] 탈락: 매수세약(0.0%)
[18:37:06] [WARNING] [chart] [001510] 분봉 데이터 부족
[18:37:07] [DEBUG] [strategy] [SK증권] 탈락: 매수세약(0.0%)
[18:37:08] [WARNING] [chart] [024840] 분봉 데이터 부족
[18:37:09] [DEBUG] [strategy] [KBI메탈] 탈락: 시가총액미달(876억), 매수세약(0.0%)
[18:37:11] [WARNING] [chart] [005930] 분봉 데이터 부족
[18:37:12] [DEBUG] [strategy] [삼성전자] 탈락: 매수세약(0.0%)
[18:37:14] [WARNING] [chart] [047040] 분봉 데이터 부족
[18:37:14] [DEBUG] [strategy] [대우건설] 탈락: 매수세약(0.0%)
[18:37:16] [WARNING] [chart] [122630] 분봉 데이터 부족
[18:37:17] [DEBUG] [strategy] [KODEX 레버리지] 탈락: 매수세약(0.0%)
[18:37:17] [INFO] [strategy] 조건 검색: 9개 → 필터 후 0개 후보
[18:37:17] [INFO] [simulate] 매수 후보 없음
[18:37:27] [INFO] [simulate] [18:37] 🔍 조건 검색 중...
[18:37:28] [INFO] [price] 거래량 순위 조회 완료: 9개 종목 (등락률 필터 후)
[18:37:30] [WARNING] [chart] [004410] 분봉 데이터 부족
[18:37:30] [DEBUG] [strategy] [서울식품] 탈락: 시가총액미달(905억), 매수세약(0.0%)
[18:37:32] [WARNING] [chart] [462330] 분봉 데이터 부족
[18:37:33] [DEBUG] [strategy] [KODEX 2차전지산업레버리지] 탈락: 매수세약(0.0%)
[18:37:35] [WARNING] [chart] [003060] 분봉 데이터 부족
[18:37:35] [DEBUG] [strategy] [에이프로젠바이오로직스] 탈락: 거래대금부족(197억), 시가총액미달(810억), 매수세약(0.0%)
[18:37:37] [WARNING] [chart] [452260] 분봉 데이터 부족
[18:37:38] [DEBUG] [strategy] [한화갤러리아] 탈락: 매수세약(0.0%)
[18:37:40] [WARNING] [chart] [001510] 분봉 데이터 부족
[18:37:41] [DEBUG] [strategy] [SK증권] 탈락: 매수세약(0.0%)
[18:37:43] [WARNING] [chart] [024840] 분봉 데이터 부족
[18:37:43] [DEBUG] [strategy] [KBI메탈] 탈락: 시가총액미달(876억), 매수세약(0.0%)
[18:37:45] [WARNING] [chart] [005930] 분봉 데이터 부족
[18:37:46] [DEBUG] [strategy] [삼성전자] 탈락: 매수세약(0.0%)
[18:37:48] [WARNING] [chart] [047040] 분봉 데이터 부족
[18:37:48] [DEBUG] [strategy] [대우건설] 탈락: 매수세약(0.0%)
[18:37:50] [WARNING] [chart] [122630] 분봉 데이터 부족
[18:37:51] [DEBUG] [strategy] [KODEX 레버리지] 탈락: 매수세약(0.0%)
[18:37:51] [INFO] [strategy] 조건 검색: 9개 → 필터 후 0개 후보
[18:37:51] [INFO] [simulate] 매수 후보 없음
[18:38:01] [INFO] [simulate] [18:38] 🔍 조건 검색 중...
[18:38:02] [INFO] [price] 거래량 순위 조회 완료: 9개 종목 (등락률 필터 후)
[18:38:03] [WARNING] [chart] [004410] 분봉 데이터 부족
[18:38:04] [DEBUG] [strategy] [서울식품] 탈락: 시가총액미달(905억), 매수세약(0.0%)
[18:38:06] [WARNING] [chart] [462330] 분봉 데이터 부족
[18:38:07] [DEBUG] [strategy] [KODEX 2차전지산업레버리지] 탈락: 매수세약(0.0%)
[18:38:08] [WARNING] [chart] [003060] 분봉 데이터 부족
[18:38:09] [DEBUG] [strategy] [에이프로젠바이오로직스] 탈락: 거래대금부족(197억), 시가총액미달(810억), 매수세약(0.0%)
[18:38:11] [WARNING] [chart] [452260] 분봉 데이터 부족
[18:38:12] [DEBUG] [strategy] [한화갤러리아] 탈락: 매수세약(0.0%)
[18:38:14] [WARNING] [chart] [001510] 분봉 데이터 부족
[18:38:15] [DEBUG] [strategy] [SK증권] 탈락: 매수세약(0.0%)
[18:38:16] [WARNING] [chart] [024840] 분봉 데이터 부족
[18:38:17] [DEBUG] [strategy] [KBI메탈] 탈락: 시가총액미달(876억), 매수세약(0.0%)
[18:38:18] [WARNING] [chart] [005930] 분봉 데이터 부족
[18:38:19] [DEBUG] [strategy] [삼성전자] 탈락: 매수세약(0.0%)
[18:38:21] [WARNING] [chart] [047040] 분봉 데이터 부족
[18:38:21] [DEBUG] [strategy] [대우건설] 탈락: 매수세약(0.0%)
[18:38:23] [WARNING] [chart] [122630] 분봉 데이터 부족
[18:38:24] [DEBUG] [strategy] [KODEX 레버리지] 탈락: 매수세약(0.0%)
[18:38:24] [INFO] [strategy] 조건 검색: 9개 → 필터 후 0개 후보
[18:38:24] [INFO] [simulate] 매수 후보 없음
[18:38:34] [INFO] [simulate] [18:38] 🔍 조건 검색 중...
[18:38:35] [INFO] [price] 거래량 순위 조회 완료: 9개 종목 (등락률 필터 후)
[18:38:37] [WARNING] [chart] [004410] 분봉 데이터 부족
[18:38:37] [DEBUG] [strategy] [서울식품] 탈락: 시가총액미달(905억), 매수세약(0.0%)
[18:38:39] [WARNING] [chart] [462330] 분봉 데이터 부족
[18:38:39] [DEBUG] [strategy] [KODEX 2차전지산업레버리지] 탈락: 매수세약(0.0%)
[18:38:42] [WARNING] [chart] [003060] 분봉 데이터 부족
[18:38:42] [DEBUG] [strategy] [에이프로젠바이오로직스] 탈락: 거래대금부족(197억), 시가총액미달(810억), 매수세약(0.0%)
[18:38:44] [WARNING] [chart] [452260] 분봉 데이터 부족
[18:38:45] [DEBUG] [strategy] [한화갤러리아] 탈락: 매수세약(0.0%)
[18:38:46] [WARNING] [chart] [001510] 분봉 데이터 부족
[18:38:47] [DEBUG] [strategy] [SK증권] 탈락: 매수세약(0.0%)
[18:38:49] [WARNING] [chart] [024840] 분봉 데이터 부족
[18:38:50] [DEBUG] [strategy] [KBI메탈] 탈락: 시가총액미달(876억), 매수세약(0.0%)
[18:38:51] [WARNING] [chart] [005930] 분봉 데이터 부족
[18:38:52] [DEBUG] [strategy] [삼성전자] 탈락: 매수세약(0.0%)
[18:38:54] [WARNING] [chart] [047040] 분봉 데이터 부족
[18:38:55] [DEBUG] [strategy] [대우건설] 탈락: 매수세약(0.0%)
[18:38:56] [WARNING] [chart] [122630] 분봉 데이터 부족
[18:38:57] [DEBUG] [strategy] [KODEX 레버리지] 탈락: 매수세약(0.0%)
[18:38:58] [INFO] [strategy] 조건 검색: 9개 → 필터 후 0개 후보
[18:38:58] [INFO] [simulate] 매수 후보 없음
[18:39:08] [INFO] [simulate] [18:39] 🔍 조건 검색 중...
[18:39:08] [INFO] [price] 거래량 순위 조회 완료: 9개 종목 (등락률 필터 후)
[18:39:09] [WARNING] [chart] [004410] 분봉 데이터 부족
[18:39:10] [DEBUG] [strategy] [서울식품] 탈락: 시가총액미달(905억), 매수세약(0.0%)
[18:39:12] [WARNING] [chart] [462330] 분봉 데이터 부족
[18:39:13] [DEBUG] [strategy] [KODEX 2차전지산업레버리지] 탈락: 매수세약(0.0%)
[18:39:15] [WARNING] [chart] [003060] 분봉 데이터 부족
[18:39:15] [DEBUG] [strategy] [에이프로젠바이오로직스] 탈락: 거래대금부족(197억), 시가총액미달(810억), 매수세약(0.0%)
[18:39:17] [WARNING] [chart] [452260] 분봉 데이터 부족
[18:39:18] [DEBUG] [strategy] [한화갤러리아] 탈락: 매수세약(0.0%)
[18:39:20] [WARNING] [chart] [001510] 분봉 데이터 부족
[18:39:21] [DEBUG] [strategy] [SK증권] 탈락: 매수세약(0.0%)
[18:39:22] [WARNING] [chart] [024840] 분봉 데이터 부족
[18:39:23] [DEBUG] [strategy] [KBI메탈] 탈락: 시가총액미달(876억), 매수세약(0.0%)
[18:39:25] [WARNING] [chart] [005930] 분봉 데이터 부족
[18:39:25] [DEBUG] [strategy] [삼성전자] 탈락: 매수세약(0.0%)
[18:39:27] [WARNING] [chart] [047040] 분봉 데이터 부족
[18:39:28] [DEBUG] [strategy] [대우건설] 탈락: 매수세약(0.0%)
[18:39:29] [WARNING] [chart] [122630] 분봉 데이터 부족
[18:39:30] [DEBUG] [strategy] [KODEX 레버리지] 탈락: 매수세약(0.0%)
[18:39:30] [INFO] [strategy] 조건 검색: 9개 → 필터 후 0개 후보
[18:39:30] [INFO] [simulate] 매수 후보 없음
[18:39:40] [INFO] [simulate] [18:39] 🔍 조건 검색 중...
[18:39:41] [INFO] [price] 거래량 순위 조회 완료: 9개 종목 (등락률 필터 후)
[18:39:42] [WARNING] [chart] [004410] 분봉 데이터 부족
[18:39:43] [DEBUG] [strategy] [서울식품] 탈락: 시가총액미달(905억), 매수세약(0.0%)
[18:39:45] [WARNING] [chart] [462330] 분봉 데이터 부족
[18:39:45] [DEBUG] [strategy] [KODEX 2차전지산업레버리지] 탈락: 매수세약(0.0%)
[18:39:47] [WARNING] [chart] [003060] 분봉 데이터 부족
[18:39:48] [DEBUG] [strategy] [에이프로젠바이오로직스] 탈락: 거래대금부족(197억), 시가총액미달(810억), 매수세약(0.0%)
[18:39:49] [WARNING] [chart] [452260] 분봉 데이터 부족
[18:39:50] [DEBUG] [strategy] [한화갤러리아] 탈락: 매수세약(0.0%)
[18:39:52] [WARNING] [chart] [001510] 분봉 데이터 부족
[18:39:52] [DEBUG] [strategy] [SK증권] 탈락: 매수세약(0.0%)
[18:39:54] [WARNING] [chart] [024840] 분봉 데이터 부족
[18:39:55] [DEBUG] [strategy] [KBI메탈] 탈락: 시가총액미달(876억), 매수세약(0.0%)
[18:39:56] [WARNING] [chart] [005930] 분봉 데이터 부족
[18:39:57] [DEBUG] [strategy] [삼성전자] 탈락: 매수세약(0.0%)
[18:39:59] [WARNING] [chart] [047040] 분봉 데이터 부족
[18:39:59] [DEBUG] [strategy] [대우건설] 탈락: 매수세약(0.0%)
[18:40:01] [WARNING] [chart] [122630] 분봉 데이터 부족
[18:40:02] [DEBUG] [strategy] [KODEX 레버리지] 탈락: 매수세약(0.0%)
[18:40:02] [INFO] [strategy] 조건 검색: 9개 → 필터 후 0개 후보
[18:40:02] [INFO] [simulate] 매수 후보 없음
