[17:30:26] [INFO] [main] 토큰 발급 중...
[17:30:27] [INFO] [main] 기존 보유 종목 포지션 복원 중...
[17:30:28] [INFO] [strategy] 🔍 조건 검색 전략 시작
[17:30:28] [DEBUG] [strategy] [17:30] 조건 검색 시간 외 - 대기 중...
[17:30:28] [INFO] [main] ✅ 자동매매 시작! (종료: Ctrl+C)
[17:30:28] [INFO] [monitor] 📡 포지션 모니터링 시작
[17:30:28] [DEBUG] [monitor] 보유 포지션 없음 - 대기 중...
[17:30:28] [INFO] [main] ⏰ 장 마감 (15:20) - 프로그램 종료 중...
[17:30:33] [INFO] [monitor] 포지션 모니터링 종료
[17:30:38] [INFO] [main] 👋 자동매매 프로그램 종료
[18:07:27] [INFO] [main] 토큰 발급 중...
[18:07:28] [INFO] [main] 기존 보유 종목 포지션 복원 중...
[18:07:28] [INFO] [strategy] 🔍 조건 검색 전략 시작
[18:07:28] [DEBUG] [strategy] [18:07] 조건 검색 시간 외 - 대기 중...
[18:07:28] [INFO] [main] ✅ 자동매매 시작! (종료: Ctrl+C)
[18:07:28] [INFO] [monitor] 📡 포지션 모니터링 시작
[18:07:28] [DEBUG] [monitor] 보유 포지션 없음 - 대기 중...
[18:07:28] [INFO] [main] ⏰ 장 마감 (15:20) - 프로그램 종료 중...
[18:07:33] [INFO] [monitor] 포지션 모니터링 종료
[18:07:38] [INFO] [main] 👋 자동매매 프로그램 종료
